mode: atomic
github.com/open-telemetry/opentelemetry-collector-contrib/receiver/newrelicsqlserverreceiver/models/custom_types.go:20.51,21.18 1 0
github.com/open-telemetry/opentelemetry-collector-contrib/receiver/newrelicsqlserverreceiver/models/custom_types.go:21.18,24.3 2 0
github.com/open-telemetry/opentelemetry-collector-contrib/receiver/newrelicsqlserverreceiver/models/custom_types.go:26.2,26.27 1 0
github.com/open-telemetry/opentelemetry-collector-contrib/receiver/newrelicsqlserverreceiver/models/custom_types.go:27.14,30.13 2 0
github.com/open-telemetry/opentelemetry-collector-contrib/receiver/newrelicsqlserverreceiver/models/custom_types.go:31.10,32.73 1 0
github.com/open-telemetry/opentelemetry-collector-contrib/receiver/newrelicsqlserverreceiver/models/custom_types.go:37.36,39.2 1 0
github.com/open-telemetry/opentelemetry-collector-contrib/receiver/newrelicsqlserverreceiver/models/custom_types.go:42.35,44.2 1 0
github.com/open-telemetry/opentelemetry-collector-contrib/receiver/newrelicsqlserverreceiver/models/execution_plan_logger.go:20.52,52.2 3 0
github.com/open-telemetry/opentelemetry-collector-contrib/receiver/newrelicsqlserverreceiver/models/execution_plan_logger.go:55.91,56.21 1 0
github.com/open-telemetry/opentelemetry-collector-contrib/receiver/newrelicsqlserverreceiver/models/execution_plan_logger.go:56.21,59.3 2 0
github.com/open-telemetry/opentelemetry-collector-contrib/receiver/newrelicsqlserverreceiver/models/execution_plan_logger.go:62.2,87.38 5 0
github.com/open-telemetry/opentelemetry-collector-contrib/receiver/newrelicsqlserverreceiver/models/execution_plan_logger.go:87.38,89.3 1 0
github.com/open-telemetry/opentelemetry-collector-contrib/receiver/newrelicsqlserverreceiver/models/execution_plan_logger.go:93.79,94.17 1 0
github.com/open-telemetry/opentelemetry-collector-contrib/receiver/newrelicsqlserverreceiver/models/execution_plan_logger.go:94.17,97.3 2 0
github.com/open-telemetry/opentelemetry-collector-contrib/receiver/newrelicsqlserverreceiver/models/execution_plan_logger.go:100.2,140.35 5 0
github.com/open-telemetry/opentelemetry-collector-contrib/receiver/newrelicsqlserverreceiver/models/execution_plan_logger.go:144.107,151.29 6 0
github.com/open-telemetry/opentelemetry-collector-contrib/receiver/newrelicsqlserverreceiver/models/execution_plan_logger.go:151.29,156.25 4 0
github.com/open-telemetry/opentelemetry-collector-contrib/receiver/newrelicsqlserverreceiver/models/execution_plan_logger.go:156.25,158.4 1 0
github.com/open-telemetry/opentelemetry-collector-contrib/receiver/newrelicsqlserverreceiver/models/execution_plan_logger.go:159.3,159.27 1 0
github.com/open-telemetry/opentelemetry-collector-contrib/receiver/newrelicsqlserverreceiver/models/execution_plan_logger.go:159.27,161.4 1 0
github.com/open-telemetry/opentelemetry-collector-contrib/receiver/newrelicsqlserverreceiver/models/execution_plan_logger.go:164.2,171.3 1 0
github.com/open-telemetry/opentelemetry-collector-contrib/receiver/newrelicsqlserverreceiver/models/execution_plan_logger.go:175.111,186.29 5 0
github.com/open-telemetry/opentelemetry-collector-contrib/receiver/newrelicsqlserverreceiver/models/execution_plan_logger.go:186.29,188.25 1 0
github.com/open-telemetry/opentelemetry-collector-contrib/receiver/newrelicsqlserverreceiver/models/execution_plan_logger.go:188.25,190.4 1 0
github.com/open-telemetry/opentelemetry-collector-contrib/receiver/newrelicsqlserverreceiver/models/execution_plan_logger.go:192.3,192.27 1 0
github.com/open-telemetry/opentelemetry-collector-contrib/receiver/newrelicsqlserverreceiver/models/execution_plan_logger.go:192.27,194.4 1 0
github.com/open-telemetry/opentelemetry-collector-contrib/receiver/newrelicsqlserverreceiver/models/execution_plan_logger.go:197.3,197.35 1 0
github.com/open-telemetry/opentelemetry-collector-contrib/receiver/newrelicsqlserverreceiver/models/execution_plan_logger.go:197.35,199.4 1 0
github.com/open-telemetry/opentelemetry-collector-contrib/receiver/newrelicsqlserverreceiver/models/execution_plan_logger.go:202.3,202.78 1 0
github.com/open-telemetry/opentelemetry-collector-contrib/receiver/newrelicsqlserverreceiver/models/execution_plan_logger.go:202.78,204.4 1 0
github.com/open-telemetry/opentelemetry-collector-contrib/receiver/newrelicsqlserverreceiver/models/execution_plan_logger.go:206.3,206.38 1 0
github.com/open-telemetry/opentelemetry-collector-contrib/receiver/newrelicsqlserverreceiver/models/execution_plan_logger.go:206.38,208.4 1 0
github.com/open-telemetry/opentelemetry-collector-contrib/receiver/newrelicsqlserverreceiver/models/execution_plan_logger.go:211.2,215.17 4 0
github.com/open-telemetry/opentelemetry-collector-contrib/receiver/newrelicsqlserverreceiver/models/execution_plan_logger.go:219.78,238.56 2 0
github.com/open-telemetry/opentelemetry-collector-contrib/receiver/newrelicsqlserverreceiver/models/execution_plan_logger.go:238.56,240.3 1 0
github.com/open-telemetry/opentelemetry-collector-contrib/receiver/newrelicsqlserverreceiver/models/execution_plan_logger.go:241.2,241.16 1 0
github.com/open-telemetry/opentelemetry-collector-contrib/receiver/newrelicsqlserverreceiver/models/execution_plan_logger.go:245.89,246.35 1 0
github.com/open-telemetry/opentelemetry-collector-contrib/receiver/newrelicsqlserverreceiver/models/execution_plan_logger.go:246.35,248.3 1 0
github.com/open-telemetry/opentelemetry-collector-contrib/receiver/newrelicsqlserverreceiver/models/execution_plan_logger.go:249.2,249.34 1 0
github.com/open-telemetry/opentelemetry-collector-contrib/receiver/newrelicsqlserverreceiver/models/execution_plan_logger.go:249.34,251.3 1 0
github.com/open-telemetry/opentelemetry-collector-contrib/receiver/newrelicsqlserverreceiver/models/execution_plan_logger.go:252.2,252.14 1 0
github.com/open-telemetry/opentelemetry-collector-contrib/receiver/newrelicsqlserverreceiver/models/execution_plan_logger.go:256.93,259.24 2 0
github.com/open-telemetry/opentelemetry-collector-contrib/receiver/newrelicsqlserverreceiver/models/execution_plan_logger.go:259.24,261.3 1 0
github.com/open-telemetry/opentelemetry-collector-contrib/receiver/newrelicsqlserverreceiver/models/execution_plan_logger.go:263.2,263.26 1 0
github.com/open-telemetry/opentelemetry-collector-contrib/receiver/newrelicsqlserverreceiver/models/execution_plan_logger.go:263.26,265.3 1 0
github.com/open-telemetry/opentelemetry-collector-contrib/receiver/newrelicsqlserverreceiver/models/execution_plan_logger.go:267.2,267.37 1 0
github.com/open-telemetry/opentelemetry-collector-contrib/receiver/newrelicsqlserverreceiver/models/execution_plan_logger.go:267.37,269.3 1 0
github.com/open-telemetry/opentelemetry-collector-contrib/receiver/newrelicsqlserverreceiver/models/execution_plan_logger.go:271.2,271.82 1 0
github.com/open-telemetry/opentelemetry-collector-contrib/receiver/newrelicsqlserverreceiver/models/execution_plan_logger.go:271.82,272.32 1 0
github.com/open-telemetry/opentelemetry-collector-contrib/receiver/newrelicsqlserverreceiver/models/execution_plan_logger.go:272.32,274.4 1 0
github.com/open-telemetry/opentelemetry-collector-contrib/receiver/newrelicsqlserverreceiver/models/execution_plan_logger.go:277.2,277.34 1 0
github.com/open-telemetry/opentelemetry-collector-contrib/receiver/newrelicsqlserverreceiver/models/execution_plan_logger.go:277.34,279.3 1 0
github.com/open-telemetry/opentelemetry-collector-contrib/receiver/newrelicsqlserverreceiver/models/execution_plan_logger.go:281.2,281.14 1 0
github.com/open-telemetry/opentelemetry-collector-contrib/receiver/newrelicsqlserverreceiver/models/execution_plan_logger.go:285.109,286.21 1 0
github.com/open-telemetry/opentelemetry-collector-contrib/receiver/newrelicsqlserverreceiver/models/execution_plan_logger.go:286.21,288.3 1 0
github.com/open-telemetry/opentelemetry-collector-contrib/receiver/newrelicsqlserverreceiver/models/execution_plan_logger.go:290.2,293.29 3 0
github.com/open-telemetry/opentelemetry-collector-contrib/receiver/newrelicsqlserverreceiver/models/execution_plan_logger.go:293.29,294.38 1 0
github.com/open-telemetry/opentelemetry-collector-contrib/receiver/newrelicsqlserverreceiver/models/execution_plan_logger.go:294.38,297.4 2 0
github.com/open-telemetry/opentelemetry-collector-contrib/receiver/newrelicsqlserverreceiver/models/execution_plan_logger.go:300.2,300.26 1 0
github.com/open-telemetry/opentelemetry-collector-contrib/receiver/newrelicsqlserverreceiver/models/execution_plan_logger.go:300.26,302.3 1 0
github.com/open-telemetry/opentelemetry-collector-contrib/receiver/newrelicsqlserverreceiver/models/execution_plan_logger.go:304.2,309.3 1 0
github.com/open-telemetry/opentelemetry-collector-contrib/receiver/newrelicsqlserverreceiver/models/execution_plan_logger.go:313.93,314.21 1 0
github.com/open-telemetry/opentelemetry-collector-contrib/receiver/newrelicsqlserverreceiver/models/execution_plan_logger.go:314.21,316.3 1 0
github.com/open-telemetry/opentelemetry-collector-contrib/receiver/newrelicsqlserverreceiver/models/execution_plan_logger.go:319.2,320.16 2 0
github.com/open-telemetry/opentelemetry-collector-contrib/receiver/newrelicsqlserverreceiver/models/execution_plan_logger.go:320.16,322.3 1 0
github.com/open-telemetry/opentelemetry-collector-contrib/receiver/newrelicsqlserverreceiver/models/execution_plan_logger.go:325.2,333.12 2 0
github.com/open-telemetry/opentelemetry-collector-contrib/receiver/newrelicsqlserverreceiver/models/execution_plan_parser.go:258.97,259.19 1 0
github.com/open-telemetry/opentelemetry-collector-contrib/receiver/newrelicsqlserverreceiver/models/execution_plan_parser.go:259.19,261.3 1 0
github.com/open-telemetry/opentelemetry-collector-contrib/receiver/newrelicsqlserverreceiver/models/execution_plan_parser.go:263.2,265.16 3 0
github.com/open-telemetry/opentelemetry-collector-contrib/receiver/newrelicsqlserverreceiver/models/execution_plan_parser.go:265.16,267.3 1 0
github.com/open-telemetry/opentelemetry-collector-contrib/receiver/newrelicsqlserverreceiver/models/execution_plan_parser.go:269.2,277.81 2 0
github.com/open-telemetry/opentelemetry-collector-contrib/receiver/newrelicsqlserverreceiver/models/execution_plan_parser.go:277.81,279.32 2 0
github.com/open-telemetry/opentelemetry-collector-contrib/receiver/newrelicsqlserverreceiver/models/execution_plan_parser.go:279.32,284.82 3 0
github.com/open-telemetry/opentelemetry-collector-contrib/receiver/newrelicsqlserverreceiver/models/execution_plan_parser.go:284.82,286.5 1 0
github.com/open-telemetry/opentelemetry-collector-contrib/receiver/newrelicsqlserverreceiver/models/execution_plan_parser.go:289.4,291.78 3 0
github.com/open-telemetry/opentelemetry-collector-contrib/receiver/newrelicsqlserverreceiver/models/execution_plan_parser.go:291.78,293.5 1 0
github.com/open-telemetry/opentelemetry-collector-contrib/receiver/newrelicsqlserverreceiver/models/execution_plan_parser.go:294.4,294.84 1 0
github.com/open-telemetry/opentelemetry-collector-contrib/receiver/newrelicsqlserverreceiver/models/execution_plan_parser.go:294.84,296.5 1 0
github.com/open-telemetry/opentelemetry-collector-contrib/receiver/newrelicsqlserverreceiver/models/execution_plan_parser.go:299.4,300.95 2 0
github.com/open-telemetry/opentelemetry-collector-contrib/receiver/newrelicsqlserverreceiver/models/execution_plan_parser.go:304.2,304.22 1 0
github.com/open-telemetry/opentelemetry-collector-contrib/receiver/newrelicsqlserverreceiver/models/execution_plan_parser.go:308.160,309.18 1 0
github.com/open-telemetry/opentelemetry-collector-contrib/receiver/newrelicsqlserverreceiver/models/execution_plan_parser.go:309.18,311.3 1 0
github.com/open-telemetry/opentelemetry-collector-contrib/receiver/newrelicsqlserverreceiver/models/execution_plan_parser.go:313.2,333.72 5 0
github.com/open-telemetry/opentelemetry-collector-contrib/receiver/newrelicsqlserverreceiver/models/execution_plan_parser.go:333.72,335.3 1 0
github.com/open-telemetry/opentelemetry-collector-contrib/receiver/newrelicsqlserverreceiver/models/execution_plan_parser.go:336.2,336.70 1 0
github.com/open-telemetry/opentelemetry-collector-contrib/receiver/newrelicsqlserverreceiver/models/execution_plan_parser.go:336.70,338.3 1 0
github.com/open-telemetry/opentelemetry-collector-contrib/receiver/newrelicsqlserverreceiver/models/execution_plan_parser.go:339.2,339.71 1 0
github.com/open-telemetry/opentelemetry-collector-contrib/receiver/newrelicsqlserverreceiver/models/execution_plan_parser.go:339.71,341.3 1 0
github.com/open-telemetry/opentelemetry-collector-contrib/receiver/newrelicsqlserverreceiver/models/execution_plan_parser.go:342.2,342.70 1 0
github.com/open-telemetry/opentelemetry-collector-contrib/receiver/newrelicsqlserverreceiver/models/execution_plan_parser.go:342.70,344.3 1 0
github.com/open-telemetry/opentelemetry-collector-contrib/receiver/newrelicsqlserverreceiver/models/execution_plan_parser.go:345.2,345.85 1 0
github.com/open-telemetry/opentelemetry-collector-contrib/receiver/newrelicsqlserverreceiver/models/execution_plan_parser.go:345.85,348.3 2 0
github.com/open-telemetry/opentelemetry-collector-contrib/receiver/newrelicsqlserverreceiver/models/execution_plan_parser.go:351.2,351.92 1 0
github.com/open-telemetry/opentelemetry-collector-contrib/receiver/newrelicsqlserverreceiver/models/execution_plan_parser.go:351.92,354.78 2 0
github.com/open-telemetry/opentelemetry-collector-contrib/receiver/newrelicsqlserverreceiver/models/execution_plan_parser.go:354.78,357.4 2 0
github.com/open-telemetry/opentelemetry-collector-contrib/receiver/newrelicsqlserverreceiver/models/execution_plan_parser.go:358.3,358.74 1 0
github.com/open-telemetry/opentelemetry-collector-contrib/receiver/newrelicsqlserverreceiver/models/execution_plan_parser.go:358.74,360.4 1 0
github.com/open-telemetry/opentelemetry-collector-contrib/receiver/newrelicsqlserverreceiver/models/execution_plan_parser.go:361.3,361.83 1 0
github.com/open-telemetry/opentelemetry-collector-contrib/receiver/newrelicsqlserverreceiver/models/execution_plan_parser.go:361.83,363.4 1 0
github.com/open-telemetry/opentelemetry-collector-contrib/receiver/newrelicsqlserverreceiver/models/execution_plan_parser.go:364.3,364.81 1 0
github.com/open-telemetry/opentelemetry-collector-contrib/receiver/newrelicsqlserverreceiver/models/execution_plan_parser.go:364.81,366.4 1 0
github.com/open-telemetry/opentelemetry-collector-contrib/receiver/newrelicsqlserverreceiver/models/execution_plan_parser.go:370.2,370.61 1 0
github.com/open-telemetry/opentelemetry-collector-contrib/receiver/newrelicsqlserverreceiver/models/execution_plan_parser.go:370.61,375.3 4 0
github.com/open-telemetry/opentelemetry-collector-contrib/receiver/newrelicsqlserverreceiver/models/execution_plan_parser.go:378.2,378.29 1 0
github.com/open-telemetry/opentelemetry-collector-contrib/receiver/newrelicsqlserverreceiver/models/execution_plan_parser.go:378.29,380.59 2 0
github.com/open-telemetry/opentelemetry-collector-contrib/receiver/newrelicsqlserverreceiver/models/execution_plan_parser.go:380.59,381.27 1 0
github.com/open-telemetry/opentelemetry-collector-contrib/receiver/newrelicsqlserverreceiver/models/execution_plan_parser.go:381.27,383.5 1 0
github.com/open-telemetry/opentelemetry-collector-contrib/receiver/newrelicsqlserverreceiver/models/execution_plan_parser.go:385.3,385.55 1 0
github.com/open-telemetry/opentelemetry-collector-contrib/receiver/newrelicsqlserverreceiver/models/execution_plan_parser.go:389.2,389.97 1 0
github.com/open-telemetry/opentelemetry-collector-contrib/receiver/newrelicsqlserverreceiver/models/execution_plan_parser.go:389.97,391.69 2 0
github.com/open-telemetry/opentelemetry-collector-contrib/receiver/newrelicsqlserverreceiver/models/execution_plan_parser.go:391.69,392.27 1 0
github.com/open-telemetry/opentelemetry-collector-contrib/receiver/newrelicsqlserverreceiver/models/execution_plan_parser.go:392.27,394.5 1 0
github.com/open-telemetry/opentelemetry-collector-contrib/receiver/newrelicsqlserverreceiver/models/execution_plan_parser.go:396.3,396.55 1 0
github.com/open-telemetry/opentelemetry-collector-contrib/receiver/newrelicsqlserverreceiver/models/execution_plan_parser.go:400.2,410.26 5 0
github.com/open-telemetry/opentelemetry-collector-contrib/receiver/newrelicsqlserverreceiver/models/execution_plan_parser.go:410.26,412.3 1 0
github.com/open-telemetry/opentelemetry-collector-contrib/receiver/newrelicsqlserverreceiver/models/execution_plan_parser.go:413.2,413.28 1 0
github.com/open-telemetry/opentelemetry-collector-contrib/receiver/newrelicsqlserverreceiver/models/execution_plan_parser.go:413.28,415.3 1 0
github.com/open-telemetry/opentelemetry-collector-contrib/receiver/newrelicsqlserverreceiver/models/execution_plan_parser.go:418.2,418.29 1 0
github.com/open-telemetry/opentelemetry-collector-contrib/receiver/newrelicsqlserverreceiver/models/execution_plan_parser.go:418.29,420.3 1 0
github.com/open-telemetry/opentelemetry-collector-contrib/receiver/newrelicsqlserverreceiver/models/execution_plan_parser.go:423.2,423.30 1 0
github.com/open-telemetry/opentelemetry-collector-contrib/receiver/newrelicsqlserverreceiver/models/execution_plan_parser.go:423.30,424.42 1 0
github.com/open-telemetry/opentelemetry-collector-contrib/receiver/newrelicsqlserverreceiver/models/execution_plan_parser.go:424.42,426.4 1 0
github.com/open-telemetry/opentelemetry-collector-contrib/receiver/newrelicsqlserverreceiver/models/execution_plan_parser.go:428.2,428.23 1 0
github.com/open-telemetry/opentelemetry-collector-contrib/receiver/newrelicsqlserverreceiver/models/execution_plan_parser.go:428.23,429.35 1 0
github.com/open-telemetry/opentelemetry-collector-contrib/receiver/newrelicsqlserverreceiver/models/execution_plan_parser.go:429.35,431.4 1 0
github.com/open-telemetry/opentelemetry-collector-contrib/receiver/newrelicsqlserverreceiver/models/execution_plan_parser.go:433.2,433.23 1 0
github.com/open-telemetry/opentelemetry-collector-contrib/receiver/newrelicsqlserverreceiver/models/execution_plan_parser.go:433.23,434.35 1 0
github.com/open-telemetry/opentelemetry-collector-contrib/receiver/newrelicsqlserverreceiver/models/execution_plan_parser.go:434.35,436.4 1 0
github.com/open-telemetry/opentelemetry-collector-contrib/receiver/newrelicsqlserverreceiver/models/execution_plan_parser.go:438.2,438.28 1 0
github.com/open-telemetry/opentelemetry-collector-contrib/receiver/newrelicsqlserverreceiver/models/execution_plan_parser.go:438.28,439.40 1 0
github.com/open-telemetry/opentelemetry-collector-contrib/receiver/newrelicsqlserverreceiver/models/execution_plan_parser.go:439.40,441.4 1 0
github.com/open-telemetry/opentelemetry-collector-contrib/receiver/newrelicsqlserverreceiver/models/execution_plan_parser.go:443.2,443.25 1 0
github.com/open-telemetry/opentelemetry-collector-contrib/receiver/newrelicsqlserverreceiver/models/execution_plan_parser.go:443.25,444.37 1 0
github.com/open-telemetry/opentelemetry-collector-contrib/receiver/newrelicsqlserverreceiver/models/execution_plan_parser.go:444.37,446.4 1 0
github.com/open-telemetry/opentelemetry-collector-contrib/receiver/newrelicsqlserverreceiver/models/execution_plan_parser.go:448.2,448.32 1 0
github.com/open-telemetry/opentelemetry-collector-contrib/receiver/newrelicsqlserverreceiver/models/execution_plan_parser.go:448.32,449.44 1 0
github.com/open-telemetry/opentelemetry-collector-contrib/receiver/newrelicsqlserverreceiver/models/execution_plan_parser.go:449.44,451.4 1 0
github.com/open-telemetry/opentelemetry-collector-contrib/receiver/newrelicsqlserverreceiver/models/execution_plan_parser.go:453.2,453.34 1 0
github.com/open-telemetry/opentelemetry-collector-contrib/receiver/newrelicsqlserverreceiver/models/execution_plan_parser.go:453.34,454.46 1 0
github.com/open-telemetry/opentelemetry-collector-contrib/receiver/newrelicsqlserverreceiver/models/execution_plan_parser.go:454.46,456.4 1 0
github.com/open-telemetry/opentelemetry-collector-contrib/receiver/newrelicsqlserverreceiver/models/execution_plan_parser.go:458.2,458.24 1 0
github.com/open-telemetry/opentelemetry-collector-contrib/receiver/newrelicsqlserverreceiver/models/execution_plan_parser.go:458.24,459.36 1 0
github.com/open-telemetry/opentelemetry-collector-contrib/receiver/newrelicsqlserverreceiver/models/execution_plan_parser.go:459.36,461.4 1 0
github.com/open-telemetry/opentelemetry-collector-contrib/receiver/newrelicsqlserverreceiver/models/execution_plan_parser.go:463.2,463.32 1 0
github.com/open-telemetry/opentelemetry-collector-contrib/receiver/newrelicsqlserverreceiver/models/execution_plan_parser.go:463.32,464.44 1 0
github.com/open-telemetry/opentelemetry-collector-contrib/receiver/newrelicsqlserverreceiver/models/execution_plan_parser.go:464.44,466.4 1 0
github.com/open-telemetry/opentelemetry-collector-contrib/receiver/newrelicsqlserverreceiver/models/execution_plan_parser.go:468.2,468.30 1 0
github.com/open-telemetry/opentelemetry-collector-contrib/receiver/newrelicsqlserverreceiver/models/execution_plan_parser.go:468.30,469.42 1 0
github.com/open-telemetry/opentelemetry-collector-contrib/receiver/newrelicsqlserverreceiver/models/execution_plan_parser.go:469.42,471.4 1 0
github.com/open-telemetry/opentelemetry-collector-contrib/receiver/newrelicsqlserverreceiver/models/execution_plan_parser.go:476.39,482.41 3 0
github.com/open-telemetry/opentelemetry-collector-contrib/receiver/newrelicsqlserverreceiver/models/execution_plan_parser.go:482.41,483.40 1 0
github.com/open-telemetry/opentelemetry-collector-contrib/receiver/newrelicsqlserverreceiver/models/execution_plan_parser.go:483.40,486.103 1 0
github.com/open-telemetry/opentelemetry-collector-contrib/receiver/newrelicsqlserverreceiver/models/execution_plan_parser.go:486.103,488.5 1 0
github.com/open-telemetry/opentelemetry-collector-contrib/receiver/newrelicsqlserverreceiver/models/execution_plan_parser.go:491.2,491.14 1 0
github.com/open-telemetry/opentelemetry-collector-contrib/receiver/newrelicsqlserverreceiver/models/execution_plan_parser.go:495.54,500.39 3 0
github.com/open-telemetry/opentelemetry-collector-contrib/receiver/newrelicsqlserverreceiver/models/execution_plan_parser.go:500.39,501.39 1 0
github.com/open-telemetry/opentelemetry-collector-contrib/receiver/newrelicsqlserverreceiver/models/execution_plan_parser.go:501.39,503.93 1 0
github.com/open-telemetry/opentelemetry-collector-contrib/receiver/newrelicsqlserverreceiver/models/execution_plan_parser.go:503.93,505.5 1 0
github.com/open-telemetry/opentelemetry-collector-contrib/receiver/newrelicsqlserverreceiver/models/execution_plan_parser.go:508.2,508.14 1 0
github.com/open-telemetry/opentelemetry-collector-contrib/receiver/newrelicsqlserverreceiver/models/execution_plan_parser.go:514.155,515.22 1 0
github.com/open-telemetry/opentelemetry-collector-contrib/receiver/newrelicsqlserverreceiver/models/execution_plan_parser.go:515.22,517.3 1 0
github.com/open-telemetry/opentelemetry-collector-contrib/receiver/newrelicsqlserverreceiver/models/execution_plan_parser.go:520.2,521.69 2 0
github.com/open-telemetry/opentelemetry-collector-contrib/receiver/newrelicsqlserverreceiver/models/execution_plan_parser.go:521.69,523.3 1 0
github.com/open-telemetry/opentelemetry-collector-contrib/receiver/newrelicsqlserverreceiver/models/execution_plan_parser.go:526.2,533.29 2 0
github.com/open-telemetry/opentelemetry-collector-contrib/receiver/newrelicsqlserverreceiver/models/execution_plan_parser.go:533.29,534.47 1 0
github.com/open-telemetry/opentelemetry-collector-contrib/receiver/newrelicsqlserverreceiver/models/execution_plan_parser.go:534.47,536.4 1 0
github.com/open-telemetry/opentelemetry-collector-contrib/receiver/newrelicsqlserverreceiver/models/execution_plan_parser.go:537.3,537.48 1 0
github.com/open-telemetry/opentelemetry-collector-contrib/receiver/newrelicsqlserverreceiver/models/execution_plan_parser.go:537.48,539.4 1 0
github.com/open-telemetry/opentelemetry-collector-contrib/receiver/newrelicsqlserverreceiver/models/execution_plan_parser.go:540.3,540.43 1 0
github.com/open-telemetry/opentelemetry-collector-contrib/receiver/newrelicsqlserverreceiver/models/execution_plan_parser.go:540.43,542.4 1 0
github.com/open-telemetry/opentelemetry-collector-contrib/receiver/newrelicsqlserverreceiver/models/execution_plan_parser.go:546.2,546.142 1 0
github.com/open-telemetry/opentelemetry-collector-contrib/receiver/newrelicsqlserverreceiver/models/execution_plan_parser.go:546.142,548.3 1 0
github.com/open-telemetry/opentelemetry-collector-contrib/receiver/newrelicsqlserverreceiver/models/execution_plan_parser.go:550.2,554.61 3 0
github.com/open-telemetry/opentelemetry-collector-contrib/receiver/newrelicsqlserverreceiver/models/execution_plan_parser.go:554.61,556.3 1 0
github.com/open-telemetry/opentelemetry-collector-contrib/receiver/newrelicsqlserverreceiver/models/execution_plan_parser.go:557.2,560.80 2 0
github.com/open-telemetry/opentelemetry-collector-contrib/receiver/newrelicsqlserverreceiver/models/execution_plan_parser.go:560.80,563.3 2 0
github.com/open-telemetry/opentelemetry-collector-contrib/receiver/newrelicsqlserverreceiver/models/execution_plan_parser.go:564.2,564.76 1 0
github.com/open-telemetry/opentelemetry-collector-contrib/receiver/newrelicsqlserverreceiver/models/execution_plan_parser.go:564.76,566.3 1 0
github.com/open-telemetry/opentelemetry-collector-contrib/receiver/newrelicsqlserverreceiver/models/execution_plan_parser.go:569.2,571.71 3 0
github.com/open-telemetry/opentelemetry-collector-contrib/receiver/newrelicsqlserverreceiver/models/execution_plan_parser.go:571.71,573.3 1 0
github.com/open-telemetry/opentelemetry-collector-contrib/receiver/newrelicsqlserverreceiver/models/execution_plan_parser.go:574.2,574.74 1 0
github.com/open-telemetry/opentelemetry-collector-contrib/receiver/newrelicsqlserverreceiver/models/execution_plan_parser.go:574.74,576.3 1 0
github.com/open-telemetry/opentelemetry-collector-contrib/receiver/newrelicsqlserverreceiver/models/execution_plan_parser.go:577.2,577.76 1 0
github.com/open-telemetry/opentelemetry-collector-contrib/receiver/newrelicsqlserverreceiver/models/execution_plan_parser.go:577.76,580.3 2 0
github.com/open-telemetry/opentelemetry-collector-contrib/receiver/newrelicsqlserverreceiver/models/execution_plan_parser.go:581.2,581.80 1 0
github.com/open-telemetry/opentelemetry-collector-contrib/receiver/newrelicsqlserverreceiver/models/execution_plan_parser.go:581.80,583.3 1 0
github.com/open-telemetry/opentelemetry-collector-contrib/receiver/newrelicsqlserverreceiver/models/execution_plan_parser.go:584.2,584.72 1 0
github.com/open-telemetry/opentelemetry-collector-contrib/receiver/newrelicsqlserverreceiver/models/execution_plan_parser.go:584.72,586.3 1 0
github.com/open-telemetry/opentelemetry-collector-contrib/receiver/newrelicsqlserverreceiver/models/execution_plan_parser.go:589.2,590.87 2 0
github.com/open-telemetry/opentelemetry-collector-contrib/receiver/newrelicsqlserverreceiver/models/execution_plan_parser.go:590.87,592.38 2 0
github.com/open-telemetry/opentelemetry-collector-contrib/receiver/newrelicsqlserverreceiver/models/execution_plan_parser.go:592.38,594.4 1 0
github.com/open-telemetry/opentelemetry-collector-contrib/receiver/newrelicsqlserverreceiver/models/execution_plan_parser.go:596.2,596.70 1 0
github.com/open-telemetry/opentelemetry-collector-contrib/receiver/newrelicsqlserverreceiver/models/execution_plan_parser.go:596.70,598.3 1 0
github.com/open-telemetry/opentelemetry-collector-contrib/receiver/newrelicsqlserverreceiver/models/execution_plan_parser.go:599.2,599.72 1 0
github.com/open-telemetry/opentelemetry-collector-contrib/receiver/newrelicsqlserverreceiver/models/execution_plan_parser.go:599.72,601.3 1 0
github.com/open-telemetry/opentelemetry-collector-contrib/receiver/newrelicsqlserverreceiver/models/execution_plan_parser.go:602.2,602.74 1 0
github.com/open-telemetry/opentelemetry-collector-contrib/receiver/newrelicsqlserverreceiver/models/execution_plan_parser.go:602.74,604.3 1 0
github.com/open-telemetry/opentelemetry-collector-contrib/receiver/newrelicsqlserverreceiver/models/execution_plan_parser.go:607.2,621.21 10 0
github.com/open-telemetry/opentelemetry-collector-contrib/receiver/newrelicsqlserverreceiver/models/execution_plan_parser.go:626.80,632.38 3 0
github.com/open-telemetry/opentelemetry-collector-contrib/receiver/newrelicsqlserverreceiver/models/execution_plan_parser.go:632.38,634.3 1 0
github.com/open-telemetry/opentelemetry-collector-contrib/receiver/newrelicsqlserverreceiver/models/execution_plan_parser.go:635.2,635.38 1 0
github.com/open-telemetry/opentelemetry-collector-contrib/receiver/newrelicsqlserverreceiver/models/execution_plan_parser.go:635.38,637.3 1 0
github.com/open-telemetry/opentelemetry-collector-contrib/receiver/newrelicsqlserverreceiver/models/execution_plan_parser.go:638.2,638.41 1 0
github.com/open-telemetry/opentelemetry-collector-contrib/receiver/newrelicsqlserverreceiver/models/execution_plan_parser.go:638.41,640.3 1 0
github.com/open-telemetry/opentelemetry-collector-contrib/receiver/newrelicsqlserverreceiver/models/execution_plan_parser.go:643.2,643.29 1 0
github.com/open-telemetry/opentelemetry-collector-contrib/receiver/newrelicsqlserverreceiver/models/execution_plan_parser.go:643.29,645.3 1 0
github.com/open-telemetry/opentelemetry-collector-contrib/receiver/newrelicsqlserverreceiver/models/execution_plan_parser.go:648.2,648.26 1 0
github.com/open-telemetry/opentelemetry-collector-contrib/receiver/newrelicsqlserverreceiver/models/execution_plan_parser.go:648.26,650.3 1 0
github.com/open-telemetry/opentelemetry-collector-contrib/receiver/newrelicsqlserverreceiver/models/execution_plan_parser.go:651.2,651.28 1 0
github.com/open-telemetry/opentelemetry-collector-contrib/receiver/newrelicsqlserverreceiver/models/execution_plan_parser.go:651.28,653.3 1 0
github.com/open-telemetry/opentelemetry-collector-contrib/receiver/newrelicsqlserverreceiver/models/execution_plan_parser.go:656.2,656.28 1 0
github.com/open-telemetry/opentelemetry-collector-contrib/receiver/newrelicsqlserverreceiver/models/execution_plan_parser.go:656.28,657.40 1 0
github.com/open-telemetry/opentelemetry-collector-contrib/receiver/newrelicsqlserverreceiver/models/execution_plan_parser.go:657.40,659.4 1 0
github.com/open-telemetry/opentelemetry-collector-contrib/receiver/newrelicsqlserverreceiver/models/execution_plan_parser.go:661.2,661.30 1 0
github.com/open-telemetry/opentelemetry-collector-contrib/receiver/newrelicsqlserverreceiver/models/execution_plan_parser.go:661.30,662.42 1 0
github.com/open-telemetry/opentelemetry-collector-contrib/receiver/newrelicsqlserverreceiver/models/execution_plan_parser.go:662.42,664.4 1 0
github.com/open-telemetry/opentelemetry-collector-contrib/receiver/newrelicsqlserverreceiver/models/execution_plan_parser.go:666.2,666.23 1 0
github.com/open-telemetry/opentelemetry-collector-contrib/receiver/newrelicsqlserverreceiver/models/execution_plan_parser.go:666.23,667.35 1 0
github.com/open-telemetry/opentelemetry-collector-contrib/receiver/newrelicsqlserverreceiver/models/execution_plan_parser.go:667.35,669.4 1 0
github.com/open-telemetry/opentelemetry-collector-contrib/receiver/newrelicsqlserverreceiver/models/execution_plan_parser.go:671.2,671.23 1 0
github.com/open-telemetry/opentelemetry-collector-contrib/receiver/newrelicsqlserverreceiver/models/execution_plan_parser.go:671.23,672.35 1 0
github.com/open-telemetry/opentelemetry-collector-contrib/receiver/newrelicsqlserverreceiver/models/execution_plan_parser.go:672.35,674.4 1 0
github.com/open-telemetry/opentelemetry-collector-contrib/receiver/newrelicsqlserverreceiver/models/execution_plan_parser.go:676.2,676.25 1 0
github.com/open-telemetry/opentelemetry-collector-contrib/receiver/newrelicsqlserverreceiver/models/execution_plan_parser.go:676.25,677.37 1 0
github.com/open-telemetry/opentelemetry-collector-contrib/receiver/newrelicsqlserverreceiver/models/execution_plan_parser.go:677.37,679.4 1 0
github.com/open-telemetry/opentelemetry-collector-contrib/receiver/newrelicsqlserverreceiver/models/execution_plan_parser.go:681.2,681.32 1 0
github.com/open-telemetry/opentelemetry-collector-contrib/receiver/newrelicsqlserverreceiver/models/execution_plan_parser.go:681.32,682.44 1 0
github.com/open-telemetry/opentelemetry-collector-contrib/receiver/newrelicsqlserverreceiver/models/execution_plan_parser.go:682.44,684.4 1 0
github.com/open-telemetry/opentelemetry-collector-contrib/receiver/newrelicsqlserverreceiver/models/execution_plan_parser.go:686.2,686.34 1 0
github.com/open-telemetry/opentelemetry-collector-contrib/receiver/newrelicsqlserverreceiver/models/execution_plan_parser.go:686.34,687.46 1 0
github.com/open-telemetry/opentelemetry-collector-contrib/receiver/newrelicsqlserverreceiver/models/execution_plan_parser.go:687.46,689.4 1 0
github.com/open-telemetry/opentelemetry-collector-contrib/receiver/newrelicsqlserverreceiver/models/execution_plan_parser.go:691.2,691.24 1 0
github.com/open-telemetry/opentelemetry-collector-contrib/receiver/newrelicsqlserverreceiver/models/execution_plan_parser.go:691.24,692.36 1 0
github.com/open-telemetry/opentelemetry-collector-contrib/receiver/newrelicsqlserverreceiver/models/execution_plan_parser.go:692.36,694.4 1 0
github.com/open-telemetry/opentelemetry-collector-contrib/receiver/newrelicsqlserverreceiver/models/execution_plan_parser.go:696.2,696.32 1 0
github.com/open-telemetry/opentelemetry-collector-contrib/receiver/newrelicsqlserverreceiver/models/execution_plan_parser.go:696.32,697.44 1 0
github.com/open-telemetry/opentelemetry-collector-contrib/receiver/newrelicsqlserverreceiver/models/execution_plan_parser.go:697.44,699.4 1 0
github.com/open-telemetry/opentelemetry-collector-contrib/receiver/newrelicsqlserverreceiver/models/execution_plan_parser.go:701.2,701.30 1 0
github.com/open-telemetry/opentelemetry-collector-contrib/receiver/newrelicsqlserverreceiver/models/execution_plan_parser.go:701.30,702.42 1 0
github.com/open-telemetry/opentelemetry-collector-contrib/receiver/newrelicsqlserverreceiver/models/execution_plan_parser.go:702.42,704.4 1 0
github.com/open-telemetry/opentelemetry-collector-contrib/receiver/newrelicsqlserverreceiver/queries/engine_selector.go:81.51,82.23 1 4
github.com/open-telemetry/opentelemetry-collector-contrib/receiver/newrelicsqlserverreceiver/queries/engine_selector.go:83.37,84.28 1 1
github.com/open-telemetry/opentelemetry-collector-contrib/receiver/newrelicsqlserverreceiver/queries/engine_selector.go:85.44,86.35 1 0
github.com/open-telemetry/opentelemetry-collector-contrib/receiver/newrelicsqlserverreceiver/queries/engine_selector.go:87.10,88.19 1 3
github.com/open-telemetry/opentelemetry-collector-contrib/receiver/newrelicsqlserverreceiver/queries/engine_selector.go:116.76,129.16 3 0
github.com/open-telemetry/opentelemetry-collector-contrib/receiver/newrelicsqlserverreceiver/queries/engine_selector.go:129.16,132.3 1 0
github.com/open-telemetry/opentelemetry-collector-contrib/receiver/newrelicsqlserverreceiver/queries/engine_selector.go:134.2,134.27 1 0
github.com/open-telemetry/opentelemetry-collector-contrib/receiver/newrelicsqlserverreceiver/queries/engine_selector.go:865.93,867.9 2 4
github.com/open-telemetry/opentelemetry-collector-contrib/receiver/newrelicsqlserverreceiver/queries/engine_selector.go:867.9,870.3 1 0
github.com/open-telemetry/opentelemetry-collector-contrib/receiver/newrelicsqlserverreceiver/queries/engine_selector.go:871.2,871.44 1 4
github.com/open-telemetry/opentelemetry-collector-contrib/receiver/newrelicsqlserverreceiver/queries/engine_selector.go:875.106,878.37 2 4
github.com/open-telemetry/opentelemetry-collector-contrib/receiver/newrelicsqlserverreceiver/queries/engine_selector.go:878.37,879.40 1 15
github.com/open-telemetry/opentelemetry-collector-contrib/receiver/newrelicsqlserverreceiver/queries/engine_selector.go:879.40,881.4 1 3
github.com/open-telemetry/opentelemetry-collector-contrib/receiver/newrelicsqlserverreceiver/queries/engine_selector.go:885.2,885.53 1 1
github.com/open-telemetry/opentelemetry-collector-contrib/receiver/newrelicsqlserverreceiver/queries/engine_selector.go:885.53,887.45 2 0
github.com/open-telemetry/opentelemetry-collector-contrib/receiver/newrelicsqlserverreceiver/queries/engine_selector.go:887.45,888.41 1 0
github.com/open-telemetry/opentelemetry-collector-contrib/receiver/newrelicsqlserverreceiver/queries/engine_selector.go:888.41,890.5 1 0
github.com/open-telemetry/opentelemetry-collector-contrib/receiver/newrelicsqlserverreceiver/queries/engine_selector.go:894.2,894.18 1 1
github.com/open-telemetry/opentelemetry-collector-contrib/receiver/newrelicsqlserverreceiver/queries/engine_selector.go:899.97,901.37 2 0
github.com/open-telemetry/opentelemetry-collector-contrib/receiver/newrelicsqlserverreceiver/queries/engine_selector.go:901.37,902.40 1 0
github.com/open-telemetry/opentelemetry-collector-contrib/receiver/newrelicsqlserverreceiver/queries/engine_selector.go:902.40,904.4 1 0
github.com/open-telemetry/opentelemetry-collector-contrib/receiver/newrelicsqlserverreceiver/queries/engine_selector.go:906.2,906.14 1 0
github.com/open-telemetry/opentelemetry-collector-contrib/receiver/newrelicsqlserverreceiver/queries/engine_selector.go:910.50,911.23 1 4
github.com/open-telemetry/opentelemetry-collector-contrib/receiver/newrelicsqlserverreceiver/queries/engine_selector.go:912.38,913.31 1 1
github.com/open-telemetry/opentelemetry-collector-contrib/receiver/newrelicsqlserverreceiver/queries/engine_selector.go:914.37,915.30 1 1
github.com/open-telemetry/opentelemetry-collector-contrib/receiver/newrelicsqlserverreceiver/queries/engine_selector.go:916.44,917.38 1 1
github.com/open-telemetry/opentelemetry-collector-contrib/receiver/newrelicsqlserverreceiver/queries/engine_selector.go:918.10,919.67 1 1
github.com/open-telemetry/opentelemetry-collector-contrib/receiver/newrelicsqlserverreceiver/queries/engine_selector.go:924.53,925.26 1 5
github.com/open-telemetry/opentelemetry-collector-contrib/receiver/newrelicsqlserverreceiver/queries/engine_selector.go:925.26,927.3 1 3
github.com/open-telemetry/opentelemetry-collector-contrib/receiver/newrelicsqlserverreceiver/queries/engine_selector.go:928.2,928.31 1 2
github.com/open-telemetry/opentelemetry-collector-contrib/receiver/newrelicsqlserverreceiver/scrapers/interval_calculator.go:115.112,116.19 1 6
github.com/open-telemetry/opentelemetry-collector-contrib/receiver/newrelicsqlserverreceiver/scrapers/interval_calculator.go:116.19,119.3 2 0
github.com/open-telemetry/opentelemetry-collector-contrib/receiver/newrelicsqlserverreceiver/scrapers/interval_calculator.go:121.2,126.3 1 6
github.com/open-telemetry/opentelemetry-collector-contrib/receiver/newrelicsqlserverreceiver/scrapers/interval_calculator.go:131.126,132.69 1 8
github.com/open-telemetry/opentelemetry-collector-contrib/receiver/newrelicsqlserverreceiver/scrapers/interval_calculator.go:132.69,134.3 1 0
github.com/open-telemetry/opentelemetry-collector-contrib/receiver/newrelicsqlserverreceiver/scrapers/interval_calculator.go:136.2,143.60 3 8
github.com/open-telemetry/opentelemetry-collector-contrib/receiver/newrelicsqlserverreceiver/scrapers/interval_calculator.go:143.60,145.3 1 8
github.com/open-telemetry/opentelemetry-collector-contrib/receiver/newrelicsqlserverreceiver/scrapers/interval_calculator.go:145.8,150.3 2 0
github.com/open-telemetry/opentelemetry-collector-contrib/receiver/newrelicsqlserverreceiver/scrapers/interval_calculator.go:153.2,169.41 10 8
github.com/open-telemetry/opentelemetry-collector-contrib/receiver/newrelicsqlserverreceiver/scrapers/interval_calculator.go:169.41,170.95 1 0
github.com/open-telemetry/opentelemetry-collector-contrib/receiver/newrelicsqlserverreceiver/scrapers/interval_calculator.go:170.95,172.4 1 0
github.com/open-telemetry/opentelemetry-collector-contrib/receiver/newrelicsqlserverreceiver/scrapers/interval_calculator.go:176.2,183.13 4 8
github.com/open-telemetry/opentelemetry-collector-contrib/receiver/newrelicsqlserverreceiver/scrapers/interval_calculator.go:183.13,186.28 1 6
github.com/open-telemetry/opentelemetry-collector-contrib/receiver/newrelicsqlserverreceiver/scrapers/interval_calculator.go:186.28,193.4 2 0
github.com/open-telemetry/opentelemetry-collector-contrib/receiver/newrelicsqlserverreceiver/scrapers/interval_calculator.go:195.3,249.4 4 6
github.com/open-telemetry/opentelemetry-collector-contrib/receiver/newrelicsqlserverreceiver/scrapers/interval_calculator.go:255.2,259.25 3 2
github.com/open-telemetry/opentelemetry-collector-contrib/receiver/newrelicsqlserverreceiver/scrapers/interval_calculator.go:259.25,303.3 4 0
github.com/open-telemetry/opentelemetry-collector-contrib/receiver/newrelicsqlserverreceiver/scrapers/interval_calculator.go:308.2,308.46 1 2
github.com/open-telemetry/opentelemetry-collector-contrib/receiver/newrelicsqlserverreceiver/scrapers/interval_calculator.go:308.46,309.25 1 0
github.com/open-telemetry/opentelemetry-collector-contrib/receiver/newrelicsqlserverreceiver/scrapers/interval_calculator.go:309.25,315.4 1 0
github.com/open-telemetry/opentelemetry-collector-contrib/receiver/newrelicsqlserverreceiver/scrapers/interval_calculator.go:316.3,316.25 1 0
github.com/open-telemetry/opentelemetry-collector-contrib/receiver/newrelicsqlserverreceiver/scrapers/interval_calculator.go:316.25,323.4 1 0
github.com/open-telemetry/opentelemetry-collector-contrib/receiver/newrelicsqlserverreceiver/scrapers/interval_calculator.go:326.3,370.4 3 0
github.com/open-telemetry/opentelemetry-collector-contrib/receiver/newrelicsqlserverreceiver/scrapers/interval_calculator.go:375.2,397.47 15 2
github.com/open-telemetry/opentelemetry-collector-contrib/receiver/newrelicsqlserverreceiver/scrapers/interval_calculator.go:397.47,405.3 1 0
github.com/open-telemetry/opentelemetry-collector-contrib/receiver/newrelicsqlserverreceiver/scrapers/interval_calculator.go:407.2,456.3 10 2
github.com/open-telemetry/opentelemetry-collector-contrib/receiver/newrelicsqlserverreceiver/scrapers/interval_calculator.go:461.77,466.51 3 0
github.com/open-telemetry/opentelemetry-collector-contrib/receiver/newrelicsqlserverreceiver/scrapers/interval_calculator.go:466.51,468.3 1 0
github.com/open-telemetry/opentelemetry-collector-contrib/receiver/newrelicsqlserverreceiver/scrapers/interval_calculator.go:470.2,473.45 3 0
github.com/open-telemetry/opentelemetry-collector-contrib/receiver/newrelicsqlserverreceiver/scrapers/interval_calculator.go:473.45,475.25 2 0
github.com/open-telemetry/opentelemetry-collector-contrib/receiver/newrelicsqlserverreceiver/scrapers/interval_calculator.go:475.25,478.4 2 0
github.com/open-telemetry/opentelemetry-collector-contrib/receiver/newrelicsqlserverreceiver/scrapers/interval_calculator.go:481.2,481.22 1 0
github.com/open-telemetry/opentelemetry-collector-contrib/receiver/newrelicsqlserverreceiver/scrapers/interval_calculator.go:481.22,486.3 1 0
github.com/open-telemetry/opentelemetry-collector-contrib/receiver/newrelicsqlserverreceiver/scrapers/interval_calculator.go:490.81,498.2 3 0
github.com/open-telemetry/opentelemetry-collector-contrib/receiver/newrelicsqlserverreceiver/scrapers/interval_calculator.go:501.50,507.2 4 0
github.com/open-telemetry/opentelemetry-collector-contrib/receiver/newrelicsqlserverreceiver/scrapers/interval_calculator.go:511.40,512.16 1 40
github.com/open-telemetry/opentelemetry-collector-contrib/receiver/newrelicsqlserverreceiver/scrapers/interval_calculator.go:512.16,514.3 1 0
github.com/open-telemetry/opentelemetry-collector-contrib/receiver/newrelicsqlserverreceiver/scrapers/interval_calculator.go:515.2,515.13 1 40
github.com/open-telemetry/opentelemetry-collector-contrib/receiver/newrelicsqlserverreceiver/scrapers/interval_calculator.go:518.46,519.16 1 24
github.com/open-telemetry/opentelemetry-collector-contrib/receiver/newrelicsqlserverreceiver/scrapers/interval_calculator.go:519.16,521.3 1 8
github.com/open-telemetry/opentelemetry-collector-contrib/receiver/newrelicsqlserverreceiver/scrapers/interval_calculator.go:522.2,522.13 1 16
github.com/open-telemetry/opentelemetry-collector-contrib/receiver/newrelicsqlserverreceiver/scrapers/interval_calculator_old_complex.go:81.118,82.19 1 0
github.com/open-telemetry/opentelemetry-collector-contrib/receiver/newrelicsqlserverreceiver/scrapers/interval_calculator_old_complex.go:82.19,85.3 2 0
github.com/open-telemetry/opentelemetry-collector-contrib/receiver/newrelicsqlserverreceiver/scrapers/interval_calculator_old_complex.go:86.2,86.29 1 0
github.com/open-telemetry/opentelemetry-collector-contrib/receiver/newrelicsqlserverreceiver/scrapers/interval_calculator_old_complex.go:86.29,89.3 2 0
github.com/open-telemetry/opentelemetry-collector-contrib/receiver/newrelicsqlserverreceiver/scrapers/interval_calculator_old_complex.go:91.2,97.3 1 0
github.com/open-telemetry/opentelemetry-collector-contrib/receiver/newrelicsqlserverreceiver/scrapers/interval_calculator_old_complex.go:102.113,103.69 1 0
github.com/open-telemetry/opentelemetry-collector-contrib/receiver/newrelicsqlserverreceiver/scrapers/interval_calculator_old_complex.go:103.69,106.3 2 0
github.com/open-telemetry/opentelemetry-collector-contrib/receiver/newrelicsqlserverreceiver/scrapers/interval_calculator_old_complex.go:108.2,125.13 8 0
github.com/open-telemetry/opentelemetry-collector-contrib/receiver/newrelicsqlserverreceiver/scrapers/interval_calculator_old_complex.go:125.13,150.3 4 0
github.com/open-telemetry/opentelemetry-collector-contrib/receiver/newrelicsqlserverreceiver/scrapers/interval_calculator_old_complex.go:154.2,154.49 1 0
github.com/open-telemetry/opentelemetry-collector-contrib/receiver/newrelicsqlserverreceiver/scrapers/interval_calculator_old_complex.go:154.49,179.3 4 0
github.com/open-telemetry/opentelemetry-collector-contrib/receiver/newrelicsqlserverreceiver/scrapers/interval_calculator_old_complex.go:182.2,187.25 3 0
github.com/open-telemetry/opentelemetry-collector-contrib/receiver/newrelicsqlserverreceiver/scrapers/interval_calculator_old_complex.go:187.25,190.26 2 0
github.com/open-telemetry/opentelemetry-collector-contrib/receiver/newrelicsqlserverreceiver/scrapers/interval_calculator_old_complex.go:190.26,191.86 1 0
github.com/open-telemetry/opentelemetry-collector-contrib/receiver/newrelicsqlserverreceiver/scrapers/interval_calculator_old_complex.go:191.86,193.5 1 0
github.com/open-telemetry/opentelemetry-collector-contrib/receiver/newrelicsqlserverreceiver/scrapers/interval_calculator_old_complex.go:196.3,212.4 3 0
github.com/open-telemetry/opentelemetry-collector-contrib/receiver/newrelicsqlserverreceiver/scrapers/interval_calculator_old_complex.go:217.2,217.66 1 0
github.com/open-telemetry/opentelemetry-collector-contrib/receiver/newrelicsqlserverreceiver/scrapers/interval_calculator_old_complex.go:217.66,224.25 3 0
github.com/open-telemetry/opentelemetry-collector-contrib/receiver/newrelicsqlserverreceiver/scrapers/interval_calculator_old_complex.go:224.25,226.4 1 0
github.com/open-telemetry/opentelemetry-collector-contrib/receiver/newrelicsqlserverreceiver/scrapers/interval_calculator_old_complex.go:229.3,241.4 4 0
github.com/open-telemetry/opentelemetry-collector-contrib/receiver/newrelicsqlserverreceiver/scrapers/interval_calculator_old_complex.go:246.2,266.3 6 0
github.com/open-telemetry/opentelemetry-collector-contrib/receiver/newrelicsqlserverreceiver/scrapers/interval_calculator_old_complex.go:270.66,275.50 3 0
github.com/open-telemetry/opentelemetry-collector-contrib/receiver/newrelicsqlserverreceiver/scrapers/interval_calculator_old_complex.go:275.50,277.3 1 0
github.com/open-telemetry/opentelemetry-collector-contrib/receiver/newrelicsqlserverreceiver/scrapers/interval_calculator_old_complex.go:279.2,282.44 3 0
github.com/open-telemetry/opentelemetry-collector-contrib/receiver/newrelicsqlserverreceiver/scrapers/interval_calculator_old_complex.go:282.44,284.29 2 0
github.com/open-telemetry/opentelemetry-collector-contrib/receiver/newrelicsqlserverreceiver/scrapers/interval_calculator_old_complex.go:284.29,287.4 2 0
github.com/open-telemetry/opentelemetry-collector-contrib/receiver/newrelicsqlserverreceiver/scrapers/interval_calculator_old_complex.go:290.2,290.22 1 0
github.com/open-telemetry/opentelemetry-collector-contrib/receiver/newrelicsqlserverreceiver/scrapers/interval_calculator_old_complex.go:290.22,294.3 1 0
github.com/open-telemetry/opentelemetry-collector-contrib/receiver/newrelicsqlserverreceiver/scrapers/interval_calculator_old_complex.go:298.70,307.2 3 0
github.com/open-telemetry/opentelemetry-collector-contrib/receiver/newrelicsqlserverreceiver/scrapers/interval_calculator_old_complex.go:310.39,316.2 4 0
github.com/open-telemetry/opentelemetry-collector-contrib/receiver/newrelicsqlserverreceiver/scrapers/interval_calculator_old_complex.go:320.47,321.16 1 0
github.com/open-telemetry/opentelemetry-collector-contrib/receiver/newrelicsqlserverreceiver/scrapers/interval_calculator_old_complex.go:321.16,323.3 1 0
github.com/open-telemetry/opentelemetry-collector-contrib/receiver/newrelicsqlserverreceiver/scrapers/interval_calculator_old_complex.go:324.2,324.13 1 0
github.com/open-telemetry/opentelemetry-collector-contrib/receiver/newrelicsqlserverreceiver/scrapers/interval_calculator_old_complex.go:327.53,328.16 1 0
github.com/open-telemetry/opentelemetry-collector-contrib/receiver/newrelicsqlserverreceiver/scrapers/interval_calculator_old_complex.go:328.16,330.3 1 0
github.com/open-telemetry/opentelemetry-collector-contrib/receiver/newrelicsqlserverreceiver/scrapers/interval_calculator_old_complex.go:331.2,331.13 1 0
github.com/open-telemetry/opentelemetry-collector-contrib/receiver/newrelicsqlserverreceiver/scrapers/scraper_database_metrics.go:29.139,36.2 1 0
github.com/open-telemetry/opentelemetry-collector-contrib/receiver/newrelicsqlserverreceiver/scrapers/scraper_database_metrics.go:39.82,44.12 3 0
github.com/open-telemetry/opentelemetry-collector-contrib/receiver/newrelicsqlserverreceiver/scrapers/scraper_database_metrics.go:44.12,46.3 1 0
github.com/open-telemetry/opentelemetry-collector-contrib/receiver/newrelicsqlserverreceiver/scrapers/scraper_database_metrics.go:48.2,53.65 3 0
github.com/open-telemetry/opentelemetry-collector-contrib/receiver/newrelicsqlserverreceiver/scrapers/scraper_database_metrics.go:53.65,59.3 2 0
github.com/open-telemetry/opentelemetry-collector-contrib/receiver/newrelicsqlserverreceiver/scrapers/scraper_database_metrics.go:61.2,61.23 1 0
github.com/open-telemetry/opentelemetry-collector-contrib/receiver/newrelicsqlserverreceiver/scrapers/scraper_database_metrics.go:61.23,64.3 2 0
github.com/open-telemetry/opentelemetry-collector-contrib/receiver/newrelicsqlserverreceiver/scrapers/scraper_database_metrics.go:66.2,70.33 2 0
github.com/open-telemetry/opentelemetry-collector-contrib/receiver/newrelicsqlserverreceiver/scrapers/scraper_database_metrics.go:70.33,71.40 1 0
github.com/open-telemetry/opentelemetry-collector-contrib/receiver/newrelicsqlserverreceiver/scrapers/scraper_database_metrics.go:71.40,74.12 2 0
github.com/open-telemetry/opentelemetry-collector-contrib/receiver/newrelicsqlserverreceiver/scrapers/scraper_database_metrics.go:77.3,77.64 1 0
github.com/open-telemetry/opentelemetry-collector-contrib/receiver/newrelicsqlserverreceiver/scrapers/scraper_database_metrics.go:77.64,81.12 2 0
github.com/open-telemetry/opentelemetry-collector-contrib/receiver/newrelicsqlserverreceiver/scrapers/scraper_database_metrics.go:84.3,86.69 1 0
github.com/open-telemetry/opentelemetry-collector-contrib/receiver/newrelicsqlserverreceiver/scrapers/scraper_database_metrics.go:89.2,92.12 2 0
github.com/open-telemetry/opentelemetry-collector-contrib/receiver/newrelicsqlserverreceiver/scrapers/scraper_database_metrics.go:96.79,98.11 2 0
github.com/open-telemetry/opentelemetry-collector-contrib/receiver/newrelicsqlserverreceiver/scrapers/scraper_database_metrics.go:98.11,102.3 1 0
github.com/open-telemetry/opentelemetry-collector-contrib/receiver/newrelicsqlserverreceiver/scrapers/scraper_database_metrics.go:103.2,103.21 1 0
github.com/open-telemetry/opentelemetry-collector-contrib/receiver/newrelicsqlserverreceiver/scrapers/scraper_database_metrics.go:107.99,108.39 1 0
github.com/open-telemetry/opentelemetry-collector-contrib/receiver/newrelicsqlserverreceiver/scrapers/scraper_database_metrics.go:108.39,112.3 2 0
github.com/open-telemetry/opentelemetry-collector-contrib/receiver/newrelicsqlserverreceiver/scrapers/scraper_database_metrics.go:114.2,121.12 4 0
github.com/open-telemetry/opentelemetry-collector-contrib/receiver/newrelicsqlserverreceiver/scrapers/scraper_database_metrics.go:126.80,130.62 2 0
github.com/open-telemetry/opentelemetry-collector-contrib/receiver/newrelicsqlserverreceiver/scrapers/scraper_database_metrics.go:130.62,135.3 2 0
github.com/open-telemetry/opentelemetry-collector-contrib/receiver/newrelicsqlserverreceiver/scrapers/scraper_database_metrics.go:138.2,139.12 2 0
github.com/open-telemetry/opentelemetry-collector-contrib/receiver/newrelicsqlserverreceiver/scrapers/scraper_database_metrics.go:139.12,141.3 1 0
github.com/open-telemetry/opentelemetry-collector-contrib/receiver/newrelicsqlserverreceiver/scrapers/scraper_database_metrics.go:143.2,148.65 3 0
github.com/open-telemetry/opentelemetry-collector-contrib/receiver/newrelicsqlserverreceiver/scrapers/scraper_database_metrics.go:148.65,154.3 2 0
github.com/open-telemetry/opentelemetry-collector-contrib/receiver/newrelicsqlserverreceiver/scrapers/scraper_database_metrics.go:156.2,156.23 1 0
github.com/open-telemetry/opentelemetry-collector-contrib/receiver/newrelicsqlserverreceiver/scrapers/scraper_database_metrics.go:156.23,159.3 2 0
github.com/open-telemetry/opentelemetry-collector-contrib/receiver/newrelicsqlserverreceiver/scrapers/scraper_database_metrics.go:161.2,165.33 2 0
github.com/open-telemetry/opentelemetry-collector-contrib/receiver/newrelicsqlserverreceiver/scrapers/scraper_database_metrics.go:165.33,166.37 1 0
github.com/open-telemetry/opentelemetry-collector-contrib/receiver/newrelicsqlserverreceiver/scrapers/scraper_database_metrics.go:166.37,169.12 2 0
github.com/open-telemetry/opentelemetry-collector-contrib/receiver/newrelicsqlserverreceiver/scrapers/scraper_database_metrics.go:172.3,172.62 1 0
github.com/open-telemetry/opentelemetry-collector-contrib/receiver/newrelicsqlserverreceiver/scrapers/scraper_database_metrics.go:172.62,176.12 2 0
github.com/open-telemetry/opentelemetry-collector-contrib/receiver/newrelicsqlserverreceiver/scrapers/scraper_database_metrics.go:179.3,181.63 1 0
github.com/open-telemetry/opentelemetry-collector-contrib/receiver/newrelicsqlserverreceiver/scrapers/scraper_database_metrics.go:184.2,187.12 2 0
github.com/open-telemetry/opentelemetry-collector-contrib/receiver/newrelicsqlserverreceiver/scrapers/scraper_database_metrics.go:191.95,192.36 1 0
github.com/open-telemetry/opentelemetry-collector-contrib/receiver/newrelicsqlserverreceiver/scrapers/scraper_database_metrics.go:192.36,199.3 3 0
github.com/open-telemetry/opentelemetry-collector-contrib/receiver/newrelicsqlserverreceiver/scrapers/scraper_database_metrics.go:201.2,201.12 1 0
github.com/open-telemetry/opentelemetry-collector-contrib/receiver/newrelicsqlserverreceiver/scrapers/scraper_database_metrics.go:205.78,210.12 3 0
github.com/open-telemetry/opentelemetry-collector-contrib/receiver/newrelicsqlserverreceiver/scrapers/scraper_database_metrics.go:210.12,212.3 1 0
github.com/open-telemetry/opentelemetry-collector-contrib/receiver/newrelicsqlserverreceiver/scrapers/scraper_database_metrics.go:214.2,219.65 3 0
github.com/open-telemetry/opentelemetry-collector-contrib/receiver/newrelicsqlserverreceiver/scrapers/scraper_database_metrics.go:219.65,225.3 2 0
github.com/open-telemetry/opentelemetry-collector-contrib/receiver/newrelicsqlserverreceiver/scrapers/scraper_database_metrics.go:227.2,227.23 1 0
github.com/open-telemetry/opentelemetry-collector-contrib/receiver/newrelicsqlserverreceiver/scrapers/scraper_database_metrics.go:227.23,230.3 2 0
github.com/open-telemetry/opentelemetry-collector-contrib/receiver/newrelicsqlserverreceiver/scrapers/scraper_database_metrics.go:232.2,236.33 2 0
github.com/open-telemetry/opentelemetry-collector-contrib/receiver/newrelicsqlserverreceiver/scrapers/scraper_database_metrics.go:236.33,237.34 1 0
github.com/open-telemetry/opentelemetry-collector-contrib/receiver/newrelicsqlserverreceiver/scrapers/scraper_database_metrics.go:237.34,240.12 2 0
github.com/open-telemetry/opentelemetry-collector-contrib/receiver/newrelicsqlserverreceiver/scrapers/scraper_database_metrics.go:243.3,243.60 1 0
github.com/open-telemetry/opentelemetry-collector-contrib/receiver/newrelicsqlserverreceiver/scrapers/scraper_database_metrics.go:243.60,247.12 2 0
github.com/open-telemetry/opentelemetry-collector-contrib/receiver/newrelicsqlserverreceiver/scrapers/scraper_database_metrics.go:250.3,256.57 2 0
github.com/open-telemetry/opentelemetry-collector-contrib/receiver/newrelicsqlserverreceiver/scrapers/scraper_database_metrics.go:259.2,262.12 2 0
github.com/open-telemetry/opentelemetry-collector-contrib/receiver/newrelicsqlserverreceiver/scrapers/scraper_database_metrics.go:266.91,267.33 1 0
github.com/open-telemetry/opentelemetry-collector-contrib/receiver/newrelicsqlserverreceiver/scrapers/scraper_database_metrics.go:267.33,274.3 3 0
github.com/open-telemetry/opentelemetry-collector-contrib/receiver/newrelicsqlserverreceiver/scrapers/scraper_database_metrics.go:276.2,276.12 1 0
github.com/open-telemetry/opentelemetry-collector-contrib/receiver/newrelicsqlserverreceiver/scrapers/scraper_database_metrics.go:280.85,285.12 3 0
github.com/open-telemetry/opentelemetry-collector-contrib/receiver/newrelicsqlserverreceiver/scrapers/scraper_database_metrics.go:285.12,287.3 1 0
github.com/open-telemetry/opentelemetry-collector-contrib/receiver/newrelicsqlserverreceiver/scrapers/scraper_database_metrics.go:289.2,294.65 3 0
github.com/open-telemetry/opentelemetry-collector-contrib/receiver/newrelicsqlserverreceiver/scrapers/scraper_database_metrics.go:294.65,300.3 2 0
github.com/open-telemetry/opentelemetry-collector-contrib/receiver/newrelicsqlserverreceiver/scrapers/scraper_database_metrics.go:302.2,302.23 1 0
github.com/open-telemetry/opentelemetry-collector-contrib/receiver/newrelicsqlserverreceiver/scrapers/scraper_database_metrics.go:302.23,305.3 2 0
github.com/open-telemetry/opentelemetry-collector-contrib/receiver/newrelicsqlserverreceiver/scrapers/scraper_database_metrics.go:307.2,311.33 2 0
github.com/open-telemetry/opentelemetry-collector-contrib/receiver/newrelicsqlserverreceiver/scrapers/scraper_database_metrics.go:311.33,312.35 1 0
github.com/open-telemetry/opentelemetry-collector-contrib/receiver/newrelicsqlserverreceiver/scrapers/scraper_database_metrics.go:312.35,315.12 2 0
github.com/open-telemetry/opentelemetry-collector-contrib/receiver/newrelicsqlserverreceiver/scrapers/scraper_database_metrics.go:318.3,318.67 1 0
github.com/open-telemetry/opentelemetry-collector-contrib/receiver/newrelicsqlserverreceiver/scrapers/scraper_database_metrics.go:318.67,322.12 2 0
github.com/open-telemetry/opentelemetry-collector-contrib/receiver/newrelicsqlserverreceiver/scrapers/scraper_database_metrics.go:326.2,329.12 2 0
github.com/open-telemetry/opentelemetry-collector-contrib/receiver/newrelicsqlserverreceiver/scrapers/scraper_database_metrics.go:333.105,334.34 1 0
github.com/open-telemetry/opentelemetry-collector-contrib/receiver/newrelicsqlserverreceiver/scrapers/scraper_database_metrics.go:334.34,341.3 3 0
github.com/open-telemetry/opentelemetry-collector-contrib/receiver/newrelicsqlserverreceiver/scrapers/scraper_database_metrics.go:343.2,343.12 1 0
github.com/open-telemetry/opentelemetry-collector-contrib/receiver/newrelicsqlserverreceiver/scrapers/scraper_database_metrics.go:347.84,352.12 3 0
github.com/open-telemetry/opentelemetry-collector-contrib/receiver/newrelicsqlserverreceiver/scrapers/scraper_database_metrics.go:352.12,354.3 1 0
github.com/open-telemetry/opentelemetry-collector-contrib/receiver/newrelicsqlserverreceiver/scrapers/scraper_database_metrics.go:356.2,361.43 2 0
github.com/open-telemetry/opentelemetry-collector-contrib/receiver/newrelicsqlserverreceiver/scrapers/scraper_database_metrics.go:361.43,363.3 1 0
github.com/open-telemetry/opentelemetry-collector-contrib/receiver/newrelicsqlserverreceiver/scrapers/scraper_database_metrics.go:366.2,367.65 2 0
github.com/open-telemetry/opentelemetry-collector-contrib/receiver/newrelicsqlserverreceiver/scrapers/scraper_database_metrics.go:367.65,372.3 2 0
github.com/open-telemetry/opentelemetry-collector-contrib/receiver/newrelicsqlserverreceiver/scrapers/scraper_database_metrics.go:375.2,375.33 1 0
github.com/open-telemetry/opentelemetry-collector-contrib/receiver/newrelicsqlserverreceiver/scrapers/scraper_database_metrics.go:375.33,376.43 1 0
github.com/open-telemetry/opentelemetry-collector-contrib/receiver/newrelicsqlserverreceiver/scrapers/scraper_database_metrics.go:376.43,381.67 2 0
github.com/open-telemetry/opentelemetry-collector-contrib/receiver/newrelicsqlserverreceiver/scrapers/scraper_database_metrics.go:381.67,385.13 2 0
github.com/open-telemetry/opentelemetry-collector-contrib/receiver/newrelicsqlserverreceiver/scrapers/scraper_database_metrics.go:390.2,391.12 2 0
github.com/open-telemetry/opentelemetry-collector-contrib/receiver/newrelicsqlserverreceiver/scrapers/scraper_database_metrics.go:395.112,398.12 2 0
github.com/open-telemetry/opentelemetry-collector-contrib/receiver/newrelicsqlserverreceiver/scrapers/scraper_database_metrics.go:398.12,400.3 1 0
github.com/open-telemetry/opentelemetry-collector-contrib/receiver/newrelicsqlserverreceiver/scrapers/scraper_database_metrics.go:402.2,406.76 2 0
github.com/open-telemetry/opentelemetry-collector-contrib/receiver/newrelicsqlserverreceiver/scrapers/scraper_database_metrics.go:406.76,408.3 1 0
github.com/open-telemetry/opentelemetry-collector-contrib/receiver/newrelicsqlserverreceiver/scrapers/scraper_database_metrics.go:410.2,414.31 2 0
github.com/open-telemetry/opentelemetry-collector-contrib/receiver/newrelicsqlserverreceiver/scrapers/scraper_database_metrics.go:414.31,422.66 4 0
github.com/open-telemetry/opentelemetry-collector-contrib/receiver/newrelicsqlserverreceiver/scrapers/scraper_database_metrics.go:422.66,426.12 2 0
github.com/open-telemetry/opentelemetry-collector-contrib/receiver/newrelicsqlserverreceiver/scrapers/scraper_database_metrics.go:430.3,430.34 1 0
github.com/open-telemetry/opentelemetry-collector-contrib/receiver/newrelicsqlserverreceiver/scrapers/scraper_database_metrics.go:430.34,431.44 1 0
github.com/open-telemetry/opentelemetry-collector-contrib/receiver/newrelicsqlserverreceiver/scrapers/scraper_database_metrics.go:431.44,436.68 2 0
github.com/open-telemetry/opentelemetry-collector-contrib/receiver/newrelicsqlserverreceiver/scrapers/scraper_database_metrics.go:436.68,440.14 2 0
github.com/open-telemetry/opentelemetry-collector-contrib/receiver/newrelicsqlserverreceiver/scrapers/scraper_database_metrics.go:446.2,446.12 1 0
github.com/open-telemetry/opentelemetry-collector-contrib/receiver/newrelicsqlserverreceiver/scrapers/scraper_database_metrics.go:450.89,455.12 3 0
github.com/open-telemetry/opentelemetry-collector-contrib/receiver/newrelicsqlserverreceiver/scrapers/scraper_database_metrics.go:455.12,457.3 1 0
github.com/open-telemetry/opentelemetry-collector-contrib/receiver/newrelicsqlserverreceiver/scrapers/scraper_database_metrics.go:459.2,464.43 2 0
github.com/open-telemetry/opentelemetry-collector-contrib/receiver/newrelicsqlserverreceiver/scrapers/scraper_database_metrics.go:464.43,466.3 1 0
github.com/open-telemetry/opentelemetry-collector-contrib/receiver/newrelicsqlserverreceiver/scrapers/scraper_database_metrics.go:469.2,470.65 2 0
github.com/open-telemetry/opentelemetry-collector-contrib/receiver/newrelicsqlserverreceiver/scrapers/scraper_database_metrics.go:470.65,475.3 2 0
github.com/open-telemetry/opentelemetry-collector-contrib/receiver/newrelicsqlserverreceiver/scrapers/scraper_database_metrics.go:478.2,478.33 1 0
github.com/open-telemetry/opentelemetry-collector-contrib/receiver/newrelicsqlserverreceiver/scrapers/scraper_database_metrics.go:478.33,479.39 1 0
github.com/open-telemetry/opentelemetry-collector-contrib/receiver/newrelicsqlserverreceiver/scrapers/scraper_database_metrics.go:479.39,484.72 2 0
github.com/open-telemetry/opentelemetry-collector-contrib/receiver/newrelicsqlserverreceiver/scrapers/scraper_database_metrics.go:484.72,488.13 2 0
github.com/open-telemetry/opentelemetry-collector-contrib/receiver/newrelicsqlserverreceiver/scrapers/scraper_database_metrics.go:493.2,494.12 2 0
github.com/open-telemetry/opentelemetry-collector-contrib/receiver/newrelicsqlserverreceiver/scrapers/scraper_database_metrics.go:498.117,501.12 2 0
github.com/open-telemetry/opentelemetry-collector-contrib/receiver/newrelicsqlserverreceiver/scrapers/scraper_database_metrics.go:501.12,503.3 1 0
github.com/open-telemetry/opentelemetry-collector-contrib/receiver/newrelicsqlserverreceiver/scrapers/scraper_database_metrics.go:505.2,509.76 2 0
github.com/open-telemetry/opentelemetry-collector-contrib/receiver/newrelicsqlserverreceiver/scrapers/scraper_database_metrics.go:509.76,511.3 1 0
github.com/open-telemetry/opentelemetry-collector-contrib/receiver/newrelicsqlserverreceiver/scrapers/scraper_database_metrics.go:513.2,517.31 2 0
github.com/open-telemetry/opentelemetry-collector-contrib/receiver/newrelicsqlserverreceiver/scrapers/scraper_database_metrics.go:517.31,525.66 4 0
github.com/open-telemetry/opentelemetry-collector-contrib/receiver/newrelicsqlserverreceiver/scrapers/scraper_database_metrics.go:525.66,529.12 2 0
github.com/open-telemetry/opentelemetry-collector-contrib/receiver/newrelicsqlserverreceiver/scrapers/scraper_database_metrics.go:533.3,533.34 1 0
github.com/open-telemetry/opentelemetry-collector-contrib/receiver/newrelicsqlserverreceiver/scrapers/scraper_database_metrics.go:533.34,534.40 1 0
github.com/open-telemetry/opentelemetry-collector-contrib/receiver/newrelicsqlserverreceiver/scrapers/scraper_database_metrics.go:534.40,539.73 2 0
github.com/open-telemetry/opentelemetry-collector-contrib/receiver/newrelicsqlserverreceiver/scrapers/scraper_database_metrics.go:539.73,543.14 2 0
github.com/open-telemetry/opentelemetry-collector-contrib/receiver/newrelicsqlserverreceiver/scrapers/scraper_database_metrics.go:549.2,549.12 1 0
github.com/open-telemetry/opentelemetry-collector-contrib/receiver/newrelicsqlserverreceiver/scrapers/scraper_database_metrics.go:553.103,554.42 1 0
github.com/open-telemetry/opentelemetry-collector-contrib/receiver/newrelicsqlserverreceiver/scrapers/scraper_database_metrics.go:554.42,561.3 3 0
github.com/open-telemetry/opentelemetry-collector-contrib/receiver/newrelicsqlserverreceiver/scrapers/scraper_database_metrics.go:563.2,563.12 1 0
github.com/open-telemetry/opentelemetry-collector-contrib/receiver/newrelicsqlserverreceiver/scrapers/scraper_database_metrics.go:567.113,568.38 1 0
github.com/open-telemetry/opentelemetry-collector-contrib/receiver/newrelicsqlserverreceiver/scrapers/scraper_database_metrics.go:568.38,575.3 3 0
github.com/open-telemetry/opentelemetry-collector-contrib/receiver/newrelicsqlserverreceiver/scrapers/scraper_database_metrics.go:577.2,577.12 1 0
github.com/open-telemetry/opentelemetry-collector-contrib/receiver/newrelicsqlserverreceiver/scrapers/scraper_database_metrics.go:583.82,587.62 2 0
github.com/open-telemetry/opentelemetry-collector-contrib/receiver/newrelicsqlserverreceiver/scrapers/scraper_database_metrics.go:587.62,592.3 2 0
github.com/open-telemetry/opentelemetry-collector-contrib/receiver/newrelicsqlserverreceiver/scrapers/scraper_database_metrics.go:595.2,596.12 2 0
github.com/open-telemetry/opentelemetry-collector-contrib/receiver/newrelicsqlserverreceiver/scrapers/scraper_database_metrics.go:596.12,598.3 1 0
github.com/open-telemetry/opentelemetry-collector-contrib/receiver/newrelicsqlserverreceiver/scrapers/scraper_database_metrics.go:600.2,606.65 3 0
github.com/open-telemetry/opentelemetry-collector-contrib/receiver/newrelicsqlserverreceiver/scrapers/scraper_database_metrics.go:606.65,609.3 2 0
github.com/open-telemetry/opentelemetry-collector-contrib/receiver/newrelicsqlserverreceiver/scrapers/scraper_database_metrics.go:611.2,614.48 2 0
github.com/open-telemetry/opentelemetry-collector-contrib/receiver/newrelicsqlserverreceiver/scrapers/scraper_database_metrics.go:618.102,619.23 1 0
github.com/open-telemetry/opentelemetry-collector-contrib/receiver/newrelicsqlserverreceiver/scrapers/scraper_database_metrics.go:619.23,622.3 2 0
github.com/open-telemetry/opentelemetry-collector-contrib/receiver/newrelicsqlserverreceiver/scrapers/scraper_database_metrics.go:624.2,625.33 2 0
github.com/open-telemetry/opentelemetry-collector-contrib/receiver/newrelicsqlserverreceiver/scrapers/scraper_database_metrics.go:625.33,626.49 1 0
github.com/open-telemetry/opentelemetry-collector-contrib/receiver/newrelicsqlserverreceiver/scrapers/scraper_database_metrics.go:626.49,630.4 2 0
github.com/open-telemetry/opentelemetry-collector-contrib/receiver/newrelicsqlserverreceiver/scrapers/scraper_database_metrics.go:633.2,633.12 1 0
github.com/open-telemetry/opentelemetry-collector-contrib/receiver/newrelicsqlserverreceiver/scrapers/scraper_database_metrics.go:637.80,642.12 3 0
github.com/open-telemetry/opentelemetry-collector-contrib/receiver/newrelicsqlserverreceiver/scrapers/scraper_database_metrics.go:642.12,644.3 1 0
github.com/open-telemetry/opentelemetry-collector-contrib/receiver/newrelicsqlserverreceiver/scrapers/scraper_database_metrics.go:646.2,651.65 3 0
github.com/open-telemetry/opentelemetry-collector-contrib/receiver/newrelicsqlserverreceiver/scrapers/scraper_database_metrics.go:651.65,657.3 2 0
github.com/open-telemetry/opentelemetry-collector-contrib/receiver/newrelicsqlserverreceiver/scrapers/scraper_database_metrics.go:659.2,659.23 1 0
github.com/open-telemetry/opentelemetry-collector-contrib/receiver/newrelicsqlserverreceiver/scrapers/scraper_database_metrics.go:659.23,662.3 2 0
github.com/open-telemetry/opentelemetry-collector-contrib/receiver/newrelicsqlserverreceiver/scrapers/scraper_database_metrics.go:664.2,668.33 2 0
github.com/open-telemetry/opentelemetry-collector-contrib/receiver/newrelicsqlserverreceiver/scrapers/scraper_database_metrics.go:668.33,669.62 1 0
github.com/open-telemetry/opentelemetry-collector-contrib/receiver/newrelicsqlserverreceiver/scrapers/scraper_database_metrics.go:669.62,673.12 2 0
github.com/open-telemetry/opentelemetry-collector-contrib/receiver/newrelicsqlserverreceiver/scrapers/scraper_database_metrics.go:677.2,680.12 2 0
github.com/open-telemetry/opentelemetry-collector-contrib/receiver/newrelicsqlserverreceiver/scrapers/scraper_database_metrics.go:684.95,687.31 2 0
github.com/open-telemetry/opentelemetry-collector-contrib/receiver/newrelicsqlserverreceiver/scrapers/scraper_database_metrics.go:687.31,692.3 2 0
github.com/open-telemetry/opentelemetry-collector-contrib/receiver/newrelicsqlserverreceiver/scrapers/scraper_database_metrics.go:693.2,693.30 1 0
github.com/open-telemetry/opentelemetry-collector-contrib/receiver/newrelicsqlserverreceiver/scrapers/scraper_database_metrics.go:693.30,698.3 2 0
github.com/open-telemetry/opentelemetry-collector-contrib/receiver/newrelicsqlserverreceiver/scrapers/scraper_database_metrics.go:700.2,700.12 1 0
github.com/open-telemetry/opentelemetry-collector-contrib/receiver/newrelicsqlserverreceiver/scrapers/scraper_database_metrics.go:704.90,709.12 3 0
github.com/open-telemetry/opentelemetry-collector-contrib/receiver/newrelicsqlserverreceiver/scrapers/scraper_database_metrics.go:709.12,711.3 1 0
github.com/open-telemetry/opentelemetry-collector-contrib/receiver/newrelicsqlserverreceiver/scrapers/scraper_database_metrics.go:713.2,718.65 3 0
github.com/open-telemetry/opentelemetry-collector-contrib/receiver/newrelicsqlserverreceiver/scrapers/scraper_database_metrics.go:718.65,724.3 2 0
github.com/open-telemetry/opentelemetry-collector-contrib/receiver/newrelicsqlserverreceiver/scrapers/scraper_database_metrics.go:726.2,726.23 1 0
github.com/open-telemetry/opentelemetry-collector-contrib/receiver/newrelicsqlserverreceiver/scrapers/scraper_database_metrics.go:726.23,729.3 2 0
github.com/open-telemetry/opentelemetry-collector-contrib/receiver/newrelicsqlserverreceiver/scrapers/scraper_database_metrics.go:731.2,735.33 2 0
github.com/open-telemetry/opentelemetry-collector-contrib/receiver/newrelicsqlserverreceiver/scrapers/scraper_database_metrics.go:735.33,736.72 1 0
github.com/open-telemetry/opentelemetry-collector-contrib/receiver/newrelicsqlserverreceiver/scrapers/scraper_database_metrics.go:736.72,739.12 2 0
github.com/open-telemetry/opentelemetry-collector-contrib/receiver/newrelicsqlserverreceiver/scrapers/scraper_database_metrics.go:743.2,746.12 2 0
github.com/open-telemetry/opentelemetry-collector-contrib/receiver/newrelicsqlserverreceiver/scrapers/scraper_database_metrics.go:750.115,753.36 2 0
github.com/open-telemetry/opentelemetry-collector-contrib/receiver/newrelicsqlserverreceiver/scrapers/scraper_database_metrics.go:753.36,757.3 2 0
github.com/open-telemetry/opentelemetry-collector-contrib/receiver/newrelicsqlserverreceiver/scrapers/scraper_database_metrics.go:758.2,758.41 1 0
github.com/open-telemetry/opentelemetry-collector-contrib/receiver/newrelicsqlserverreceiver/scrapers/scraper_database_metrics.go:758.41,762.3 2 0
github.com/open-telemetry/opentelemetry-collector-contrib/receiver/newrelicsqlserverreceiver/scrapers/scraper_database_metrics.go:763.2,763.36 1 0
github.com/open-telemetry/opentelemetry-collector-contrib/receiver/newrelicsqlserverreceiver/scrapers/scraper_database_metrics.go:763.36,767.3 2 0
github.com/open-telemetry/opentelemetry-collector-contrib/receiver/newrelicsqlserverreceiver/scrapers/scraper_database_metrics.go:768.2,768.38 1 0
github.com/open-telemetry/opentelemetry-collector-contrib/receiver/newrelicsqlserverreceiver/scrapers/scraper_database_metrics.go:768.38,772.3 2 0
github.com/open-telemetry/opentelemetry-collector-contrib/receiver/newrelicsqlserverreceiver/scrapers/scraper_database_metrics.go:774.2,774.12 1 0
github.com/open-telemetry/opentelemetry-collector-contrib/receiver/newrelicsqlserverreceiver/scrapers/scraper_database_metrics.go:778.89,783.12 3 0
github.com/open-telemetry/opentelemetry-collector-contrib/receiver/newrelicsqlserverreceiver/scrapers/scraper_database_metrics.go:783.12,785.3 1 0
github.com/open-telemetry/opentelemetry-collector-contrib/receiver/newrelicsqlserverreceiver/scrapers/scraper_database_metrics.go:787.2,792.63 2 0
github.com/open-telemetry/opentelemetry-collector-contrib/receiver/newrelicsqlserverreceiver/scrapers/scraper_database_metrics.go:792.63,795.3 1 0
github.com/open-telemetry/opentelemetry-collector-contrib/receiver/newrelicsqlserverreceiver/scrapers/scraper_database_metrics.go:798.2,799.65 2 0
github.com/open-telemetry/opentelemetry-collector-contrib/receiver/newrelicsqlserverreceiver/scrapers/scraper_database_metrics.go:799.65,805.3 2 0
github.com/open-telemetry/opentelemetry-collector-contrib/receiver/newrelicsqlserverreceiver/scrapers/scraper_database_metrics.go:807.2,807.23 1 0
github.com/open-telemetry/opentelemetry-collector-contrib/receiver/newrelicsqlserverreceiver/scrapers/scraper_database_metrics.go:807.23,810.3 2 0
github.com/open-telemetry/opentelemetry-collector-contrib/receiver/newrelicsqlserverreceiver/scrapers/scraper_database_metrics.go:812.2,816.33 2 0
github.com/open-telemetry/opentelemetry-collector-contrib/receiver/newrelicsqlserverreceiver/scrapers/scraper_database_metrics.go:816.33,817.71 1 0
github.com/open-telemetry/opentelemetry-collector-contrib/receiver/newrelicsqlserverreceiver/scrapers/scraper_database_metrics.go:817.71,820.12 2 0
github.com/open-telemetry/opentelemetry-collector-contrib/receiver/newrelicsqlserverreceiver/scrapers/scraper_database_metrics.go:824.2,827.12 2 0
github.com/open-telemetry/opentelemetry-collector-contrib/receiver/newrelicsqlserverreceiver/scrapers/scraper_database_metrics.go:831.117,834.12 2 0
github.com/open-telemetry/opentelemetry-collector-contrib/receiver/newrelicsqlserverreceiver/scrapers/scraper_database_metrics.go:834.12,836.3 1 0
github.com/open-telemetry/opentelemetry-collector-contrib/receiver/newrelicsqlserverreceiver/scrapers/scraper_database_metrics.go:838.2,842.76 2 0
github.com/open-telemetry/opentelemetry-collector-contrib/receiver/newrelicsqlserverreceiver/scrapers/scraper_database_metrics.go:842.76,844.3 1 0
github.com/open-telemetry/opentelemetry-collector-contrib/receiver/newrelicsqlserverreceiver/scrapers/scraper_database_metrics.go:846.2,850.31 2 0
github.com/open-telemetry/opentelemetry-collector-contrib/receiver/newrelicsqlserverreceiver/scrapers/scraper_database_metrics.go:850.31,859.76 4 0
github.com/open-telemetry/opentelemetry-collector-contrib/receiver/newrelicsqlserverreceiver/scrapers/scraper_database_metrics.go:859.76,863.12 2 0
github.com/open-telemetry/opentelemetry-collector-contrib/receiver/newrelicsqlserverreceiver/scrapers/scraper_database_metrics.go:867.3,867.34 1 0
github.com/open-telemetry/opentelemetry-collector-contrib/receiver/newrelicsqlserverreceiver/scrapers/scraper_database_metrics.go:867.34,874.99 2 0
github.com/open-telemetry/opentelemetry-collector-contrib/receiver/newrelicsqlserverreceiver/scrapers/scraper_database_metrics.go:874.99,878.13 2 0
github.com/open-telemetry/opentelemetry-collector-contrib/receiver/newrelicsqlserverreceiver/scrapers/scraper_database_metrics.go:881.4,881.44 1 0
github.com/open-telemetry/opentelemetry-collector-contrib/receiver/newrelicsqlserverreceiver/scrapers/scraper_database_metrics.go:881.44,885.5 1 0
github.com/open-telemetry/opentelemetry-collector-contrib/receiver/newrelicsqlserverreceiver/scrapers/scraper_database_metrics.go:889.2,889.12 1 0
github.com/open-telemetry/opentelemetry-collector-contrib/receiver/newrelicsqlserverreceiver/scrapers/scraper_database_metrics.go:893.113,897.2 2 0
github.com/open-telemetry/opentelemetry-collector-contrib/receiver/newrelicsqlserverreceiver/scrapers/scraper_database_metrics.go:900.144,901.34 1 0
github.com/open-telemetry/opentelemetry-collector-contrib/receiver/newrelicsqlserverreceiver/scrapers/scraper_database_metrics.go:901.34,908.3 3 0
github.com/open-telemetry/opentelemetry-collector-contrib/receiver/newrelicsqlserverreceiver/scrapers/scraper_database_metrics.go:910.2,910.12 1 0
github.com/open-telemetry/opentelemetry-collector-contrib/receiver/newrelicsqlserverreceiver/scrapers/scraper_database_principals_metrics.go:29.159,36.2 1 0
github.com/open-telemetry/opentelemetry-collector-contrib/receiver/newrelicsqlserverreceiver/scrapers/scraper_database_principals_metrics.go:39.103,44.12 3 0
github.com/open-telemetry/opentelemetry-collector-contrib/receiver/newrelicsqlserverreceiver/scrapers/scraper_database_principals_metrics.go:44.12,46.3 1 0
github.com/open-telemetry/opentelemetry-collector-contrib/receiver/newrelicsqlserverreceiver/scrapers/scraper_database_principals_metrics.go:48.2,53.65 3 0
github.com/open-telemetry/opentelemetry-collector-contrib/receiver/newrelicsqlserverreceiver/scrapers/scraper_database_principals_metrics.go:53.65,59.3 2 0
github.com/open-telemetry/opentelemetry-collector-contrib/receiver/newrelicsqlserverreceiver/scrapers/scraper_database_principals_metrics.go:61.2,66.33 2 0
github.com/open-telemetry/opentelemetry-collector-contrib/receiver/newrelicsqlserverreceiver/scrapers/scraper_database_principals_metrics.go:66.33,67.75 1 0
github.com/open-telemetry/opentelemetry-collector-contrib/receiver/newrelicsqlserverreceiver/scrapers/scraper_database_principals_metrics.go:67.75,72.4 2 0
github.com/open-telemetry/opentelemetry-collector-contrib/receiver/newrelicsqlserverreceiver/scrapers/scraper_database_principals_metrics.go:75.2,75.12 1 0
[...]
github.com/open-telemetry/opentelemetry-collector-contrib/receiver/newrelicsqlserverreceiver/helpers/sql_normalizer.go:308.3,308.65 1 1
github.com/open-telemetry/opentelemetry-collector-contrib/receiver/newrelicsqlserverreceiver/helpers/sql_normalizer.go:308.65,310.4 1 1
github.com/open-telemetry/opentelemetry-collector-contrib/receiver/newrelicsqlserverreceiver/helpers/sql_normalizer.go:315.51,319.22 2 16
github.com/open-telemetry/opentelemetry-collector-contrib/receiver/newrelicsqlserverreceiver/helpers/sql_normalizer.go:319.22,322.22 2 123
github.com/open-telemetry/opentelemetry-collector-contrib/receiver/newrelicsqlserverreceiver/helpers/sql_normalizer.go:322.22,324.47 1 17
github.com/open-telemetry/opentelemetry-collector-contrib/receiver/newrelicsqlserverreceiver/helpers/sql_normalizer.go:324.47,326.5 1 1
github.com/open-telemetry/opentelemetry-collector-contrib/receiver/newrelicsqlserverreceiver/helpers/sql_normalizer.go:326.10,329.5 2 16
github.com/open-telemetry/opentelemetry-collector-contrib/receiver/newrelicsqlserverreceiver/helpers/sql_normalizer.go:330.9,332.4 1 106
github.com/open-telemetry/opentelemetry-collector-contrib/receiver/newrelicsqlserverreceiver/helpers/sql_normalizer.go:337.61,341.28 2 6
github.com/open-telemetry/opentelemetry-collector-contrib/receiver/newrelicsqlserverreceiver/helpers/sql_normalizer.go:341.28,343.3 1 0
github.com/open-telemetry/opentelemetry-collector-contrib/receiver/newrelicsqlserverreceiver/helpers/sql_normalizer.go:344.2,350.22 4 6
github.com/open-telemetry/opentelemetry-collector-contrib/receiver/newrelicsqlserverreceiver/helpers/sql_normalizer.go:350.22,353.21 2 38
github.com/open-telemetry/opentelemetry-collector-contrib/receiver/newrelicsqlserverreceiver/helpers/sql_normalizer.go:353.21,355.9 2 5
github.com/open-telemetry/opentelemetry-collector-contrib/receiver/newrelicsqlserverreceiver/helpers/sql_normalizer.go:356.9,356.28 1 33
github.com/open-telemetry/opentelemetry-collector-contrib/receiver/newrelicsqlserverreceiver/helpers/sql_normalizer.go:356.28,359.4 2 9
github.com/open-telemetry/opentelemetry-collector-contrib/receiver/newrelicsqlserverreceiver/helpers/sql_normalizer.go:359.9,359.29 1 24
github.com/open-telemetry/opentelemetry-collector-contrib/receiver/newrelicsqlserverreceiver/helpers/sql_normalizer.go:359.29,362.4 2 2
github.com/open-telemetry/opentelemetry-collector-contrib/receiver/newrelicsqlserverreceiver/helpers/sql_normalizer.go:362.9,362.44 1 22
github.com/open-telemetry/opentelemetry-collector-contrib/receiver/newrelicsqlserverreceiver/helpers/sql_normalizer.go:362.44,364.4 1 9
github.com/open-telemetry/opentelemetry-collector-contrib/receiver/newrelicsqlserverreceiver/helpers/sql_normalizer.go:364.9,364.37 1 13
github.com/open-telemetry/opentelemetry-collector-contrib/receiver/newrelicsqlserverreceiver/helpers/sql_normalizer.go:364.37,367.4 2 9
github.com/open-telemetry/opentelemetry-collector-contrib/receiver/newrelicsqlserverreceiver/helpers/sql_normalizer.go:367.9,367.34 1 4
github.com/open-telemetry/opentelemetry-collector-contrib/receiver/newrelicsqlserverreceiver/helpers/sql_normalizer.go:367.34,370.4 2 3
github.com/open-telemetry/opentelemetry-collector-contrib/receiver/newrelicsqlserverreceiver/helpers/sql_normalizer.go:370.9,374.4 2 1
github.com/open-telemetry/opentelemetry-collector-contrib/receiver/newrelicsqlserverreceiver/helpers/sql_normalizer.go:378.2,378.41 1 5
github.com/open-telemetry/opentelemetry-collector-contrib/receiver/newrelicsqlserverreceiver/helpers/sql_normalizer.go:378.41,380.3 1 5
github.com/open-telemetry/opentelemetry-collector-contrib/receiver/newrelicsqlserverreceiver/helpers/sql_normalizer.go:383.2,383.21 1 0
github.com/open-telemetry/opentelemetry-collector-contrib/receiver/newrelicsqlserverreceiver/helpers/sql_normalizer.go:383.21,385.3 1 0
github.com/open-telemetry/opentelemetry-collector-contrib/receiver/newrelicsqlserverreceiver/helpers/sql_normalizer.go:388.2,389.16 2 0
github.com/open-telemetry/opentelemetry-collector-contrib/receiver/newrelicsqlserverreceiver/helpers/sql_normalizer.go:389.16,391.3 1 0
github.com/open-telemetry/opentelemetry-collector-contrib/receiver/newrelicsqlserverreceiver/helpers/sql_normalizer.go:392.2,392.13 1 0
github.com/open-telemetry/opentelemetry-collector-contrib/receiver/newrelicsqlserverreceiver/helpers/sql_normalizer.go:396.62,397.15 1 35
github.com/open-telemetry/opentelemetry-collector-contrib/receiver/newrelicsqlserverreceiver/helpers/sql_normalizer.go:397.15,399.3 1 0
github.com/open-telemetry/opentelemetry-collector-contrib/receiver/newrelicsqlserverreceiver/helpers/sql_normalizer.go:401.2,405.22 4 35
github.com/open-telemetry/opentelemetry-collector-contrib/receiver/newrelicsqlserverreceiver/helpers/sql_normalizer.go:405.22,408.63 2 1626
github.com/open-telemetry/opentelemetry-collector-contrib/receiver/newrelicsqlserverreceiver/helpers/sql_normalizer.go:408.63,412.4 2 1
github.com/open-telemetry/opentelemetry-collector-contrib/receiver/newrelicsqlserverreceiver/helpers/sql_normalizer.go:412.9,412.70 1 1625
github.com/open-telemetry/opentelemetry-collector-contrib/receiver/newrelicsqlserverreceiver/helpers/sql_normalizer.go:412.70,416.4 2 1
github.com/open-telemetry/opentelemetry-collector-contrib/receiver/newrelicsqlserverreceiver/helpers/sql_normalizer.go:416.9,416.44 1 1624
github.com/open-telemetry/opentelemetry-collector-contrib/receiver/newrelicsqlserverreceiver/helpers/sql_normalizer.go:416.44,418.32 1 336
github.com/open-telemetry/opentelemetry-collector-contrib/receiver/newrelicsqlserverreceiver/helpers/sql_normalizer.go:418.32,421.5 2 322
github.com/open-telemetry/opentelemetry-collector-contrib/receiver/newrelicsqlserverreceiver/helpers/sql_normalizer.go:422.4,422.19 1 336
github.com/open-telemetry/opentelemetry-collector-contrib/receiver/newrelicsqlserverreceiver/helpers/sql_normalizer.go:423.9,427.4 3 1288
github.com/open-telemetry/opentelemetry-collector-contrib/receiver/newrelicsqlserverreceiver/helpers/sql_normalizer.go:431.2,431.43 1 35
github.com/open-telemetry/opentelemetry-collector-contrib/receiver/newrelicsqlserverreceiver/helpers/sql_normalizer.go:435.55,437.22 1 1
github.com/open-telemetry/opentelemetry-collector-contrib/receiver/newrelicsqlserverreceiver/helpers/sql_normalizer.go:437.22,440.22 3 21
github.com/open-telemetry/opentelemetry-collector-contrib/receiver/newrelicsqlserverreceiver/helpers/sql_normalizer.go:440.22,441.9 1 1
github.com/open-telemetry/opentelemetry-collector-contrib/receiver/newrelicsqlserverreceiver/helpers/sql_normalizer.go:447.54,452.22 2 1
github.com/open-telemetry/opentelemetry-collector-contrib/receiver/newrelicsqlserverreceiver/helpers/sql_normalizer.go:452.22,453.71 1 31
github.com/open-telemetry/opentelemetry-collector-contrib/receiver/newrelicsqlserverreceiver/helpers/sql_normalizer.go:453.71,456.4 2 1
github.com/open-telemetry/opentelemetry-collector-contrib/receiver/newrelicsqlserverreceiver/helpers/sql_normalizer.go:457.3,457.18 1 30
github.com/open-telemetry/opentelemetry-collector-contrib/receiver/newrelicsqlserverreceiver/helpers/transaction_isolation_decoder.go:8.58,18.59 2 15
github.com/open-telemetry/opentelemetry-collector-contrib/receiver/newrelicsqlserverreceiver/helpers/transaction_isolation_decoder.go:18.59,20.3 1 12
github.com/open-telemetry/opentelemetry-collector-contrib/receiver/newrelicsqlserverreceiver/helpers/transaction_isolation_decoder.go:22.2,22.18 1 3
github.com/open-telemetry/opentelemetry-collector-contrib/receiver/newrelicsqlserverreceiver/helpers/transaction_isolation_decoder.go:26.55,36.56 2 28
github.com/open-telemetry/opentelemetry-collector-contrib/receiver/newrelicsqlserverreceiver/helpers/transaction_isolation_decoder.go:36.56,38.3 1 22
github.com/open-telemetry/opentelemetry-collector-contrib/receiver/newrelicsqlserverreceiver/helpers/transaction_isolation_decoder.go:40.2,40.34 1 6
github.com/open-telemetry/opentelemetry-collector-contrib/receiver/newrelicsqlserverreceiver/helpers/transaction_isolation_decoder.go:44.59,54.56 2 18
github.com/open-telemetry/opentelemetry-collector-contrib/receiver/newrelicsqlserverreceiver/helpers/transaction_isolation_decoder.go:54.56,56.3 1 15
github.com/open-telemetry/opentelemetry-collector-contrib/receiver/newrelicsqlserverreceiver/helpers/transaction_isolation_decoder.go:58.2,58.35 1 3
github.com/open-telemetry/opentelemetry-collector-contrib/receiver/newrelicsqlserverreceiver/helpers/transaction_isolation_decoder.go:62.49,63.15 1 14
github.com/open-telemetry/opentelemetry-collector-contrib/receiver/newrelicsqlserverreceiver/helpers/transaction_isolation_decoder.go:64.12,65.14 1 4
github.com/open-telemetry/opentelemetry-collector-contrib/receiver/newrelicsqlserverreceiver/helpers/transaction_isolation_decoder.go:66.9,67.14 1 2
github.com/open-telemetry/opentelemetry-collector-contrib/receiver/newrelicsqlserverreceiver/helpers/transaction_isolation_decoder.go:68.10,69.15 1 8
github.com/open-telemetry/opentelemetry-collector-contrib/receiver/newrelicsqlserverreceiver/helpers/transaction_isolation_decoder.go:74.48,84.42 2 18
github.com/open-telemetry/opentelemetry-collector-contrib/receiver/newrelicsqlserverreceiver/helpers/transaction_isolation_decoder.go:84.42,86.3 1 15
github.com/open-telemetry/opentelemetry-collector-contrib/receiver/newrelicsqlserverreceiver/helpers/transaction_isolation_decoder.go:88.2,88.29 1 3
github.com/open-telemetry/opentelemetry-collector-contrib/receiver/newrelicsqlserverreceiver/helpers/wait_decoder.go:13.45,14.41 1 18
github.com/open-telemetry/opentelemetry-collector-contrib/receiver/newrelicsqlserverreceiver/helpers/wait_decoder.go:14.41,16.3 1 2
github.com/open-telemetry/opentelemetry-collector-contrib/receiver/newrelicsqlserverreceiver/helpers/wait_decoder.go:18.2,20.58 2 16
github.com/open-telemetry/opentelemetry-collector-contrib/receiver/newrelicsqlserverreceiver/helpers/wait_decoder.go:20.58,22.3 1 14
github.com/open-telemetry/opentelemetry-collector-contrib/receiver/newrelicsqlserverreceiver/helpers/wait_decoder.go:25.2,25.48 1 2
github.com/open-telemetry/opentelemetry-collector-contrib/receiver/newrelicsqlserverreceiver/helpers/wait_decoder.go:25.48,27.3 1 1
github.com/open-telemetry/opentelemetry-collector-contrib/receiver/newrelicsqlserverreceiver/helpers/wait_decoder.go:28.2,28.42 1 1
github.com/open-telemetry/opentelemetry-collector-contrib/receiver/newrelicsqlserverreceiver/helpers/wait_decoder.go:28.42,30.3 1 0
github.com/open-telemetry/opentelemetry-collector-contrib/receiver/newrelicsqlserverreceiver/helpers/wait_decoder.go:31.2,31.43 1 1
github.com/open-telemetry/opentelemetry-collector-contrib/receiver/newrelicsqlserverreceiver/helpers/wait_decoder.go:31.43,33.3 1 0
github.com/open-telemetry/opentelemetry-collector-contrib/receiver/newrelicsqlserverreceiver/helpers/wait_decoder.go:34.2,34.49 1 1
github.com/open-telemetry/opentelemetry-collector-contrib/receiver/newrelicsqlserverreceiver/helpers/wait_decoder.go:34.49,36.3 1 0
github.com/open-telemetry/opentelemetry-collector-contrib/receiver/newrelicsqlserverreceiver/helpers/wait_decoder.go:39.2,39.17 1 1
github.com/open-telemetry/opentelemetry-collector-contrib/receiver/newrelicsqlserverreceiver/helpers/wait_decoder.go:43.50,44.41 1 62
github.com/open-telemetry/opentelemetry-collector-contrib/receiver/newrelicsqlserverreceiver/helpers/wait_decoder.go:44.41,46.3 1 2
github.com/open-telemetry/opentelemetry-collector-contrib/receiver/newrelicsqlserverreceiver/helpers/wait_decoder.go:48.2,48.9 1 60
github.com/open-telemetry/opentelemetry-collector-contrib/receiver/newrelicsqlserverreceiver/helpers/wait_decoder.go:52.50,53.23 1 3
github.com/open-telemetry/opentelemetry-collector-contrib/receiver/newrelicsqlserverreceiver/helpers/wait_decoder.go:60.58,61.20 1 14
github.com/open-telemetry/opentelemetry-collector-contrib/receiver/newrelicsqlserverreceiver/helpers/wait_decoder.go:64.45,65.19 1 24
github.com/open-telemetry/opentelemetry-collector-contrib/receiver/newrelicsqlserverreceiver/helpers/wait_decoder.go:69.82,70.18 1 2
github.com/open-telemetry/opentelemetry-collector-contrib/receiver/newrelicsqlserverreceiver/helpers/wait_decoder.go:74.36,75.19 1 2
github.com/open-telemetry/opentelemetry-collector-contrib/receiver/newrelicsqlserverreceiver/helpers/wait_decoder.go:78.102,79.15 1 2
github.com/open-telemetry/opentelemetry-collector-contrib/receiver/newrelicsqlserverreceiver/helpers/wait_decoder.go:82.88,83.17 1 9
github.com/open-telemetry/opentelemetry-collector-contrib/receiver/newrelicsqlserverreceiver/helpers/wait_decoder.go:86.50,87.19 1 1
github.com/open-telemetry/opentelemetry-collector-contrib/receiver/newrelicsqlserverreceiver/helpers/wait_decoder.go:90.87,91.20 1 1
github.com/open-telemetry/opentelemetry-collector-contrib/receiver/newrelicsqlserverreceiver/helpers/wait_decoder.go:94.93,95.26 1 0
github.com/open-telemetry/opentelemetry-collector-contrib/receiver/newrelicsqlserverreceiver/helpers/wait_decoder.go:98.82,99.15 1 0
github.com/open-telemetry/opentelemetry-collector-contrib/receiver/newrelicsqlserverreceiver/helpers/wait_decoder.go:102.83,103.28 1 0
github.com/open-telemetry/opentelemetry-collector-contrib/receiver/newrelicsqlserverreceiver/helpers/wait_decoder.go:106.43,107.23 1 0
github.com/open-telemetry/opentelemetry-collector-contrib/receiver/newrelicsqlserverreceiver/helpers/wait_decoder.go:111.43,112.26 1 0
github.com/open-telemetry/opentelemetry-collector-contrib/receiver/newrelicsqlserverreceiver/helpers/wait_decoder.go:115.83,116.27 1 0
github.com/open-telemetry/opentelemetry-collector-contrib/receiver/newrelicsqlserverreceiver/helpers/wait_decoder.go:119.85,120.18 1 0
github.com/open-telemetry/opentelemetry-collector-contrib/receiver/newrelicsqlserverreceiver/helpers/wait_decoder.go:124.40,125.23 1 0
github.com/open-telemetry/opentelemetry-collector-contrib/receiver/newrelicsqlserverreceiver/helpers/wait_decoder.go:128.44,129.23 1 0
github.com/open-telemetry/opentelemetry-collector-contrib/receiver/newrelicsqlserverreceiver/helpers/wait_decoder.go:132.103,133.17 1 0
github.com/open-telemetry/opentelemetry-collector-contrib/receiver/newrelicsqlserverreceiver/helpers/wait_decoder.go:137.92,138.20 1 0
github.com/open-telemetry/opentelemetry-collector-contrib/receiver/newrelicsqlserverreceiver/helpers/wait_decoder.go:141.85,142.22 1 0
github.com/open-telemetry/opentelemetry-collector-contrib/receiver/newrelicsqlserverreceiver/helpers/wait_decoder.go:145.45,146.17 1 0
github.com/open-telemetry/opentelemetry-collector-contrib/receiver/newrelicsqlserverreceiver/helpers/wait_decoder.go:149.52,150.25 1 0
github.com/open-telemetry/opentelemetry-collector-contrib/receiver/newrelicsqlserverreceiver/helpers/wait_decoder.go:157.88,158.22 1 0
github.com/open-telemetry/opentelemetry-collector-contrib/receiver/newrelicsqlserverreceiver/helpers/wait_decoder.go:160.10,161.17 1 2
github.com/open-telemetry/opentelemetry-collector-contrib/receiver/newrelicsqlserverreceiver/helpers/wait_decoder.go:169.81,170.24 1 43
github.com/open-telemetry/opentelemetry-collector-contrib/receiver/newrelicsqlserverreceiver/helpers/wait_decoder.go:170.24,172.3 1 1
github.com/open-telemetry/opentelemetry-collector-contrib/receiver/newrelicsqlserverreceiver/helpers/wait_decoder.go:176.2,177.76 2 42
github.com/open-telemetry/opentelemetry-collector-contrib/receiver/newrelicsqlserverreceiver/helpers/wait_decoder.go:177.76,183.3 5 6
github.com/open-telemetry/opentelemetry-collector-contrib/receiver/newrelicsqlserverreceiver/helpers/wait_decoder.go:187.2,188.77 2 36
github.com/open-telemetry/opentelemetry-collector-contrib/receiver/newrelicsqlserverreceiver/helpers/wait_decoder.go:188.77,194.3 5 4
github.com/open-telemetry/opentelemetry-collector-contrib/receiver/newrelicsqlserverreceiver/helpers/wait_decoder.go:198.2,199.76 2 32
github.com/open-telemetry/opentelemetry-collector-contrib/receiver/newrelicsqlserverreceiver/helpers/wait_decoder.go:199.76,206.3 6 3
github.com/open-telemetry/opentelemetry-collector-contrib/receiver/newrelicsqlserverreceiver/helpers/wait_decoder.go:210.2,211.79 2 29
github.com/open-telemetry/opentelemetry-collector-contrib/receiver/newrelicsqlserverreceiver/helpers/wait_decoder.go:211.79,217.3 5 3
github.com/open-telemetry/opentelemetry-collector-contrib/receiver/newrelicsqlserverreceiver/helpers/wait_decoder.go:221.2,222.81 2 26
github.com/open-telemetry/opentelemetry-collector-contrib/receiver/newrelicsqlserverreceiver/helpers/wait_decoder.go:222.81,226.3 3 3
github.com/open-telemetry/opentelemetry-collector-contrib/receiver/newrelicsqlserverreceiver/helpers/wait_decoder.go:230.2,231.77 2 23
github.com/open-telemetry/opentelemetry-collector-contrib/receiver/newrelicsqlserverreceiver/helpers/wait_decoder.go:231.77,236.3 4 3
github.com/open-telemetry/opentelemetry-collector-contrib/receiver/newrelicsqlserverreceiver/helpers/wait_decoder.go:240.2,241.79 2 20
github.com/open-telemetry/opentelemetry-collector-contrib/receiver/newrelicsqlserverreceiver/helpers/wait_decoder.go:241.79,247.3 5 3
github.com/open-telemetry/opentelemetry-collector-contrib/receiver/newrelicsqlserverreceiver/helpers/wait_decoder.go:251.2,252.77 2 17
github.com/open-telemetry/opentelemetry-collector-contrib/receiver/newrelicsqlserverreceiver/helpers/wait_decoder.go:252.77,256.3 3 4
github.com/open-telemetry/opentelemetry-collector-contrib/receiver/newrelicsqlserverreceiver/helpers/wait_decoder.go:260.2,261.84 2 13
github.com/open-telemetry/opentelemetry-collector-contrib/receiver/newrelicsqlserverreceiver/helpers/wait_decoder.go:261.84,266.3 4 2
github.com/open-telemetry/opentelemetry-collector-contrib/receiver/newrelicsqlserverreceiver/helpers/wait_decoder.go:270.2,271.83 2 11
github.com/open-telemetry/opentelemetry-collector-contrib/receiver/newrelicsqlserverreceiver/helpers/wait_decoder.go:271.83,274.3 2 0
github.com/open-telemetry/opentelemetry-collector-contrib/receiver/newrelicsqlserverreceiver/helpers/wait_decoder.go:278.2,279.81 2 11
github.com/open-telemetry/opentelemetry-collector-contrib/receiver/newrelicsqlserverreceiver/helpers/wait_decoder.go:279.81,288.3 5 0
github.com/open-telemetry/opentelemetry-collector-contrib/receiver/newrelicsqlserverreceiver/helpers/wait_decoder.go:292.2,293.87 2 11
github.com/open-telemetry/opentelemetry-collector-contrib/receiver/newrelicsqlserverreceiver/helpers/wait_decoder.go:293.87,297.3 3 0
github.com/open-telemetry/opentelemetry-collector-contrib/receiver/newrelicsqlserverreceiver/helpers/wait_decoder.go:300.2,300.32 1 11
github.com/open-telemetry/opentelemetry-collector-contrib/receiver/newrelicsqlserverreceiver/helpers/wait_decoder.go:305.50,336.46 2 6
github.com/open-telemetry/opentelemetry-collector-contrib/receiver/newrelicsqlserverreceiver/helpers/wait_decoder.go:336.46,338.3 1 0
github.com/open-telemetry/opentelemetry-collector-contrib/receiver/newrelicsqlserverreceiver/helpers/wait_decoder.go:339.2,339.11 1 6
github.com/open-telemetry/opentelemetry-collector-contrib/receiver/newrelicsqlserverreceiver/helpers/wait_decoder.go:346.61,347.46 1 7
github.com/open-telemetry/opentelemetry-collector-contrib/receiver/newrelicsqlserverreceiver/helpers/wait_decoder.go:347.46,349.3 1 2
github.com/open-telemetry/opentelemetry-collector-contrib/receiver/newrelicsqlserverreceiver/helpers/wait_decoder.go:353.2,356.22 3 5
github.com/open-telemetry/opentelemetry-collector-contrib/receiver/newrelicsqlserverreceiver/helpers/wait_decoder.go:356.22,358.3 1 2
github.com/open-telemetry/opentelemetry-collector-contrib/receiver/newrelicsqlserverreceiver/helpers/wait_decoder.go:361.2,363.16 3 3
github.com/open-telemetry/opentelemetry-collector-contrib/receiver/newrelicsqlserverreceiver/helpers/wait_decoder.go:363.16,365.3 1 0
github.com/open-telemetry/opentelemetry-collector-contrib/receiver/newrelicsqlserverreceiver/helpers/wait_decoder.go:367.2,367.15 1 3
github.com/open-telemetry/opentelemetry-collector-contrib/receiver/newrelicsqlserverreceiver/helpers/wait_type_map.go:8.50,334.2 1 16
