mode: atomic
github.com/open-telemetry/opentelemetry-collector-contrib/receiver/newrelicsqlserverreceiver/helpers/apm_metadata_cache.go:40.64,47.2 2 8
github.com/open-telemetry/opentelemetry-collector-contrib/receiver/newrelicsqlserverreceiver/helpers/apm_metadata_cache.go:51.84,52.21 1 23
github.com/open-telemetry/opentelemetry-collector-contrib/receiver/newrelicsqlserverreceiver/helpers/apm_metadata_cache.go:52.21,55.3 2 2
github.com/open-telemetry/opentelemetry-collector-contrib/receiver/newrelicsqlserverreceiver/helpers/apm_metadata_cache.go:58.2,58.52 1 21
github.com/open-telemetry/opentelemetry-collector-contrib/receiver/newrelicsqlserverreceiver/helpers/apm_metadata_cache.go:58.52,62.3 2 0
github.com/open-telemetry/opentelemetry-collector-contrib/receiver/newrelicsqlserverreceiver/helpers/apm_metadata_cache.go:64.2,77.12 6 21
github.com/open-telemetry/opentelemetry-collector-contrib/receiver/newrelicsqlserverreceiver/helpers/apm_metadata_cache.go:77.12,82.3 1 2
github.com/open-telemetry/opentelemetry-collector-contrib/receiver/newrelicsqlserverreceiver/helpers/apm_metadata_cache.go:82.8,88.3 1 19
github.com/open-telemetry/opentelemetry-collector-contrib/receiver/newrelicsqlserverreceiver/helpers/apm_metadata_cache.go:93.71,94.21 1 16
github.com/open-telemetry/opentelemetry-collector-contrib/receiver/newrelicsqlserverreceiver/helpers/apm_metadata_cache.go:94.21,97.3 2 0
github.com/open-telemetry/opentelemetry-collector-contrib/receiver/newrelicsqlserverreceiver/helpers/apm_metadata_cache.go:99.2,103.13 4 16
github.com/open-telemetry/opentelemetry-collector-contrib/receiver/newrelicsqlserverreceiver/helpers/apm_metadata_cache.go:103.13,108.3 2 2
github.com/open-telemetry/opentelemetry-collector-contrib/receiver/newrelicsqlserverreceiver/helpers/apm_metadata_cache.go:110.2,115.23 2 14
github.com/open-telemetry/opentelemetry-collector-contrib/receiver/newrelicsqlserverreceiver/helpers/apm_metadata_cache.go:120.36,127.20 5 1
github.com/open-telemetry/opentelemetry-collector-contrib/receiver/newrelicsqlserverreceiver/helpers/apm_metadata_cache.go:127.20,130.3 1 1
github.com/open-telemetry/opentelemetry-collector-contrib/receiver/newrelicsqlserverreceiver/helpers/apm_metadata_cache.go:130.8,132.3 1 0
github.com/open-telemetry/opentelemetry-collector-contrib/receiver/newrelicsqlserverreceiver/helpers/apm_metadata_cache.go:136.67,148.35 6 7
github.com/open-telemetry/opentelemetry-collector-contrib/receiver/newrelicsqlserverreceiver/helpers/apm_metadata_cache.go:148.35,149.35 1 17
github.com/open-telemetry/opentelemetry-collector-contrib/receiver/newrelicsqlserverreceiver/helpers/apm_metadata_cache.go:149.35,151.4 1 16
github.com/open-telemetry/opentelemetry-collector-contrib/receiver/newrelicsqlserverreceiver/helpers/apm_metadata_cache.go:152.3,152.39 1 17
github.com/open-telemetry/opentelemetry-collector-contrib/receiver/newrelicsqlserverreceiver/helpers/apm_metadata_cache.go:152.39,154.4 1 16
github.com/open-telemetry/opentelemetry-collector-contrib/receiver/newrelicsqlserverreceiver/helpers/apm_metadata_cache.go:157.2,160.14 3 7
github.com/open-telemetry/opentelemetry-collector-contrib/receiver/newrelicsqlserverreceiver/helpers/execution_plan_cache.go:27.68,34.2 2 0
github.com/open-telemetry/opentelemetry-collector-contrib/receiver/newrelicsqlserverreceiver/helpers/execution_plan_cache.go:39.65,40.22 1 0
github.com/open-telemetry/opentelemetry-collector-contrib/receiver/newrelicsqlserverreceiver/helpers/execution_plan_cache.go:40.22,43.3 2 0
github.com/open-telemetry/opentelemetry-collector-contrib/receiver/newrelicsqlserverreceiver/helpers/execution_plan_cache.go:47.2,54.12 5 0
github.com/open-telemetry/opentelemetry-collector-contrib/receiver/newrelicsqlserverreceiver/helpers/execution_plan_cache.go:54.12,57.18 2 0
github.com/open-telemetry/opentelemetry-collector-contrib/receiver/newrelicsqlserverreceiver/helpers/execution_plan_cache.go:57.18,63.4 2 0
github.com/open-telemetry/opentelemetry-collector-contrib/receiver/newrelicsqlserverreceiver/helpers/execution_plan_cache.go:65.3,67.29 1 0
github.com/open-telemetry/opentelemetry-collector-contrib/receiver/newrelicsqlserverreceiver/helpers/execution_plan_cache.go:71.2,73.13 2 0
github.com/open-telemetry/opentelemetry-collector-contrib/receiver/newrelicsqlserverreceiver/helpers/execution_plan_cache.go:77.52,84.38 5 0
github.com/open-telemetry/opentelemetry-collector-contrib/receiver/newrelicsqlserverreceiver/helpers/execution_plan_cache.go:84.38,86.18 2 0
github.com/open-telemetry/opentelemetry-collector-contrib/receiver/newrelicsqlserverreceiver/helpers/execution_plan_cache.go:86.18,89.4 2 0
github.com/open-telemetry/opentelemetry-collector-contrib/receiver/newrelicsqlserverreceiver/helpers/execution_plan_cache.go:92.2,92.17 1 0
github.com/open-telemetry/opentelemetry-collector-contrib/receiver/newrelicsqlserverreceiver/helpers/execution_plan_cache.go:92.17,96.3 1 0
github.com/open-telemetry/opentelemetry-collector-contrib/receiver/newrelicsqlserverreceiver/helpers/execution_plan_cache.go:100.61,107.2 3 0
github.com/open-telemetry/opentelemetry-collector-contrib/receiver/newrelicsqlserverreceiver/helpers/metadata_cache.go:59.110,71.2 1 0
github.com/open-telemetry/opentelemetry-collector-contrib/receiver/newrelicsqlserverreceiver/helpers/metadata_cache.go:74.61,79.53 3 0
github.com/open-telemetry/opentelemetry-collector-contrib/receiver/newrelicsqlserverreceiver/helpers/metadata_cache.go:79.53,81.3 1 0
github.com/open-telemetry/opentelemetry-collector-contrib/receiver/newrelicsqlserverreceiver/helpers/metadata_cache.go:84.2,88.12 4 0
github.com/open-telemetry/opentelemetry-collector-contrib/receiver/newrelicsqlserverreceiver/helpers/metadata_cache.go:88.12,90.50 2 0
github.com/open-telemetry/opentelemetry-collector-contrib/receiver/newrelicsqlserverreceiver/helpers/metadata_cache.go:90.50,92.4 1 0
github.com/open-telemetry/opentelemetry-collector-contrib/receiver/newrelicsqlserverreceiver/helpers/metadata_cache.go:95.2,95.12 1 0
github.com/open-telemetry/opentelemetry-collector-contrib/receiver/newrelicsqlserverreceiver/helpers/metadata_cache.go:95.12,97.48 2 0
github.com/open-telemetry/opentelemetry-collector-contrib/receiver/newrelicsqlserverreceiver/helpers/metadata_cache.go:97.48,99.4 1 0
github.com/open-telemetry/opentelemetry-collector-contrib/receiver/newrelicsqlserverreceiver/helpers/metadata_cache.go:102.2,102.12 1 0
github.com/open-telemetry/opentelemetry-collector-contrib/receiver/newrelicsqlserverreceiver/helpers/metadata_cache.go:102.12,104.46 2 0
github.com/open-telemetry/opentelemetry-collector-contrib/receiver/newrelicsqlserverreceiver/helpers/metadata_cache.go:104.46,106.4 1 0
github.com/open-telemetry/opentelemetry-collector-contrib/receiver/newrelicsqlserverreceiver/helpers/metadata_cache.go:109.2,109.12 1 0
github.com/open-telemetry/opentelemetry-collector-contrib/receiver/newrelicsqlserverreceiver/helpers/metadata_cache.go:109.12,111.46 2 0
github.com/open-telemetry/opentelemetry-collector-contrib/receiver/newrelicsqlserverreceiver/helpers/metadata_cache.go:111.46,113.4 1 0
github.com/open-telemetry/opentelemetry-collector-contrib/receiver/newrelicsqlserverreceiver/helpers/metadata_cache.go:116.2,116.12 1 0
github.com/open-telemetry/opentelemetry-collector-contrib/receiver/newrelicsqlserverreceiver/helpers/metadata_cache.go:116.12,118.51 2 0
github.com/open-telemetry/opentelemetry-collector-contrib/receiver/newrelicsqlserverreceiver/helpers/metadata_cache.go:118.51,120.4 1 0
github.com/open-telemetry/opentelemetry-collector-contrib/receiver/newrelicsqlserverreceiver/helpers/metadata_cache.go:123.2,123.12 1 0
github.com/open-telemetry/opentelemetry-collector-contrib/receiver/newrelicsqlserverreceiver/helpers/metadata_cache.go:123.12,125.56 2 0
github.com/open-telemetry/opentelemetry-collector-contrib/receiver/newrelicsqlserverreceiver/helpers/metadata_cache.go:125.56,127.4 1 0
github.com/open-telemetry/opentelemetry-collector-contrib/receiver/newrelicsqlserverreceiver/helpers/metadata_cache.go:130.2,135.27 4 0
github.com/open-telemetry/opentelemetry-collector-contrib/receiver/newrelicsqlserverreceiver/helpers/metadata_cache.go:135.27,137.3 1 0
github.com/open-telemetry/opentelemetry-collector-contrib/receiver/newrelicsqlserverreceiver/helpers/metadata_cache.go:139.2,139.21 1 0
github.com/open-telemetry/opentelemetry-collector-contrib/receiver/newrelicsqlserverreceiver/helpers/metadata_cache.go:139.21,141.3 1 0
github.com/open-telemetry/opentelemetry-collector-contrib/receiver/newrelicsqlserverreceiver/helpers/metadata_cache.go:143.2,144.12 2 0
github.com/open-telemetry/opentelemetry-collector-contrib/receiver/newrelicsqlserverreceiver/helpers/metadata_cache.go:147.70,151.16 3 0
github.com/open-telemetry/opentelemetry-collector-contrib/receiver/newrelicsqlserverreceiver/helpers/metadata_cache.go:151.16,153.3 1 0
github.com/open-telemetry/opentelemetry-collector-contrib/receiver/newrelicsqlserverreceiver/helpers/metadata_cache.go:154.2,157.18 3 0
github.com/open-telemetry/opentelemetry-collector-contrib/receiver/newrelicsqlserverreceiver/helpers/metadata_cache.go:157.18,160.51 3 0
github.com/open-telemetry/opentelemetry-collector-contrib/receiver/newrelicsqlserverreceiver/helpers/metadata_cache.go:160.51,162.4 1 0
github.com/open-telemetry/opentelemetry-collector-contrib/receiver/newrelicsqlserverreceiver/helpers/metadata_cache.go:163.3,163.30 1 0
github.com/open-telemetry/opentelemetry-collector-contrib/receiver/newrelicsqlserverreceiver/helpers/metadata_cache.go:166.2,167.19 2 0
github.com/open-telemetry/opentelemetry-collector-contrib/receiver/newrelicsqlserverreceiver/helpers/metadata_cache.go:170.68,182.16 3 0
github.com/open-telemetry/opentelemetry-collector-contrib/receiver/newrelicsqlserverreceiver/helpers/metadata_cache.go:182.16,184.3 1 0
github.com/open-telemetry/opentelemetry-collector-contrib/receiver/newrelicsqlserverreceiver/helpers/metadata_cache.go:185.2,188.18 3 0
github.com/open-telemetry/opentelemetry-collector-contrib/receiver/newrelicsqlserverreceiver/helpers/metadata_cache.go:188.18,191.100 3 0
github.com/open-telemetry/opentelemetry-collector-contrib/receiver/newrelicsqlserverreceiver/helpers/metadata_cache.go:191.100,193.4 1 0
github.com/open-telemetry/opentelemetry-collector-contrib/receiver/newrelicsqlserverreceiver/helpers/metadata_cache.go:194.3,194.30 1 0
github.com/open-telemetry/opentelemetry-collector-contrib/receiver/newrelicsqlserverreceiver/helpers/metadata_cache.go:197.2,198.19 2 0
github.com/open-telemetry/opentelemetry-collector-contrib/receiver/newrelicsqlserverreceiver/helpers/metadata_cache.go:201.66,215.16 3 0
github.com/open-telemetry/opentelemetry-collector-contrib/receiver/newrelicsqlserverreceiver/helpers/metadata_cache.go:215.16,217.3 1 0
github.com/open-telemetry/opentelemetry-collector-contrib/receiver/newrelicsqlserverreceiver/helpers/metadata_cache.go:218.2,221.18 3 0
github.com/open-telemetry/opentelemetry-collector-contrib/receiver/newrelicsqlserverreceiver/helpers/metadata_cache.go:221.18,224.62 3 0
github.com/open-telemetry/opentelemetry-collector-contrib/receiver/newrelicsqlserverreceiver/helpers/metadata_cache.go:224.62,226.4 1 0
github.com/open-telemetry/opentelemetry-collector-contrib/receiver/newrelicsqlserverreceiver/helpers/metadata_cache.go:227.3,227.65 1 0
github.com/open-telemetry/opentelemetry-collector-contrib/receiver/newrelicsqlserverreceiver/helpers/metadata_cache.go:230.2,231.19 2 0
github.com/open-telemetry/opentelemetry-collector-contrib/receiver/newrelicsqlserverreceiver/helpers/metadata_cache.go:234.66,238.36 2 0
github.com/open-telemetry/opentelemetry-collector-contrib/receiver/newrelicsqlserverreceiver/helpers/metadata_cache.go:238.36,240.3 1 0
github.com/open-telemetry/opentelemetry-collector-contrib/receiver/newrelicsqlserverreceiver/helpers/metadata_cache.go:240.8,251.17 3 0
github.com/open-telemetry/opentelemetry-collector-contrib/receiver/newrelicsqlserverreceiver/helpers/metadata_cache.go:251.17,253.4 1 0
github.com/open-telemetry/opentelemetry-collector-contrib/receiver/newrelicsqlserverreceiver/helpers/metadata_cache.go:254.3,256.21 2 0
github.com/open-telemetry/opentelemetry-collector-contrib/receiver/newrelicsqlserverreceiver/helpers/metadata_cache.go:256.21,258.47 2 0
github.com/open-telemetry/opentelemetry-collector-contrib/receiver/newrelicsqlserverreceiver/helpers/metadata_cache.go:258.47,260.5 1 0
github.com/open-telemetry/opentelemetry-collector-contrib/receiver/newrelicsqlserverreceiver/helpers/metadata_cache.go:261.4,261.41 1 0
github.com/open-telemetry/opentelemetry-collector-contrib/receiver/newrelicsqlserverreceiver/helpers/metadata_cache.go:263.3,263.38 1 0
github.com/open-telemetry/opentelemetry-collector-contrib/receiver/newrelicsqlserverreceiver/helpers/metadata_cache.go:263.38,265.4 1 0
github.com/open-telemetry/opentelemetry-collector-contrib/receiver/newrelicsqlserverreceiver/helpers/metadata_cache.go:269.2,271.35 2 0
github.com/open-telemetry/opentelemetry-collector-contrib/receiver/newrelicsqlserverreceiver/helpers/metadata_cache.go:271.35,291.17 3 0
github.com/open-telemetry/opentelemetry-collector-contrib/receiver/newrelicsqlserverreceiver/helpers/metadata_cache.go:291.17,294.12 2 0
github.com/open-telemetry/opentelemetry-collector-contrib/receiver/newrelicsqlserverreceiver/helpers/metadata_cache.go:297.3,297.19 1 0
github.com/open-telemetry/opentelemetry-collector-contrib/receiver/newrelicsqlserverreceiver/helpers/metadata_cache.go:297.19,302.115 5 0
github.com/open-telemetry/opentelemetry-collector-contrib/receiver/newrelicsqlserverreceiver/helpers/metadata_cache.go:302.115,305.5 2 0
github.com/open-telemetry/opentelemetry-collector-contrib/receiver/newrelicsqlserverreceiver/helpers/metadata_cache.go:307.4,307.24 1 0
github.com/open-telemetry/opentelemetry-collector-contrib/receiver/newrelicsqlserverreceiver/helpers/metadata_cache.go:307.24,309.5 1 0
github.com/open-telemetry/opentelemetry-collector-contrib/receiver/newrelicsqlserverreceiver/helpers/metadata_cache.go:310.4,310.24 1 0
github.com/open-telemetry/opentelemetry-collector-contrib/receiver/newrelicsqlserverreceiver/helpers/metadata_cache.go:310.24,312.5 1 0
github.com/open-telemetry/opentelemetry-collector-contrib/receiver/newrelicsqlserverreceiver/helpers/metadata_cache.go:313.4,313.23 1 0
github.com/open-telemetry/opentelemetry-collector-contrib/receiver/newrelicsqlserverreceiver/helpers/metadata_cache.go:313.23,315.5 1 0
github.com/open-telemetry/opentelemetry-collector-contrib/receiver/newrelicsqlserverreceiver/helpers/metadata_cache.go:315.10,317.5 1 0
github.com/open-telemetry/opentelemetry-collector-contrib/receiver/newrelicsqlserverreceiver/helpers/metadata_cache.go:318.4,318.23 1 0
github.com/open-telemetry/opentelemetry-collector-contrib/receiver/newrelicsqlserverreceiver/helpers/metadata_cache.go:318.23,320.5 1 0
github.com/open-telemetry/opentelemetry-collector-contrib/receiver/newrelicsqlserverreceiver/helpers/metadata_cache.go:321.4,321.27 1 0
github.com/open-telemetry/opentelemetry-collector-contrib/receiver/newrelicsqlserverreceiver/helpers/metadata_cache.go:323.3,325.36 2 0
github.com/open-telemetry/opentelemetry-collector-contrib/receiver/newrelicsqlserverreceiver/helpers/metadata_cache.go:325.36,327.4 1 0
github.com/open-telemetry/opentelemetry-collector-contrib/receiver/newrelicsqlserverreceiver/helpers/metadata_cache.go:330.2,331.12 2 0
github.com/open-telemetry/opentelemetry-collector-contrib/receiver/newrelicsqlserverreceiver/helpers/metadata_cache.go:334.71,344.16 3 0
github.com/open-telemetry/opentelemetry-collector-contrib/receiver/newrelicsqlserverreceiver/helpers/metadata_cache.go:344.16,346.3 1 0
github.com/open-telemetry/opentelemetry-collector-contrib/receiver/newrelicsqlserverreceiver/helpers/metadata_cache.go:347.2,350.18 3 0
github.com/open-telemetry/opentelemetry-collector-contrib/receiver/newrelicsqlserverreceiver/helpers/metadata_cache.go:350.18,353.88 3 0
github.com/open-telemetry/opentelemetry-collector-contrib/receiver/newrelicsqlserverreceiver/helpers/metadata_cache.go:353.88,355.4 1 0
github.com/open-telemetry/opentelemetry-collector-contrib/receiver/newrelicsqlserverreceiver/helpers/metadata_cache.go:356.3,356.36 1 0
github.com/open-telemetry/opentelemetry-collector-contrib/receiver/newrelicsqlserverreceiver/helpers/metadata_cache.go:359.2,360.19 2 0
github.com/open-telemetry/opentelemetry-collector-contrib/receiver/newrelicsqlserverreceiver/helpers/metadata_cache.go:363.76,374.16 3 0
github.com/open-telemetry/opentelemetry-collector-contrib/receiver/newrelicsqlserverreceiver/helpers/metadata_cache.go:374.16,376.3 1 0
github.com/open-telemetry/opentelemetry-collector-contrib/receiver/newrelicsqlserverreceiver/helpers/metadata_cache.go:377.2,380.18 3 0
github.com/open-telemetry/opentelemetry-collector-contrib/receiver/newrelicsqlserverreceiver/helpers/metadata_cache.go:380.18,383.56 3 0
github.com/open-telemetry/opentelemetry-collector-contrib/receiver/newrelicsqlserverreceiver/helpers/metadata_cache.go:383.56,385.4 1 0
github.com/open-telemetry/opentelemetry-collector-contrib/receiver/newrelicsqlserverreceiver/helpers/metadata_cache.go:386.3,386.41 1 0
github.com/open-telemetry/opentelemetry-collector-contrib/receiver/newrelicsqlserverreceiver/helpers/metadata_cache.go:389.2,390.19 2 0
github.com/open-telemetry/opentelemetry-collector-contrib/receiver/newrelicsqlserverreceiver/helpers/metadata_cache.go:395.67,400.2 4 0
github.com/open-telemetry/opentelemetry-collector-contrib/receiver/newrelicsqlserverreceiver/helpers/metadata_cache.go:402.81,407.2 4 0
github.com/open-telemetry/opentelemetry-collector-contrib/receiver/newrelicsqlserverreceiver/helpers/metadata_cache.go:409.71,414.2 4 0
github.com/open-telemetry/opentelemetry-collector-contrib/receiver/newrelicsqlserverreceiver/helpers/metadata_cache.go:416.77,421.2 4 0
github.com/open-telemetry/opentelemetry-collector-contrib/receiver/newrelicsqlserverreceiver/helpers/metadata_cache.go:423.92,428.2 4 0
github.com/open-telemetry/opentelemetry-collector-contrib/receiver/newrelicsqlserverreceiver/helpers/metadata_cache.go:430.82,435.2 4 0
github.com/open-telemetry/opentelemetry-collector-contrib/receiver/newrelicsqlserverreceiver/helpers/metadata_cache.go:438.57,450.2 3 0
github.com/open-telemetry/opentelemetry-collector-contrib/receiver/newrelicsqlserverreceiver/helpers/metadata_cache.go:454.59,456.2 1 0
github.com/open-telemetry/opentelemetry-collector-contrib/receiver/newrelicsqlserverreceiver/helpers/query_anonymizer.go:57.46,58.17 1 56
github.com/open-telemetry/opentelemetry-collector-contrib/receiver/newrelicsqlserverreceiver/helpers/query_anonymizer.go:58.17,60.3 1 2
github.com/open-telemetry/opentelemetry-collector-contrib/receiver/newrelicsqlserverreceiver/helpers/query_anonymizer.go:63.2,71.24 4 54
github.com/open-telemetry/opentelemetry-collector-contrib/receiver/newrelicsqlserverreceiver/helpers/query_anonymizer.go:94.58,95.22 1 13
github.com/open-telemetry/opentelemetry-collector-contrib/receiver/newrelicsqlserverreceiver/helpers/query_anonymizer.go:95.22,97.3 1 1
github.com/open-telemetry/opentelemetry-collector-contrib/receiver/newrelicsqlserverreceiver/helpers/query_anonymizer.go:100.2,101.37 2 12
github.com/open-telemetry/opentelemetry-collector-contrib/receiver/newrelicsqlserverreceiver/helpers/query_anonymizer.go:101.37,103.3 1 0
github.com/open-telemetry/opentelemetry-collector-contrib/receiver/newrelicsqlserverreceiver/helpers/query_anonymizer.go:106.2,106.97 1 12
github.com/open-telemetry/opentelemetry-collector-contrib/receiver/newrelicsqlserverreceiver/helpers/query_anonymizer.go:106.97,109.20 2 9
github.com/open-telemetry/opentelemetry-collector-contrib/receiver/newrelicsqlserverreceiver/helpers/query_anonymizer.go:109.20,111.4 1 0
github.com/open-telemetry/opentelemetry-collector-contrib/receiver/newrelicsqlserverreceiver/helpers/query_anonymizer.go:114.3,115.90 2 9
github.com/open-telemetry/opentelemetry-collector-contrib/receiver/newrelicsqlserverreceiver/helpers/query_anonymizer.go:115.90,117.4 1 2
github.com/open-telemetry/opentelemetry-collector-contrib/receiver/newrelicsqlserverreceiver/helpers/query_anonymizer.go:119.3,119.31 1 9
github.com/open-telemetry/opentelemetry-collector-contrib/receiver/newrelicsqlserverreceiver/helpers/query_anonymizer.go:119.31,121.4 1 0
github.com/open-telemetry/opentelemetry-collector-contrib/receiver/newrelicsqlserverreceiver/helpers/query_anonymizer.go:123.3,124.19 2 9
github.com/open-telemetry/opentelemetry-collector-contrib/receiver/newrelicsqlserverreceiver/helpers/query_anonymizer.go:124.19,128.19 3 7
github.com/open-telemetry/opentelemetry-collector-contrib/receiver/newrelicsqlserverreceiver/helpers/query_anonymizer.go:128.19,132.5 3 6
github.com/open-telemetry/opentelemetry-collector-contrib/receiver/newrelicsqlserverreceiver/helpers/query_anonymizer.go:133.9,133.27 1 2
github.com/open-telemetry/opentelemetry-collector-contrib/receiver/newrelicsqlserverreceiver/helpers/query_anonymizer.go:133.27,137.19 3 2
github.com/open-telemetry/opentelemetry-collector-contrib/receiver/newrelicsqlserverreceiver/helpers/query_anonymizer.go:137.19,141.5 3 2
github.com/open-telemetry/opentelemetry-collector-contrib/receiver/newrelicsqlserverreceiver/helpers/query_anonymizer.go:143.3,143.15 1 1
github.com/open-telemetry/opentelemetry-collector-contrib/receiver/newrelicsqlserverreceiver/helpers/query_anonymizer.go:146.2,146.22 1 12
github.com/open-telemetry/opentelemetry-collector-contrib/receiver/newrelicsqlserverreceiver/helpers/query_anonymizer.go:157.54,158.21 1 14
github.com/open-telemetry/opentelemetry-collector-contrib/receiver/newrelicsqlserverreceiver/helpers/query_anonymizer.go:158.21,160.3 1 1
github.com/open-telemetry/opentelemetry-collector-contrib/receiver/newrelicsqlserverreceiver/helpers/query_anonymizer.go:162.2,163.17 2 13
github.com/open-telemetry/opentelemetry-collector-contrib/receiver/newrelicsqlserverreceiver/helpers/query_anonymizer.go:163.17,165.3 1 2
github.com/open-telemetry/opentelemetry-collector-contrib/receiver/newrelicsqlserverreceiver/helpers/query_anonymizer.go:167.2,167.34 1 11
github.com/open-telemetry/opentelemetry-collector-contrib/receiver/newrelicsqlserverreceiver/helpers/query_anonymizer.go:178.47,181.2 2 10
github.com/open-telemetry/opentelemetry-collector-contrib/receiver/newrelicsqlserverreceiver/helpers/query_hash.go:24.48,25.21 1 25
github.com/open-telemetry/opentelemetry-collector-contrib/receiver/newrelicsqlserverreceiver/helpers/query_hash.go:25.21,27.3 1 3
github.com/open-telemetry/opentelemetry-collector-contrib/receiver/newrelicsqlserverreceiver/helpers/query_hash.go:31.2,44.44 4 22
github.com/open-telemetry/opentelemetry-collector-contrib/receiver/newrelicsqlserverreceiver/helpers/query_hash.go:48.45,59.28 5 27
github.com/open-telemetry/opentelemetry-collector-contrib/receiver/newrelicsqlserverreceiver/helpers/query_hash.go:59.28,60.66 1 1070
github.com/open-telemetry/opentelemetry-collector-contrib/receiver/newrelicsqlserverreceiver/helpers/query_hash.go:60.66,61.18 1 241
github.com/open-telemetry/opentelemetry-collector-contrib/receiver/newrelicsqlserverreceiver/helpers/query_hash.go:61.18,64.5 2 197
github.com/open-telemetry/opentelemetry-collector-contrib/receiver/newrelicsqlserverreceiver/helpers/query_hash.go:65.9,68.4 2 829
github.com/open-telemetry/opentelemetry-collector-contrib/receiver/newrelicsqlserverreceiver/helpers/query_hash.go:71.2,71.28 1 27
github.com/open-telemetry/opentelemetry-collector-contrib/receiver/newrelicsqlserverreceiver/helpers/query_hash.go:76.58,78.2 1 1
github.com/open-telemetry/opentelemetry-collector-contrib/receiver/newrelicsqlserverreceiver/helpers/sql_normalizer.go:23.67,27.2 3 3
github.com/open-telemetry/opentelemetry-collector-contrib/receiver/newrelicsqlserverreceiver/helpers/sql_normalizer.go:30.38,31.15 1 36
github.com/open-telemetry/opentelemetry-collector-contrib/receiver/newrelicsqlserverreceiver/helpers/sql_normalizer.go:31.15,33.3 1 1
github.com/open-telemetry/opentelemetry-collector-contrib/receiver/newrelicsqlserverreceiver/helpers/sql_normalizer.go:35.2,37.50 3 35
github.com/open-telemetry/opentelemetry-collector-contrib/receiver/newrelicsqlserverreceiver/helpers/sql_normalizer.go:41.51,44.2 2 8
github.com/open-telemetry/opentelemetry-collector-contrib/receiver/newrelicsqlserverreceiver/helpers/sql_normalizer.go:58.72,72.27 6 24
github.com/open-telemetry/opentelemetry-collector-contrib/receiver/newrelicsqlserverreceiver/helpers/sql_normalizer.go:72.27,74.3 1 9
github.com/open-telemetry/opentelemetry-collector-contrib/receiver/newrelicsqlserverreceiver/helpers/sql_normalizer.go:74.8,77.32 2 15
github.com/open-telemetry/opentelemetry-collector-contrib/receiver/newrelicsqlserverreceiver/helpers/sql_normalizer.go:77.32,79.4 1 5
github.com/open-telemetry/opentelemetry-collector-contrib/receiver/newrelicsqlserverreceiver/helpers/sql_normalizer.go:79.9,82.26 2 10
github.com/open-telemetry/opentelemetry-collector-contrib/receiver/newrelicsqlserverreceiver/helpers/sql_normalizer.go:82.26,84.5 1 0
github.com/open-telemetry/opentelemetry-collector-contrib/receiver/newrelicsqlserverreceiver/helpers/sql_normalizer.go:89.2,90.27 2 24
github.com/open-telemetry/opentelemetry-collector-contrib/receiver/newrelicsqlserverreceiver/helpers/sql_normalizer.go:90.27,92.3 1 20
github.com/open-telemetry/opentelemetry-collector-contrib/receiver/newrelicsqlserverreceiver/helpers/sql_normalizer.go:94.2,94.29 1 24
github.com/open-telemetry/opentelemetry-collector-contrib/receiver/newrelicsqlserverreceiver/helpers/sql_normalizer.go:105.60,112.2 1 70
github.com/open-telemetry/opentelemetry-collector-contrib/receiver/newrelicsqlserverreceiver/helpers/sql_normalizer.go:114.45,116.2 1 3828
github.com/open-telemetry/opentelemetry-collector-contrib/receiver/newrelicsqlserverreceiver/helpers/sql_normalizer.go:118.45,120.2 1 39
github.com/open-telemetry/opentelemetry-collector-contrib/receiver/newrelicsqlserverreceiver/helpers/sql_normalizer.go:122.45,124.2 1 7091
github.com/open-telemetry/opentelemetry-collector-contrib/receiver/newrelicsqlserverreceiver/helpers/sql_normalizer.go:126.42,128.2 1 33
github.com/open-telemetry/opentelemetry-collector-contrib/receiver/newrelicsqlserverreceiver/helpers/sql_normalizer.go:130.40,132.2 1 3614
github.com/open-telemetry/opentelemetry-collector-contrib/receiver/newrelicsqlserverreceiver/helpers/sql_normalizer.go:134.51,136.2 1 3
github.com/open-telemetry/opentelemetry-collector-contrib/receiver/newrelicsqlserverreceiver/helpers/sql_normalizer.go:139.56,140.15 1 35
github.com/open-telemetry/opentelemetry-collector-contrib/receiver/newrelicsqlserverreceiver/helpers/sql_normalizer.go:140.15,142.3 1 0
github.com/open-telemetry/opentelemetry-collector-contrib/receiver/newrelicsqlserverreceiver/helpers/sql_normalizer.go:144.2,148.22 4 35
github.com/open-telemetry/opentelemetry-collector-contrib/receiver/newrelicsqlserverreceiver/helpers/sql_normalizer.go:148.22,151.22 2 1669
github.com/open-telemetry/opentelemetry-collector-contrib/receiver/newrelicsqlserverreceiver/helpers/sql_normalizer.go:151.22,155.4 2 14
github.com/open-telemetry/opentelemetry-collector-contrib/receiver/newrelicsqlserverreceiver/helpers/sql_normalizer.go:155.9,155.28 1 1655
github.com/open-telemetry/opentelemetry-collector-contrib/receiver/newrelicsqlserverreceiver/helpers/sql_normalizer.go:155.28,157.31 1 15
github.com/open-telemetry/opentelemetry-collector-contrib/receiver/newrelicsqlserverreceiver/helpers/sql_normalizer.go:157.31,160.5 2 6
github.com/open-telemetry/opentelemetry-collector-contrib/receiver/newrelicsqlserverreceiver/helpers/sql_normalizer.go:160.10,163.5 2 9
github.com/open-telemetry/opentelemetry-collector-contrib/receiver/newrelicsqlserverreceiver/helpers/sql_normalizer.go:164.9,164.37 1 1640
github.com/open-telemetry/opentelemetry-collector-contrib/receiver/newrelicsqlserverreceiver/helpers/sql_normalizer.go:164.37,168.4 2 22
github.com/open-telemetry/opentelemetry-collector-contrib/receiver/newrelicsqlserverreceiver/helpers/sql_normalizer.go:168.9,168.34 1 1618
github.com/open-telemetry/opentelemetry-collector-contrib/receiver/newrelicsqlserverreceiver/helpers/sql_normalizer.go:168.34,172.4 2 13
github.com/open-telemetry/opentelemetry-collector-contrib/receiver/newrelicsqlserverreceiver/helpers/sql_normalizer.go:172.9,176.4 2 1605
github.com/open-telemetry/opentelemetry-collector-contrib/receiver/newrelicsqlserverreceiver/helpers/sql_normalizer.go:179.2,179.24 1 35
github.com/open-telemetry/opentelemetry-collector-contrib/receiver/newrelicsqlserverreceiver/helpers/sql_normalizer.go:183.51,185.18 2 15
github.com/open-telemetry/opentelemetry-collector-contrib/receiver/newrelicsqlserverreceiver/helpers/sql_normalizer.go:185.18,187.3 1 0
github.com/open-telemetry/opentelemetry-collector-contrib/receiver/newrelicsqlserverreceiver/helpers/sql_normalizer.go:190.2,191.50 2 15
github.com/open-telemetry/opentelemetry-collector-contrib/receiver/newrelicsqlserverreceiver/helpers/sql_normalizer.go:191.50,193.3 1 12
github.com/open-telemetry/opentelemetry-collector-contrib/receiver/newrelicsqlserverreceiver/helpers/sql_normalizer.go:196.2,196.13 1 15
github.com/open-telemetry/opentelemetry-collector-contrib/receiver/newrelicsqlserverreceiver/helpers/sql_normalizer.go:196.13,198.3 1 0
github.com/open-telemetry/opentelemetry-collector-contrib/receiver/newrelicsqlserverreceiver/helpers/sql_normalizer.go:201.2,201.42 1 15
github.com/open-telemetry/opentelemetry-collector-contrib/receiver/newrelicsqlserverreceiver/helpers/sql_normalizer.go:201.42,204.3 1 6
github.com/open-telemetry/opentelemetry-collector-contrib/receiver/newrelicsqlserverreceiver/helpers/sql_normalizer.go:206.2,206.14 1 9
github.com/open-telemetry/opentelemetry-collector-contrib/receiver/newrelicsqlserverreceiver/helpers/sql_normalizer.go:210.36,212.2 1 6
github.com/open-telemetry/opentelemetry-collector-contrib/receiver/newrelicsqlserverreceiver/helpers/sql_normalizer.go:217.52,221.20 2 1622
github.com/open-telemetry/opentelemetry-collector-contrib/receiver/newrelicsqlserverreceiver/helpers/sql_normalizer.go:221.20,223.3 1 1
github.com/open-telemetry/opentelemetry-collector-contrib/receiver/newrelicsqlserverreceiver/helpers/sql_normalizer.go:226.2,226.20 1 1621
github.com/open-telemetry/opentelemetry-collector-contrib/receiver/newrelicsqlserverreceiver/helpers/sql_normalizer.go:226.20,228.23 1 15
github.com/open-telemetry/opentelemetry-collector-contrib/receiver/newrelicsqlserverreceiver/helpers/sql_normalizer.go:228.23,230.4 1 0
github.com/open-telemetry/opentelemetry-collector-contrib/receiver/newrelicsqlserverreceiver/helpers/sql_normalizer.go:232.3,234.84 2 15
github.com/open-telemetry/opentelemetry-collector-contrib/receiver/newrelicsqlserverreceiver/helpers/sql_normalizer.go:237.2,237.14 1 1606
github.com/open-telemetry/opentelemetry-collector-contrib/receiver/newrelicsqlserverreceiver/helpers/sql_normalizer.go:241.49,244.20 2 16
github.com/open-telemetry/opentelemetry-collector-contrib/receiver/newrelicsqlserverreceiver/helpers/sql_normalizer.go:244.20,247.3 2 1
github.com/open-telemetry/opentelemetry-collector-contrib/receiver/newrelicsqlserverreceiver/helpers/sql_normalizer.go:250.2,250.20 1 15
github.com/open-telemetry/opentelemetry-collector-contrib/receiver/newrelicsqlserverreceiver/helpers/sql_normalizer.go:250.20,253.23 2 15
github.com/open-telemetry/opentelemetry-collector-contrib/receiver/newrelicsqlserverreceiver/helpers/sql_normalizer.go:253.23,255.73 2 74
github.com/open-telemetry/opentelemetry-collector-contrib/receiver/newrelicsqlserverreceiver/helpers/sql_normalizer.go:255.73,257.5 1 64
github.com/open-telemetry/opentelemetry-collector-contrib/receiver/newrelicsqlserverreceiver/helpers/sql_normalizer.go:257.10,258.10 1 10
github.com/open-telemetry/opentelemetry-collector-contrib/receiver/newrelicsqlserverreceiver/helpers/sql_normalizer.go:265.55,269.73 2 1653
github.com/open-telemetry/opentelemetry-collector-contrib/receiver/newrelicsqlserverreceiver/helpers/sql_normalizer.go:269.73,271.3 1 1619
github.com/open-telemetry/opentelemetry-collector-contrib/receiver/newrelicsqlserverreceiver/helpers/sql_normalizer.go:274.2,274.38 1 34
github.com/open-telemetry/opentelemetry-collector-contrib/receiver/newrelicsqlserverreceiver/helpers/sql_normalizer.go:274.38,275.23 1 4
github.com/open-telemetry/opentelemetry-collector-contrib/receiver/newrelicsqlserverreceiver/helpers/sql_normalizer.go:275.23,277.4 1 0
github.com/open-telemetry/opentelemetry-collector-contrib/receiver/newrelicsqlserverreceiver/helpers/sql_normalizer.go:278.3,279.35 2 4
github.com/open-telemetry/opentelemetry-collector-contrib/receiver/newrelicsqlserverreceiver/helpers/sql_normalizer.go:279.35,281.4 1 3
github.com/open-telemetry/opentelemetry-collector-contrib/receiver/newrelicsqlserverreceiver/helpers/sql_normalizer.go:286.2,286.19 1 31
github.com/open-telemetry/opentelemetry-collector-contrib/receiver/newrelicsqlserverreceiver/helpers/sql_normalizer.go:286.19,288.65 2 31
github.com/open-telemetry/opentelemetry-collector-contrib/receiver/newrelicsqlserverreceiver/helpers/sql_normalizer.go:288.65,290.4 1 0
github.com/open-telemetry/opentelemetry-collector-contrib/receiver/newrelicsqlserverreceiver/helpers/sql_normalizer.go:293.2,293.13 1 31
github.com/open-telemetry/opentelemetry-collector-contrib/receiver/newrelicsqlserverreceiver/helpers/sql_normalizer.go:297.52,299.54 1 31
github.com/open-telemetry/opentelemetry-collector-contrib/receiver/newrelicsqlserverreceiver/helpers/sql_normalizer.go:299.54,301.3 1 1
github.com/open-telemetry/opentelemetry-collector-contrib/receiver/newrelicsqlserverreceiver/helpers/sql_normalizer.go:304.2,304.64 1 31
github.com/open-telemetry/opentelemetry-collector-contrib/receiver/newrelicsqlserverreceiver/helpers/sql_normalizer.go:304.64,306.3 1 64
github.com/open-telemetry/opentelemetry-collector-contrib/receiver/newrelicsqlserverreceiver/helpers/sql_normalizer.go:309.2,309.47 1 31
github.com/open-telemetry/opentelemetry-collector-contrib/receiver/newrelicsqlserverreceiver/helpers/sql_normalizer.go:309.47,311.65 2 4
github.com/open-telemetry/opentelemetry-collector-contrib/receiver/newrelicsqlserverreceiver/helpers/sql_normalizer.go:311.65,313.4 1 7
github.com/open-telemetry/opentelemetry-collector-contrib/receiver/newrelicsqlserverreceiver/helpers/sql_normalizer.go:317.2,317.75 1 31
github.com/open-telemetry/opentelemetry-collector-contrib/receiver/newrelicsqlserverreceiver/helpers/sql_normalizer.go:317.75,320.76 2 1
github.com/open-telemetry/opentelemetry-collector-contrib/receiver/newrelicsqlserverreceiver/helpers/sql_normalizer.go:320.76,322.4 1 0
github.com/open-telemetry/opentelemetry-collector-contrib/receiver/newrelicsqlserverreceiver/helpers/sql_normalizer.go:324.3,324.65 1 1
github.com/open-telemetry/opentelemetry-collector-contrib/receiver/newrelicsqlserverreceiver/helpers/sql_normalizer.go:324.65,326.4 1 1
github.com/open-telemetry/opentelemetry-collector-contrib/receiver/newrelicsqlserverreceiver/helpers/sql_normalizer.go:331.51,335.22 2 16
github.com/open-telemetry/opentelemetry-collector-contrib/receiver/newrelicsqlserverreceiver/helpers/sql_normalizer.go:335.22,338.22 2 123
github.com/open-telemetry/opentelemetry-collector-contrib/receiver/newrelicsqlserverreceiver/helpers/sql_normalizer.go:338.22,340.47 1 17
github.com/open-telemetry/opentelemetry-collector-contrib/receiver/newrelicsqlserverreceiver/helpers/sql_normalizer.go:340.47,342.5 1 1
github.com/open-telemetry/opentelemetry-collector-contrib/receiver/newrelicsqlserverreceiver/helpers/sql_normalizer.go:342.10,345.5 2 16
github.com/open-telemetry/opentelemetry-collector-contrib/receiver/newrelicsqlserverreceiver/helpers/sql_normalizer.go:346.9,348.4 1 106
github.com/open-telemetry/opentelemetry-collector-contrib/receiver/newrelicsqlserverreceiver/helpers/sql_normalizer.go:353.61,357.28 2 6
github.com/open-telemetry/opentelemetry-collector-contrib/receiver/newrelicsqlserverreceiver/helpers/sql_normalizer.go:357.28,359.3 1 0
github.com/open-telemetry/opentelemetry-collector-contrib/receiver/newrelicsqlserverreceiver/helpers/sql_normalizer.go:360.2,366.22 4 6
github.com/open-telemetry/opentelemetry-collector-contrib/receiver/newrelicsqlserverreceiver/helpers/sql_normalizer.go:366.22,369.21 2 38
github.com/open-telemetry/opentelemetry-collector-contrib/receiver/newrelicsqlserverreceiver/helpers/sql_normalizer.go:369.21,371.9 2 5
github.com/open-telemetry/opentelemetry-collector-contrib/receiver/newrelicsqlserverreceiver/helpers/sql_normalizer.go:372.9,372.28 1 33
github.com/open-telemetry/opentelemetry-collector-contrib/receiver/newrelicsqlserverreceiver/helpers/sql_normalizer.go:372.28,375.4 2 9
github.com/open-telemetry/opentelemetry-collector-contrib/receiver/newrelicsqlserverreceiver/helpers/sql_normalizer.go:375.9,375.29 1 24
github.com/open-telemetry/opentelemetry-collector-contrib/receiver/newrelicsqlserverreceiver/helpers/sql_normalizer.go:375.29,378.4 2 2
github.com/open-telemetry/opentelemetry-collector-contrib/receiver/newrelicsqlserverreceiver/helpers/sql_normalizer.go:378.9,378.44 1 22
github.com/open-telemetry/opentelemetry-collector-contrib/receiver/newrelicsqlserverreceiver/helpers/sql_normalizer.go:378.44,380.4 1 9
github.com/open-telemetry/opentelemetry-collector-contrib/receiver/newrelicsqlserverreceiver/helpers/sql_normalizer.go:380.9,380.37 1 13
github.com/open-telemetry/opentelemetry-collector-contrib/receiver/newrelicsqlserverreceiver/helpers/sql_normalizer.go:380.37,383.4 2 9
github.com/open-telemetry/opentelemetry-collector-contrib/receiver/newrelicsqlserverreceiver/helpers/sql_normalizer.go:383.9,383.34 1 4
github.com/open-telemetry/opentelemetry-collector-contrib/receiver/newrelicsqlserverreceiver/helpers/sql_normalizer.go:383.34,386.4 2 3
github.com/open-telemetry/opentelemetry-collector-contrib/receiver/newrelicsqlserverreceiver/helpers/sql_normalizer.go:386.9,390.4 2 1
github.com/open-telemetry/opentelemetry-collector-contrib/receiver/newrelicsqlserverreceiver/helpers/sql_normalizer.go:394.2,394.41 1 5
github.com/open-telemetry/opentelemetry-collector-contrib/receiver/newrelicsqlserverreceiver/helpers/sql_normalizer.go:394.41,396.3 1 5
github.com/open-telemetry/opentelemetry-collector-contrib/receiver/newrelicsqlserverreceiver/helpers/sql_normalizer.go:399.2,399.21 1 0
github.com/open-telemetry/opentelemetry-collector-contrib/receiver/newrelicsqlserverreceiver/helpers/sql_normalizer.go:399.21,401.3 1 0
github.com/open-telemetry/opentelemetry-collector-contrib/receiver/newrelicsqlserverreceiver/helpers/sql_normalizer.go:404.2,405.16 2 0
github.com/open-telemetry/opentelemetry-collector-contrib/receiver/newrelicsqlserverreceiver/helpers/sql_normalizer.go:405.16,407.3 1 0
github.com/open-telemetry/opentelemetry-collector-contrib/receiver/newrelicsqlserverreceiver/helpers/sql_normalizer.go:408.2,408.13 1 0
github.com/open-telemetry/opentelemetry-collector-contrib/receiver/newrelicsqlserverreceiver/helpers/sql_normalizer.go:412.62,413.15 1 35
github.com/open-telemetry/opentelemetry-collector-contrib/receiver/newrelicsqlserverreceiver/helpers/sql_normalizer.go:413.15,415.3 1 0
github.com/open-telemetry/opentelemetry-collector-contrib/receiver/newrelicsqlserverreceiver/helpers/sql_normalizer.go:417.2,421.22 4 35
github.com/open-telemetry/opentelemetry-collector-contrib/receiver/newrelicsqlserverreceiver/helpers/sql_normalizer.go:421.22,424.63 2 1626
github.com/open-telemetry/opentelemetry-collector-contrib/receiver/newrelicsqlserverreceiver/helpers/sql_normalizer.go:424.63,428.4 2 1
github.com/open-telemetry/opentelemetry-collector-contrib/receiver/newrelicsqlserverreceiver/helpers/sql_normalizer.go:428.9,428.70 1 1625
github.com/open-telemetry/opentelemetry-collector-contrib/receiver/newrelicsqlserverreceiver/helpers/sql_normalizer.go:428.70,432.4 2 1
github.com/open-telemetry/opentelemetry-collector-contrib/receiver/newrelicsqlserverreceiver/helpers/sql_normalizer.go:432.9,432.44 1 1624
github.com/open-telemetry/opentelemetry-collector-contrib/receiver/newrelicsqlserverreceiver/helpers/sql_normalizer.go:432.44,434.32 1 336
github.com/open-telemetry/opentelemetry-collector-contrib/receiver/newrelicsqlserverreceiver/helpers/sql_normalizer.go:434.32,437.5 2 322
github.com/open-telemetry/opentelemetry-collector-contrib/receiver/newrelicsqlserverreceiver/helpers/sql_normalizer.go:438.4,438.19 1 336
github.com/open-telemetry/opentelemetry-collector-contrib/receiver/newrelicsqlserverreceiver/helpers/sql_normalizer.go:439.9,443.4 3 1288
github.com/open-telemetry/opentelemetry-collector-contrib/receiver/newrelicsqlserverreceiver/helpers/sql_normalizer.go:447.2,447.43 1 35
github.com/open-telemetry/opentelemetry-collector-contrib/receiver/newrelicsqlserverreceiver/helpers/sql_normalizer.go:451.55,453.22 1 1
github.com/open-telemetry/opentelemetry-collector-contrib/receiver/newrelicsqlserverreceiver/helpers/sql_normalizer.go:453.22,456.22 3 21
github.com/open-telemetry/opentelemetry-collector-contrib/receiver/newrelicsqlserverreceiver/helpers/sql_normalizer.go:456.22,457.9 1 1
github.com/open-telemetry/opentelemetry-collector-contrib/receiver/newrelicsqlserverreceiver/helpers/sql_normalizer.go:463.54,468.22 2 1
github.com/open-telemetry/opentelemetry-collector-contrib/receiver/newrelicsqlserverreceiver/helpers/sql_normalizer.go:468.22,469.71 1 31
github.com/open-telemetry/opentelemetry-collector-contrib/receiver/newrelicsqlserverreceiver/helpers/sql_normalizer.go:469.71,472.4 2 1
github.com/open-telemetry/opentelemetry-collector-contrib/receiver/newrelicsqlserverreceiver/helpers/sql_normalizer.go:473.3,473.18 1 30
github.com/open-telemetry/opentelemetry-collector-contrib/receiver/newrelicsqlserverreceiver/helpers/transaction_isolation_decoder.go:8.58,18.59 2 15
github.com/open-telemetry/opentelemetry-collector-contrib/receiver/newrelicsqlserverreceiver/helpers/transaction_isolation_decoder.go:18.59,20.3 1 12
github.com/open-telemetry/opentelemetry-collector-contrib/receiver/newrelicsqlserverreceiver/helpers/transaction_isolation_decoder.go:22.2,22.18 1 3
github.com/open-telemetry/opentelemetry-collector-contrib/receiver/newrelicsqlserverreceiver/helpers/transaction_isolation_decoder.go:26.55,36.56 2 28
github.com/open-telemetry/opentelemetry-collector-contrib/receiver/newrelicsqlserverreceiver/helpers/transaction_isolation_decoder.go:36.56,38.3 1 22
github.com/open-telemetry/opentelemetry-collector-contrib/receiver/newrelicsqlserverreceiver/helpers/transaction_isolation_decoder.go:40.2,40.34 1 6
github.com/open-telemetry/opentelemetry-collector-contrib/receiver/newrelicsqlserverreceiver/helpers/transaction_isolation_decoder.go:44.59,54.56 2 18
github.com/open-telemetry/opentelemetry-collector-contrib/receiver/newrelicsqlserverreceiver/helpers/transaction_isolation_decoder.go:54.56,56.3 1 15
github.com/open-telemetry/opentelemetry-collector-contrib/receiver/newrelicsqlserverreceiver/helpers/transaction_isolation_decoder.go:58.2,58.35 1 3
github.com/open-telemetry/opentelemetry-collector-contrib/receiver/newrelicsqlserverreceiver/helpers/transaction_isolation_decoder.go:62.49,63.15 1 14
github.com/open-telemetry/opentelemetry-collector-contrib/receiver/newrelicsqlserverreceiver/helpers/transaction_isolation_decoder.go:64.12,65.14 1 4
github.com/open-telemetry/opentelemetry-collector-contrib/receiver/newrelicsqlserverreceiver/helpers/transaction_isolation_decoder.go:66.9,67.14 1 2
github.com/open-telemetry/opentelemetry-collector-contrib/receiver/newrelicsqlserverreceiver/helpers/transaction_isolation_decoder.go:68.10,69.15 1 8
github.com/open-telemetry/opentelemetry-collector-contrib/receiver/newrelicsqlserverreceiver/helpers/transaction_isolation_decoder.go:74.48,84.42 2 18
github.com/open-telemetry/opentelemetry-collector-contrib/receiver/newrelicsqlserverreceiver/helpers/transaction_isolation_decoder.go:84.42,86.3 1 15
github.com/open-telemetry/opentelemetry-collector-contrib/receiver/newrelicsqlserverreceiver/helpers/transaction_isolation_decoder.go:88.2,88.29 1 3
github.com/open-telemetry/opentelemetry-collector-contrib/receiver/newrelicsqlserverreceiver/helpers/wait_decoder.go:13.45,14.41 1 18
github.com/open-telemetry/opentelemetry-collector-contrib/receiver/newrelicsqlserverreceiver/helpers/wait_decoder.go:14.41,16.3 1 2
github.com/open-telemetry/opentelemetry-collector-contrib/receiver/newrelicsqlserverreceiver/helpers/wait_decoder.go:18.2,20.58 2 16
github.com/open-telemetry/opentelemetry-collector-contrib/receiver/newrelicsqlserverreceiver/helpers/wait_decoder.go:20.58,22.3 1 14
github.com/open-telemetry/opentelemetry-collector-contrib/receiver/newrelicsqlserverreceiver/helpers/wait_decoder.go:25.2,25.48 1 2
github.com/open-telemetry/opentelemetry-collector-contrib/receiver/newrelicsqlserverreceiver/helpers/wait_decoder.go:25.48,27.3 1 1
github.com/open-telemetry/opentelemetry-collector-contrib/receiver/newrelicsqlserverreceiver/helpers/wait_decoder.go:28.2,28.42 1 1
github.com/open-telemetry/opentelemetry-collector-contrib/receiver/newrelicsqlserverreceiver/helpers/wait_decoder.go:28.42,30.3 1 0
github.com/open-telemetry/opentelemetry-collector-contrib/receiver/newrelicsqlserverreceiver/helpers/wait_decoder.go:31.2,31.43 1 1
github.com/open-telemetry/opentelemetry-collector-contrib/receiver/newrelicsqlserverreceiver/helpers/wait_decoder.go:31.43,33.3 1 0
github.com/open-telemetry/opentelemetry-collector-contrib/receiver/newrelicsqlserverreceiver/helpers/wait_decoder.go:34.2,34.49 1 1
github.com/open-telemetry/opentelemetry-collector-contrib/receiver/newrelicsqlserverreceiver/helpers/wait_decoder.go:34.49,36.3 1 0
github.com/open-telemetry/opentelemetry-collector-contrib/receiver/newrelicsqlserverreceiver/helpers/wait_decoder.go:39.2,39.17 1 1
github.com/open-telemetry/opentelemetry-collector-contrib/receiver/newrelicsqlserverreceiver/helpers/wait_decoder.go:43.50,44.41 1 62
github.com/open-telemetry/opentelemetry-collector-contrib/receiver/newrelicsqlserverreceiver/helpers/wait_decoder.go:44.41,46.3 1 2
github.com/open-telemetry/opentelemetry-collector-contrib/receiver/newrelicsqlserverreceiver/helpers/wait_decoder.go:48.2,48.9 1 60
github.com/open-telemetry/opentelemetry-collector-contrib/receiver/newrelicsqlserverreceiver/helpers/wait_decoder.go:52.50,53.23 1 3
github.com/open-telemetry/opentelemetry-collector-contrib/receiver/newrelicsqlserverreceiver/helpers/wait_decoder.go:60.58,61.20 1 14
github.com/open-telemetry/opentelemetry-collector-contrib/receiver/newrelicsqlserverreceiver/helpers/wait_decoder.go:64.45,65.19 1 24
github.com/open-telemetry/opentelemetry-collector-contrib/receiver/newrelicsqlserverreceiver/helpers/wait_decoder.go:69.82,70.18 1 2
github.com/open-telemetry/opentelemetry-collector-contrib/receiver/newrelicsqlserverreceiver/helpers/wait_decoder.go:74.36,75.19 1 2
github.com/open-telemetry/opentelemetry-collector-contrib/receiver/newrelicsqlserverreceiver/helpers/wait_decoder.go:78.102,79.15 1 2
github.com/open-telemetry/opentelemetry-collector-contrib/receiver/newrelicsqlserverreceiver/helpers/wait_decoder.go:82.88,83.17 1 9
github.com/open-telemetry/opentelemetry-collector-contrib/receiver/newrelicsqlserverreceiver/helpers/wait_decoder.go:86.50,87.19 1 1
github.com/open-telemetry/opentelemetry-collector-contrib/receiver/newrelicsqlserverreceiver/helpers/wait_decoder.go:90.87,91.20 1 1
github.com/open-telemetry/opentelemetry-collector-contrib/receiver/newrelicsqlserverreceiver/helpers/wait_decoder.go:94.93,95.26 1 0
github.com/open-telemetry/opentelemetry-collector-contrib/receiver/newrelicsqlserverreceiver/helpers/wait_decoder.go:98.82,99.15 1 0
github.com/open-telemetry/opentelemetry-collector-contrib/receiver/newrelicsqlserverreceiver/helpers/wait_decoder.go:102.83,103.28 1 0
github.com/open-telemetry/opentelemetry-collector-contrib/receiver/newrelicsqlserverreceiver/helpers/wait_decoder.go:106.43,107.23 1 0
github.com/open-telemetry/opentelemetry-collector-contrib/receiver/newrelicsqlserverreceiver/helpers/wait_decoder.go:111.43,112.26 1 0
github.com/open-telemetry/opentelemetry-collector-contrib/receiver/newrelicsqlserverreceiver/helpers/wait_decoder.go:115.83,116.27 1 0
github.com/open-telemetry/opentelemetry-collector-contrib/receiver/newrelicsqlserverreceiver/helpers/wait_decoder.go:119.85,120.18 1 0
github.com/open-telemetry/opentelemetry-collector-contrib/receiver/newrelicsqlserverreceiver/helpers/wait_decoder.go:124.40,125.23 1 0
github.com/open-telemetry/opentelemetry-collector-contrib/receiver/newrelicsqlserverreceiver/helpers/wait_decoder.go:128.44,129.23 1 0
github.com/open-telemetry/opentelemetry-collector-contrib/receiver/newrelicsqlserverreceiver/helpers/wait_decoder.go:132.103,133.17 1 0
github.com/open-telemetry/opentelemetry-collector-contrib/receiver/newrelicsqlserverreceiver/helpers/wait_decoder.go:137.92,138.20 1 0
github.com/open-telemetry/opentelemetry-collector-contrib/receiver/newrelicsqlserverreceiver/helpers/wait_decoder.go:141.85,142.22 1 0
github.com/open-telemetry/opentelemetry-collector-contrib/receiver/newrelicsqlserverreceiver/helpers/wait_decoder.go:145.45,146.17 1 0
github.com/open-telemetry/opentelemetry-collector-contrib/receiver/newrelicsqlserverreceiver/helpers/wait_decoder.go:149.52,150.25 1 0
github.com/open-telemetry/opentelemetry-collector-contrib/receiver/newrelicsqlserverreceiver/helpers/wait_decoder.go:157.88,158.22 1 0
github.com/open-telemetry/opentelemetry-collector-contrib/receiver/newrelicsqlserverreceiver/helpers/wait_decoder.go:160.10,161.17 1 2
github.com/open-telemetry/opentelemetry-collector-contrib/receiver/newrelicsqlserverreceiver/helpers/wait_decoder.go:169.81,170.24 1 43
github.com/open-telemetry/opentelemetry-collector-contrib/receiver/newrelicsqlserverreceiver/helpers/wait_decoder.go:170.24,172.3 1 1
github.com/open-telemetry/opentelemetry-collector-contrib/receiver/newrelicsqlserverreceiver/helpers/wait_decoder.go:176.2,177.76 2 42
github.com/open-telemetry/opentelemetry-collector-contrib/receiver/newrelicsqlserverreceiver/helpers/wait_decoder.go:177.76,183.3 5 6
github.com/open-telemetry/opentelemetry-collector-contrib/receiver/newrelicsqlserverreceiver/helpers/wait_decoder.go:187.2,188.77 2 36
github.com/open-telemetry/opentelemetry-collector-contrib/receiver/newrelicsqlserverreceiver/helpers/wait_decoder.go:188.77,194.3 5 4
github.com/open-telemetry/opentelemetry-collector-contrib/receiver/newrelicsqlserverreceiver/helpers/wait_decoder.go:198.2,199.76 2 32
github.com/open-telemetry/opentelemetry-collector-contrib/receiver/newrelicsqlserverreceiver/helpers/wait_decoder.go:199.76,206.3 6 3
github.com/open-telemetry/opentelemetry-collector-contrib/receiver/newrelicsqlserverreceiver/helpers/wait_decoder.go:210.2,211.79 2 29
github.com/open-telemetry/opentelemetry-collector-contrib/receiver/newrelicsqlserverreceiver/helpers/wait_decoder.go:211.79,217.3 5 3
github.com/open-telemetry/opentelemetry-collector-contrib/receiver/newrelicsqlserverreceiver/helpers/wait_decoder.go:221.2,222.81 2 26
github.com/open-telemetry/opentelemetry-collector-contrib/receiver/newrelicsqlserverreceiver/helpers/wait_decoder.go:222.81,226.3 3 3
github.com/open-telemetry/opentelemetry-collector-contrib/receiver/newrelicsqlserverreceiver/helpers/wait_decoder.go:230.2,231.77 2 23
github.com/open-telemetry/opentelemetry-collector-contrib/receiver/newrelicsqlserverreceiver/helpers/wait_decoder.go:231.77,236.3 4 3
github.com/open-telemetry/opentelemetry-collector-contrib/receiver/newrelicsqlserverreceiver/helpers/wait_decoder.go:240.2,241.79 2 20
github.com/open-telemetry/opentelemetry-collector-contrib/receiver/newrelicsqlserverreceiver/helpers/wait_decoder.go:241.79,247.3 5 3
github.com/open-telemetry/opentelemetry-collector-contrib/receiver/newrelicsqlserverreceiver/helpers/wait_decoder.go:251.2,252.77 2 17
github.com/open-telemetry/opentelemetry-collector-contrib/receiver/newrelicsqlserverreceiver/helpers/wait_decoder.go:252.77,256.3 3 4
github.com/open-telemetry/opentelemetry-collector-contrib/receiver/newrelicsqlserverreceiver/helpers/wait_decoder.go:260.2,261.84 2 13
github.com/open-telemetry/opentelemetry-collector-contrib/receiver/newrelicsqlserverreceiver/helpers/wait_decoder.go:261.84,266.3 4 2
github.com/open-telemetry/opentelemetry-collector-contrib/receiver/newrelicsqlserverreceiver/helpers/wait_decoder.go:270.2,271.83 2 11
github.com/open-telemetry/opentelemetry-collector-contrib/receiver/newrelicsqlserverreceiver/helpers/wait_decoder.go:271.83,274.3 2 0
github.com/open-telemetry/opentelemetry-collector-contrib/receiver/newrelicsqlserverreceiver/helpers/wait_decoder.go:278.2,279.81 2 11
github.com/open-telemetry/opentelemetry-collector-contrib/receiver/newrelicsqlserverreceiver/helpers/wait_decoder.go:279.81,288.3 5 0
github.com/open-telemetry/opentelemetry-collector-contrib/receiver/newrelicsqlserverreceiver/helpers/wait_decoder.go:292.2,293.87 2 11
github.com/open-telemetry/opentelemetry-collector-contrib/receiver/newrelicsqlserverreceiver/helpers/wait_decoder.go:293.87,297.3 3 0
github.com/open-telemetry/opentelemetry-collector-contrib/receiver/newrelicsqlserverreceiver/helpers/wait_decoder.go:300.2,300.32 1 11
github.com/open-telemetry/opentelemetry-collector-contrib/receiver/newrelicsqlserverreceiver/helpers/wait_decoder.go:305.50,336.46 2 6
github.com/open-telemetry/opentelemetry-collector-contrib/receiver/newrelicsqlserverreceiver/helpers/wait_decoder.go:336.46,338.3 1 0
github.com/open-telemetry/opentelemetry-collector-contrib/receiver/newrelicsqlserverreceiver/helpers/wait_decoder.go:339.2,339.11 1 6
github.com/open-telemetry/opentelemetry-collector-contrib/receiver/newrelicsqlserverreceiver/helpers/wait_decoder.go:346.61,347.46 1 7
github.com/open-telemetry/opentelemetry-collector-contrib/receiver/newrelicsqlserverreceiver/helpers/wait_decoder.go:347.46,349.3 1 2
github.com/open-telemetry/opentelemetry-collector-contrib/receiver/newrelicsqlserverreceiver/helpers/wait_decoder.go:353.2,356.22 3 5
github.com/open-telemetry/opentelemetry-collector-contrib/receiver/newrelicsqlserverreceiver/helpers/wait_decoder.go:356.22,358.3 1 2
github.com/open-telemetry/opentelemetry-collector-contrib/receiver/newrelicsqlserverreceiver/helpers/wait_decoder.go:361.2,363.16 3 3
github.com/open-telemetry/opentelemetry-collector-contrib/receiver/newrelicsqlserverreceiver/helpers/wait_decoder.go:363.16,365.3 1 0
github.com/open-telemetry/opentelemetry-collector-contrib/receiver/newrelicsqlserverreceiver/helpers/wait_decoder.go:367.2,367.15 1 3
github.com/open-telemetry/opentelemetry-collector-contrib/receiver/newrelicsqlserverreceiver/helpers/wait_type_map.go:8.50,334.2 1 16
github.com/open-telemetry/opentelemetry-collector-contrib/receiver/newrelicsqlserverreceiver/queries/engine_selector.go:81.51,82.23 1 4
github.com/open-telemetry/opentelemetry-collector-contrib/receiver/newrelicsqlserverreceiver/queries/engine_selector.go:83.37,84.28 1 1
github.com/open-telemetry/opentelemetry-collector-contrib/receiver/newrelicsqlserverreceiver/queries/engine_selector.go:85.44,86.35 1 0
github.com/open-telemetry/opentelemetry-collector-contrib/receiver/newrelicsqlserverreceiver/queries/engine_selector.go:87.10,88.19 1 3
github.com/open-telemetry/opentelemetry-collector-contrib/receiver/newrelicsqlserverreceiver/queries/engine_selector.go:116.76,129.16 3 0
github.com/open-telemetry/opentelemetry-collector-contrib/receiver/newrelicsqlserverreceiver/queries/engine_selector.go:129.16,132.3 1 0
github.com/open-telemetry/opentelemetry-collector-contrib/receiver/newrelicsqlserverreceiver/queries/engine_selector.go:134.2,134.27 1 0
github.com/open-telemetry/opentelemetry-collector-contrib/receiver/newrelicsqlserverreceiver/queries/engine_selector.go:865.93,867.9 2 4
github.com/open-telemetry/opentelemetry-collector-contrib/receiver/newrelicsqlserverreceiver/queries/engine_selector.go:867.9,870.3 1 0
github.com/open-telemetry/opentelemetry-collector-contrib/receiver/newrelicsqlserverreceiver/queries/engine_selector.go:871.2,871.44 1 4
github.com/open-telemetry/opentelemetry-collector-contrib/receiver/newrelicsqlserverreceiver/queries/engine_selector.go:875.106,878.37 2 4
github.com/open-telemetry/opentelemetry-collector-contrib/receiver/newrelicsqlserverreceiver/queries/engine_selector.go:878.37,879.40 1 15
github.com/open-telemetry/opentelemetry-collector-contrib/receiver/newrelicsqlserverreceiver/queries/engine_selector.go:879.40,881.4 1 3
github.com/open-telemetry/opentelemetry-collector-contrib/receiver/newrelicsqlserverreceiver/queries/engine_selector.go:885.2,885.53 1 1
github.com/open-telemetry/opentelemetry-collector-contrib/receiver/newrelicsqlserverreceiver/queries/engine_selector.go:885.53,887.45 2 0
github.com/open-telemetry/opentelemetry-collector-contrib/receiver/newrelicsqlserverreceiver/queries/engine_selector.go:887.45,888.41 1 0
github.com/open-telemetry/opentelemetry-collector-contrib/receiver/newrelicsqlserverreceiver/queries/engine_selector.go:888.41,890.5 1 0
github.com/open-telemetry/opentelemetry-collector-contrib/receiver/newrelicsqlserverreceiver/queries/engine_selector.go:894.2,894.18 1 1
github.com/open-telemetry/opentelemetry-collector-contrib/receiver/newrelicsqlserverreceiver/queries/engine_selector.go:899.97,901.37 2 0
github.com/open-telemetry/opentelemetry-collector-contrib/receiver/newrelicsqlserverreceiver/queries/engine_selector.go:901.37,902.40 1 0
github.com/open-telemetry/opentelemetry-collector-contrib/receiver/newrelicsqlserverreceiver/queries/engine_selector.go:902.40,904.4 1 0
github.com/open-telemetry/opentelemetry-collector-contrib/receiver/newrelicsqlserverreceiver/queries/engine_selector.go:906.2,906.14 1 0
github.com/open-telemetry/opentelemetry-collector-contrib/receiver/newrelicsqlserverreceiver/queries/engine_selector.go:910.50,911.23 1 4
github.com/open-telemetry/opentelemetry-collector-contrib/receiver/newrelicsqlserverreceiver/queries/engine_selector.go:912.38,913.31 1 1
github.com/open-telemetry/opentelemetry-collector-contrib/receiver/newrelicsqlserverreceiver/queries/engine_selector.go:914.37,915.30 1 1
github.com/open-telemetry/opentelemetry-collector-contrib/receiver/newrelicsqlserverreceiver/queries/engine_selector.go:916.44,917.38 1 1
github.com/open-telemetry/opentelemetry-collector-contrib/receiver/newrelicsqlserverreceiver/queries/engine_selector.go:918.10,919.67 1 1
github.com/open-telemetry/opentelemetry-collector-contrib/receiver/newrelicsqlserverreceiver/queries/engine_selector.go:924.53,925.26 1 5
github.com/open-telemetry/opentelemetry-collector-contrib/receiver/newrelicsqlserverreceiver/queries/engine_selector.go:925.26,927.3 1 3
github.com/open-telemetry/opentelemetry-collector-contrib/receiver/newrelicsqlserverreceiver/queries/engine_selector.go:928.2,928.31 1 2
github.com/open-telemetry/opentelemetry-collector-contrib/receiver/newrelicsqlserverreceiver/internal/metadata/generated_config.go:17.63,18.19 1 672
github.com/open-telemetry/opentelemetry-collector-contrib/receiver/newrelicsqlserverreceiver/internal/metadata/generated_config.go:18.19,20.3 1 0
github.com/open-telemetry/opentelemetry-collector-contrib/receiver/newrelicsqlserverreceiver/internal/metadata/generated_config.go:21.2,22.16 2 672
github.com/open-telemetry/opentelemetry-collector-contrib/receiver/newrelicsqlserverreceiver/internal/metadata/generated_config.go:22.16,24.3 1 0
github.com/open-telemetry/opentelemetry-collector-contrib/receiver/newrelicsqlserverreceiver/internal/metadata/generated_config.go:25.2,26.12 2 672
github.com/open-telemetry/opentelemetry-collector-contrib/receiver/newrelicsqlserverreceiver/internal/metadata/generated_config.go:201.43,708.2 1 9
github.com/open-telemetry/opentelemetry-collector-contrib/receiver/newrelicsqlserverreceiver/internal/metadata/generated_config.go:724.75,725.19 1 50
github.com/open-telemetry/opentelemetry-collector-contrib/receiver/newrelicsqlserverreceiver/internal/metadata/generated_config.go:725.19,727.3 1 0
github.com/open-telemetry/opentelemetry-collector-contrib/receiver/newrelicsqlserverreceiver/internal/metadata/generated_config.go:728.2,729.16 2 50
github.com/open-telemetry/opentelemetry-collector-contrib/receiver/newrelicsqlserverreceiver/internal/metadata/generated_config.go:729.16,731.3 1 0
github.com/open-telemetry/opentelemetry-collector-contrib/receiver/newrelicsqlserverreceiver/internal/metadata/generated_config.go:732.2,733.12 2 50
github.com/open-telemetry/opentelemetry-collector-contrib/receiver/newrelicsqlserverreceiver/internal/metadata/generated_config.go:745.65,763.2 1 16
github.com/open-telemetry/opentelemetry-collector-contrib/receiver/newrelicsqlserverreceiver/internal/metadata/generated_config.go:771.57,776.2 1 9
github.com/open-telemetry/opentelemetry-collector-contrib/receiver/newrelicsqlserverreceiver/internal/metadata/generated_metrics.go:704.56,709.2 4 8
github.com/open-telemetry/opentelemetry-collector-contrib/receiver/newrelicsqlserverreceiver/internal/metadata/generated_metrics.go:711.123,712.23 1 5
github.com/open-telemetry/opentelemetry-collector-contrib/receiver/newrelicsqlserverreceiver/internal/metadata/generated_metrics.go:712.23,714.3 1 1
github.com/open-telemetry/opentelemetry-collector-contrib/receiver/newrelicsqlserverreceiver/internal/metadata/generated_metrics.go:715.2,718.21 4 4
github.com/open-telemetry/opentelemetry-collector-contrib/receiver/newrelicsqlserverreceiver/internal/metadata/generated_metrics.go:722.66,723.52 1 4
github.com/open-telemetry/opentelemetry-collector-contrib/receiver/newrelicsqlserverreceiver/internal/metadata/generated_metrics.go:723.52,725.3 1 4
github.com/open-telemetry/opentelemetry-collector-contrib/receiver/newrelicsqlserverreceiver/internal/metadata/generated_metrics.go:729.83,730.63 1 5
github.com/open-telemetry/opentelemetry-collector-contrib/receiver/newrelicsqlserverreceiver/internal/metadata/generated_metrics.go:730.63,734.3 3 4
github.com/open-telemetry/opentelemetry-collector-contrib/receiver/newrelicsqlserverreceiver/internal/metadata/generated_metrics.go:737.103,739.17 2 5
github.com/open-telemetry/opentelemetry-collector-contrib/receiver/newrelicsqlserverreceiver/internal/metadata/generated_metrics.go:739.17,742.3 2 4
github.com/open-telemetry/opentelemetry-collector-contrib/receiver/newrelicsqlserverreceiver/internal/metadata/generated_metrics.go:743.2,743.10 1 5
github.com/open-telemetry/opentelemetry-collector-contrib/receiver/newrelicsqlserverreceiver/internal/metadata/generated_metrics.go:753.60,759.2 5 8
github.com/open-telemetry/opentelemetry-collector-contrib/receiver/newrelicsqlserverreceiver/internal/metadata/generated_metrics.go:761.1109,762.23 1 5
github.com/open-telemetry/opentelemetry-collector-contrib/receiver/newrelicsqlserverreceiver/internal/metadata/generated_metrics.go:762.23,764.3 1 1
github.com/open-telemetry/opentelemetry-collector-contrib/receiver/newrelicsqlserverreceiver/internal/metadata/generated_metrics.go:765.2,794.97 30 4
github.com/open-telemetry/opentelemetry-collector-contrib/receiver/newrelicsqlserverreceiver/internal/metadata/generated_metrics.go:798.70,799.52 1 4
github.com/open-telemetry/opentelemetry-collector-contrib/receiver/newrelicsqlserverreceiver/internal/metadata/generated_metrics.go:799.52,801.3 1 4
github.com/open-telemetry/opentelemetry-collector-contrib/receiver/newrelicsqlserverreceiver/internal/metadata/generated_metrics.go:805.87,806.63 1 5
github.com/open-telemetry/opentelemetry-collector-contrib/receiver/newrelicsqlserverreceiver/internal/metadata/generated_metrics.go:806.63,810.3 3 4
github.com/open-telemetry/opentelemetry-collector-contrib/receiver/newrelicsqlserverreceiver/internal/metadata/generated_metrics.go:813.111,815.17 2 5
github.com/open-telemetry/opentelemetry-collector-contrib/receiver/newrelicsqlserverreceiver/internal/metadata/generated_metrics.go:815.17,818.3 2 4
github.com/open-telemetry/opentelemetry-collector-contrib/receiver/newrelicsqlserverreceiver/internal/metadata/generated_metrics.go:819.2,819.10 1 5
github.com/open-telemetry/opentelemetry-collector-contrib/receiver/newrelicsqlserverreceiver/internal/metadata/generated_metrics.go:829.54,835.2 5 8
github.com/open-telemetry/opentelemetry-collector-contrib/receiver/newrelicsqlserverreceiver/internal/metadata/generated_metrics.go:837.433,838.23 1 5
github.com/open-telemetry/opentelemetry-collector-contrib/receiver/newrelicsqlserverreceiver/internal/metadata/generated_metrics.go:838.23,840.3 1 1
github.com/open-telemetry/opentelemetry-collector-contrib/receiver/newrelicsqlserverreceiver/internal/metadata/generated_metrics.go:841.2,852.80 12 4
github.com/open-telemetry/opentelemetry-collector-contrib/receiver/newrelicsqlserverreceiver/internal/metadata/generated_metrics.go:856.64,857.52 1 4
github.com/open-telemetry/opentelemetry-collector-contrib/receiver/newrelicsqlserverreceiver/internal/metadata/generated_metrics.go:857.52,859.3 1 4
github.com/open-telemetry/opentelemetry-collector-contrib/receiver/newrelicsqlserverreceiver/internal/metadata/generated_metrics.go:863.81,864.63 1 5
github.com/open-telemetry/opentelemetry-collector-contrib/receiver/newrelicsqlserverreceiver/internal/metadata/generated_metrics.go:864.63,868.3 3 4
github.com/open-telemetry/opentelemetry-collector-contrib/receiver/newrelicsqlserverreceiver/internal/metadata/generated_metrics.go:871.99,873.17 2 5
github.com/open-telemetry/opentelemetry-collector-contrib/receiver/newrelicsqlserverreceiver/internal/metadata/generated_metrics.go:873.17,876.3 2 4
github.com/open-telemetry/opentelemetry-collector-contrib/receiver/newrelicsqlserverreceiver/internal/metadata/generated_metrics.go:877.2,877.10 1 5
github.com/open-telemetry/opentelemetry-collector-contrib/receiver/newrelicsqlserverreceiver/internal/metadata/generated_metrics.go:887.53,892.2 4 8
github.com/open-telemetry/opentelemetry-collector-contrib/receiver/newrelicsqlserverreceiver/internal/metadata/generated_metrics.go:894.122,895.23 1 5
github.com/open-telemetry/opentelemetry-collector-contrib/receiver/newrelicsqlserverreceiver/internal/metadata/generated_metrics.go:895.23,897.3 1 1
github.com/open-telemetry/opentelemetry-collector-contrib/receiver/newrelicsqlserverreceiver/internal/metadata/generated_metrics.go:898.2,901.24 4 4
github.com/open-telemetry/opentelemetry-collector-contrib/receiver/newrelicsqlserverreceiver/internal/metadata/generated_metrics.go:905.63,906.52 1 4
github.com/open-telemetry/opentelemetry-collector-contrib/receiver/newrelicsqlserverreceiver/internal/metadata/generated_metrics.go:906.52,908.3 1 4
github.com/open-telemetry/opentelemetry-collector-contrib/receiver/newrelicsqlserverreceiver/internal/metadata/generated_metrics.go:912.80,913.63 1 5
github.com/open-telemetry/opentelemetry-collector-contrib/receiver/newrelicsqlserverreceiver/internal/metadata/generated_metrics.go:913.63,917.3 3 4
github.com/open-telemetry/opentelemetry-collector-contrib/receiver/newrelicsqlserverreceiver/internal/metadata/generated_metrics.go:920.97,922.17 2 5
github.com/open-telemetry/opentelemetry-collector-contrib/receiver/newrelicsqlserverreceiver/internal/metadata/generated_metrics.go:922.17,925.3 2 4
github.com/open-telemetry/opentelemetry-collector-contrib/receiver/newrelicsqlserverreceiver/internal/metadata/generated_metrics.go:926.2,926.10 1 5
github.com/open-telemetry/opentelemetry-collector-contrib/receiver/newrelicsqlserverreceiver/internal/metadata/generated_metrics.go:936.61,941.2 4 8
github.com/open-telemetry/opentelemetry-collector-contrib/receiver/newrelicsqlserverreceiver/internal/metadata/generated_metrics.go:943.128,944.23 1 5
github.com/open-telemetry/opentelemetry-collector-contrib/receiver/newrelicsqlserverreceiver/internal/metadata/generated_metrics.go:944.23,946.3 1 1
github.com/open-telemetry/opentelemetry-collector-contrib/receiver/newrelicsqlserverreceiver/internal/metadata/generated_metrics.go:947.2,950.21 4 4
github.com/open-telemetry/opentelemetry-collector-contrib/receiver/newrelicsqlserverreceiver/internal/metadata/generated_metrics.go:954.71,955.52 1 4
github.com/open-telemetry/opentelemetry-collector-contrib/receiver/newrelicsqlserverreceiver/internal/metadata/generated_metrics.go:955.52,957.3 1 4
github.com/open-telemetry/opentelemetry-collector-contrib/receiver/newrelicsqlserverreceiver/internal/metadata/generated_metrics.go:961.88,962.63 1 5
github.com/open-telemetry/opentelemetry-collector-contrib/receiver/newrelicsqlserverreceiver/internal/metadata/generated_metrics.go:962.63,966.3 3 4
github.com/open-telemetry/opentelemetry-collector-contrib/receiver/newrelicsqlserverreceiver/internal/metadata/generated_metrics.go:969.113,971.17 2 5
github.com/open-telemetry/opentelemetry-collector-contrib/receiver/newrelicsqlserverreceiver/internal/metadata/generated_metrics.go:971.17,974.3 2 4
github.com/open-telemetry/opentelemetry-collector-contrib/receiver/newrelicsqlserverreceiver/internal/metadata/generated_metrics.go:975.2,975.10 1 5
github.com/open-telemetry/opentelemetry-collector-contrib/receiver/newrelicsqlserverreceiver/internal/metadata/generated_metrics.go:985.58,990.2 4 8
github.com/open-telemetry/opentelemetry-collector-contrib/receiver/newrelicsqlserverreceiver/internal/metadata/generated_metrics.go:992.125,993.23 1 5
github.com/open-telemetry/opentelemetry-collector-contrib/receiver/newrelicsqlserverreceiver/internal/metadata/generated_metrics.go:993.23,995.3 1 1
github.com/open-telemetry/opentelemetry-collector-contrib/receiver/newrelicsqlserverreceiver/internal/metadata/generated_metrics.go:996.2,999.21 4 4
github.com/open-telemetry/opentelemetry-collector-contrib/receiver/newrelicsqlserverreceiver/internal/metadata/generated_metrics.go:1003.68,1004.52 1 4
github.com/open-telemetry/opentelemetry-collector-contrib/receiver/newrelicsqlserverreceiver/internal/metadata/generated_metrics.go:1004.52,1006.3 1 4
github.com/open-telemetry/opentelemetry-collector-contrib/receiver/newrelicsqlserverreceiver/internal/metadata/generated_metrics.go:1010.85,1011.63 1 5
github.com/open-telemetry/opentelemetry-collector-contrib/receiver/newrelicsqlserverreceiver/internal/metadata/generated_metrics.go:1011.63,1015.3 3 4
github.com/open-telemetry/opentelemetry-collector-contrib/receiver/newrelicsqlserverreceiver/internal/metadata/generated_metrics.go:1018.107,1020.17 2 5
github.com/open-telemetry/opentelemetry-collector-contrib/receiver/newrelicsqlserverreceiver/internal/metadata/generated_metrics.go:1020.17,1023.3 2 4
github.com/open-telemetry/opentelemetry-collector-contrib/receiver/newrelicsqlserverreceiver/internal/metadata/generated_metrics.go:1024.2,1024.10 1 5
github.com/open-telemetry/opentelemetry-collector-contrib/receiver/newrelicsqlserverreceiver/internal/metadata/generated_metrics.go:1034.63,1039.2 4 8
github.com/open-telemetry/opentelemetry-collector-contrib/receiver/newrelicsqlserverreceiver/internal/metadata/generated_metrics.go:1041.130,1042.23 1 5
github.com/open-telemetry/opentelemetry-collector-contrib/receiver/newrelicsqlserverreceiver/internal/metadata/generated_metrics.go:1042.23,1044.3 1 1
github.com/open-telemetry/opentelemetry-collector-contrib/receiver/newrelicsqlserverreceiver/internal/metadata/generated_metrics.go:1045.2,1048.21 4 4
github.com/open-telemetry/opentelemetry-collector-contrib/receiver/newrelicsqlserverreceiver/internal/metadata/generated_metrics.go:1052.73,1053.52 1 4
github.com/open-telemetry/opentelemetry-collector-contrib/receiver/newrelicsqlserverreceiver/internal/metadata/generated_metrics.go:1053.52,1055.3 1 4
github.com/open-telemetry/opentelemetry-collector-contrib/receiver/newrelicsqlserverreceiver/internal/metadata/generated_metrics.go:1059.90,1060.63 1 5
github.com/open-telemetry/opentelemetry-collector-contrib/receiver/newrelicsqlserverreceiver/internal/metadata/generated_metrics.go:1060.63,1064.3 3 4
github.com/open-telemetry/opentelemetry-collector-contrib/receiver/newrelicsqlserverreceiver/internal/metadata/generated_metrics.go:1067.117,1069.17 2 5
github.com/open-telemetry/opentelemetry-collector-contrib/receiver/newrelicsqlserverreceiver/internal/metadata/generated_metrics.go:1069.17,1072.3 2 4
github.com/open-telemetry/opentelemetry-collector-contrib/receiver/newrelicsqlserverreceiver/internal/metadata/generated_metrics.go:1073.2,1073.10 1 5
github.com/open-telemetry/opentelemetry-collector-contrib/receiver/newrelicsqlserverreceiver/internal/metadata/generated_metrics.go:1083.64,1088.2 4 8
github.com/open-telemetry/opentelemetry-collector-contrib/receiver/newrelicsqlserverreceiver/internal/metadata/generated_metrics.go:1090.133,1091.23 1 5
github.com/open-telemetry/opentelemetry-collector-contrib/receiver/newrelicsqlserverreceiver/internal/metadata/generated_metrics.go:1091.23,1093.3 1 1
github.com/open-telemetry/opentelemetry-collector-contrib/receiver/newrelicsqlserverreceiver/internal/metadata/generated_metrics.go:1094.2,1097.24 4 4
github.com/open-telemetry/opentelemetry-collector-contrib/receiver/newrelicsqlserverreceiver/internal/metadata/generated_metrics.go:1101.74,1102.52 1 4
github.com/open-telemetry/opentelemetry-collector-contrib/receiver/newrelicsqlserverreceiver/internal/metadata/generated_metrics.go:1102.52,1104.3 1 4
github.com/open-telemetry/opentelemetry-collector-contrib/receiver/newrelicsqlserverreceiver/internal/metadata/generated_metrics.go:1108.91,1109.63 1 5
github.com/open-telemetry/opentelemetry-collector-contrib/receiver/newrelicsqlserverreceiver/internal/metadata/generated_metrics.go:1109.63,1113.3 3 4
github.com/open-telemetry/opentelemetry-collector-contrib/receiver/newrelicsqlserverreceiver/internal/metadata/generated_metrics.go:1116.119,1118.17 2 5
github.com/open-telemetry/opentelemetry-collector-contrib/receiver/newrelicsqlserverreceiver/internal/metadata/generated_metrics.go:1118.17,1121.3 2 4
github.com/open-telemetry/opentelemetry-collector-contrib/receiver/newrelicsqlserverreceiver/internal/metadata/generated_metrics.go:1122.2,1122.10 1 5
github.com/open-telemetry/opentelemetry-collector-contrib/receiver/newrelicsqlserverreceiver/internal/metadata/generated_metrics.go:1132.49,1137.2 4 8
github.com/open-telemetry/opentelemetry-collector-contrib/receiver/newrelicsqlserverreceiver/internal/metadata/generated_metrics.go:1139.116,1140.23 1 5
github.com/open-telemetry/opentelemetry-collector-contrib/receiver/newrelicsqlserverreceiver/internal/metadata/generated_metrics.go:1140.23,1142.3 1 1
github.com/open-telemetry/opentelemetry-collector-contrib/receiver/newrelicsqlserverreceiver/internal/metadata/generated_metrics.go:1143.2,1146.21 4 4
github.com/open-telemetry/opentelemetry-collector-contrib/receiver/newrelicsqlserverreceiver/internal/metadata/generated_metrics.go:1150.59,1151.52 1 4
github.com/open-telemetry/opentelemetry-collector-contrib/receiver/newrelicsqlserverreceiver/internal/metadata/generated_metrics.go:1151.52,1153.3 1 4
github.com/open-telemetry/opentelemetry-collector-contrib/receiver/newrelicsqlserverreceiver/internal/metadata/generated_metrics.go:1157.76,1158.63 1 5
github.com/open-telemetry/opentelemetry-collector-contrib/receiver/newrelicsqlserverreceiver/internal/metadata/generated_metrics.go:1158.63,1162.3 3 4
github.com/open-telemetry/opentelemetry-collector-contrib/receiver/newrelicsqlserverreceiver/internal/metadata/generated_metrics.go:1165.89,1167.17 2 5
github.com/open-telemetry/opentelemetry-collector-contrib/receiver/newrelicsqlserverreceiver/internal/metadata/generated_metrics.go:1167.17,1170.3 2 4
github.com/open-telemetry/opentelemetry-collector-contrib/receiver/newrelicsqlserverreceiver/internal/metadata/generated_metrics.go:1171.2,1171.10 1 5
github.com/open-telemetry/opentelemetry-collector-contrib/receiver/newrelicsqlserverreceiver/internal/metadata/generated_metrics.go:1181.72,1187.2 5 8
github.com/open-telemetry/opentelemetry-collector-contrib/receiver/newrelicsqlserverreceiver/internal/metadata/generated_metrics.go:1189.282,1190.23 1 5
github.com/open-telemetry/opentelemetry-collector-contrib/receiver/newrelicsqlserverreceiver/internal/metadata/generated_metrics.go:1190.23,1192.3 1 1
github.com/open-telemetry/opentelemetry-collector-contrib/receiver/newrelicsqlserverreceiver/internal/metadata/generated_metrics.go:1193.2,1200.76 8 4
github.com/open-telemetry/opentelemetry-collector-contrib/receiver/newrelicsqlserverreceiver/internal/metadata/generated_metrics.go:1204.82,1205.52 1 4
github.com/open-telemetry/opentelemetry-collector-contrib/receiver/newrelicsqlserverreceiver/internal/metadata/generated_metrics.go:1205.52,1207.3 1 4
github.com/open-telemetry/opentelemetry-collector-contrib/receiver/newrelicsqlserverreceiver/internal/metadata/generated_metrics.go:1211.99,1212.63 1 5
github.com/open-telemetry/opentelemetry-collector-contrib/receiver/newrelicsqlserverreceiver/internal/metadata/generated_metrics.go:1212.63,1216.3 3 4
github.com/open-telemetry/opentelemetry-collector-contrib/receiver/newrelicsqlserverreceiver/internal/metadata/generated_metrics.go:1219.135,1221.17 2 5
github.com/open-telemetry/opentelemetry-collector-contrib/receiver/newrelicsqlserverreceiver/internal/metadata/generated_metrics.go:1221.17,1224.3 2 4
github.com/open-telemetry/opentelemetry-collector-contrib/receiver/newrelicsqlserverreceiver/internal/metadata/generated_metrics.go:1225.2,1225.10 1 5
github.com/open-telemetry/opentelemetry-collector-contrib/receiver/newrelicsqlserverreceiver/internal/metadata/generated_metrics.go:1235.51,1241.2 5 8
github.com/open-telemetry/opentelemetry-collector-contrib/receiver/newrelicsqlserverreceiver/internal/metadata/generated_metrics.go:1243.261,1244.23 1 5
github.com/open-telemetry/opentelemetry-collector-contrib/receiver/newrelicsqlserverreceiver/internal/metadata/generated_metrics.go:1244.23,1246.3 1 1
github.com/open-telemetry/opentelemetry-collector-contrib/receiver/newrelicsqlserverreceiver/internal/metadata/generated_metrics.go:1247.2,1254.76 8 4
github.com/open-telemetry/opentelemetry-collector-contrib/receiver/newrelicsqlserverreceiver/internal/metadata/generated_metrics.go:1258.61,1259.52 1 4
github.com/open-telemetry/opentelemetry-collector-contrib/receiver/newrelicsqlserverreceiver/internal/metadata/generated_metrics.go:1259.52,1261.3 1 4
github.com/open-telemetry/opentelemetry-collector-contrib/receiver/newrelicsqlserverreceiver/internal/metadata/generated_metrics.go:1265.78,1266.63 1 5
github.com/open-telemetry/opentelemetry-collector-contrib/receiver/newrelicsqlserverreceiver/internal/metadata/generated_metrics.go:1266.63,1270.3 3 4
github.com/open-telemetry/opentelemetry-collector-contrib/receiver/newrelicsqlserverreceiver/internal/metadata/generated_metrics.go:1273.93,1275.17 2 5
github.com/open-telemetry/opentelemetry-collector-contrib/receiver/newrelicsqlserverreceiver/internal/metadata/generated_metrics.go:1275.17,1278.3 2 4
github.com/open-telemetry/opentelemetry-collector-contrib/receiver/newrelicsqlserverreceiver/internal/metadata/generated_metrics.go:1279.2,1279.10 1 5
github.com/open-telemetry/opentelemetry-collector-contrib/receiver/newrelicsqlserverreceiver/internal/metadata/generated_metrics.go:1289.63,1295.2 5 8
github.com/open-telemetry/opentelemetry-collector-contrib/receiver/newrelicsqlserverreceiver/internal/metadata/generated_metrics.go:1297.238,1298.23 1 5
github.com/open-telemetry/opentelemetry-collector-contrib/receiver/newrelicsqlserverreceiver/internal/metadata/generated_metrics.go:1298.23,1300.3 1 1
github.com/open-telemetry/opentelemetry-collector-contrib/receiver/newrelicsqlserverreceiver/internal/metadata/generated_metrics.go:1301.2,1307.76 7 4
github.com/open-telemetry/opentelemetry-collector-contrib/receiver/newrelicsqlserverreceiver/internal/metadata/generated_metrics.go:1311.73,1312.52 1 4
github.com/open-telemetry/opentelemetry-collector-contrib/receiver/newrelicsqlserverreceiver/internal/metadata/generated_metrics.go:1312.52,1314.3 1 4
github.com/open-telemetry/opentelemetry-collector-contrib/receiver/newrelicsqlserverreceiver/internal/metadata/generated_metrics.go:1318.90,1319.63 1 5
[...]
github.com/open-telemetry/opentelemetry-collector-contrib/receiver/newrelicsqlserverreceiver/scrapers/scraper_user_connection_metrics.go:307.23,310.3 2 0
github.com/open-telemetry/opentelemetry-collector-contrib/receiver/newrelicsqlserverreceiver/scrapers/scraper_user_connection_metrics.go:312.2,317.33 2 0
github.com/open-telemetry/opentelemetry-collector-contrib/receiver/newrelicsqlserverreceiver/scrapers/scraper_user_connection_metrics.go:317.33,318.72 1 0
github.com/open-telemetry/opentelemetry-collector-contrib/receiver/newrelicsqlserverreceiver/scrapers/scraper_user_connection_metrics.go:318.72,323.4 2 0
github.com/open-telemetry/opentelemetry-collector-contrib/receiver/newrelicsqlserverreceiver/scrapers/scraper_user_connection_metrics.go:326.2,326.12 1 0
github.com/open-telemetry/opentelemetry-collector-contrib/receiver/newrelicsqlserverreceiver/scrapers/scraper_user_connection_metrics.go:330.101,335.12 3 0
github.com/open-telemetry/opentelemetry-collector-contrib/receiver/newrelicsqlserverreceiver/scrapers/scraper_user_connection_metrics.go:335.12,337.3 1 0
github.com/open-telemetry/opentelemetry-collector-contrib/receiver/newrelicsqlserverreceiver/scrapers/scraper_user_connection_metrics.go:339.2,344.65 3 0
github.com/open-telemetry/opentelemetry-collector-contrib/receiver/newrelicsqlserverreceiver/scrapers/scraper_user_connection_metrics.go:344.65,350.3 2 0
github.com/open-telemetry/opentelemetry-collector-contrib/receiver/newrelicsqlserverreceiver/scrapers/scraper_user_connection_metrics.go:353.2,353.23 1 0
github.com/open-telemetry/opentelemetry-collector-contrib/receiver/newrelicsqlserverreceiver/scrapers/scraper_user_connection_metrics.go:353.23,356.3 2 0
github.com/open-telemetry/opentelemetry-collector-contrib/receiver/newrelicsqlserverreceiver/scrapers/scraper_user_connection_metrics.go:358.2,363.33 2 0
github.com/open-telemetry/opentelemetry-collector-contrib/receiver/newrelicsqlserverreceiver/scrapers/scraper_user_connection_metrics.go:363.33,364.77 1 0
github.com/open-telemetry/opentelemetry-collector-contrib/receiver/newrelicsqlserverreceiver/scrapers/scraper_user_connection_metrics.go:364.77,368.4 2 0
github.com/open-telemetry/opentelemetry-collector-contrib/receiver/newrelicsqlserverreceiver/scrapers/scraper_user_connection_metrics.go:371.2,371.12 1 0
github.com/open-telemetry/opentelemetry-collector-contrib/receiver/newrelicsqlserverreceiver/scrapers/scraper_user_connection_metrics.go:375.118,381.40 3 0
github.com/open-telemetry/opentelemetry-collector-contrib/receiver/newrelicsqlserverreceiver/scrapers/scraper_user_connection_metrics.go:381.40,386.3 1 0
github.com/open-telemetry/opentelemetry-collector-contrib/receiver/newrelicsqlserverreceiver/scrapers/scraper_user_connection_metrics.go:389.2,389.39 1 0
github.com/open-telemetry/opentelemetry-collector-contrib/receiver/newrelicsqlserverreceiver/scrapers/scraper_user_connection_metrics.go:389.39,394.3 1 0
github.com/open-telemetry/opentelemetry-collector-contrib/receiver/newrelicsqlserverreceiver/scrapers/scraper_user_connection_metrics.go:397.2,397.38 1 0
github.com/open-telemetry/opentelemetry-collector-contrib/receiver/newrelicsqlserverreceiver/scrapers/scraper_user_connection_metrics.go:397.38,402.3 1 0
github.com/open-telemetry/opentelemetry-collector-contrib/receiver/newrelicsqlserverreceiver/scrapers/scraper_user_connection_metrics.go:405.2,405.40 1 0
github.com/open-telemetry/opentelemetry-collector-contrib/receiver/newrelicsqlserverreceiver/scrapers/scraper_user_connection_metrics.go:405.40,410.3 1 0
github.com/open-telemetry/opentelemetry-collector-contrib/receiver/newrelicsqlserverreceiver/scrapers/scraper_user_connection_metrics.go:413.2,413.39 1 0
github.com/open-telemetry/opentelemetry-collector-contrib/receiver/newrelicsqlserverreceiver/scrapers/scraper_user_connection_metrics.go:413.39,418.3 1 0
github.com/open-telemetry/opentelemetry-collector-contrib/receiver/newrelicsqlserverreceiver/scrapers/scraper_user_connection_metrics.go:420.2,420.12 1 0
github.com/open-telemetry/opentelemetry-collector-contrib/receiver/newrelicsqlserverreceiver/scrapers/scraper_user_connection_metrics.go:424.120,430.41 3 0
github.com/open-telemetry/opentelemetry-collector-contrib/receiver/newrelicsqlserverreceiver/scrapers/scraper_user_connection_metrics.go:430.41,435.3 1 0
github.com/open-telemetry/opentelemetry-collector-contrib/receiver/newrelicsqlserverreceiver/scrapers/scraper_user_connection_metrics.go:438.2,438.39 1 0
github.com/open-telemetry/opentelemetry-collector-contrib/receiver/newrelicsqlserverreceiver/scrapers/scraper_user_connection_metrics.go:438.39,443.3 1 0
github.com/open-telemetry/opentelemetry-collector-contrib/receiver/newrelicsqlserverreceiver/scrapers/scraper_user_connection_metrics.go:445.2,445.12 1 0
github.com/open-telemetry/opentelemetry-collector-contrib/receiver/newrelicsqlserverreceiver/scrapers/scraper_user_connection_metrics.go:449.121,454.35 2 0
github.com/open-telemetry/opentelemetry-collector-contrib/receiver/newrelicsqlserverreceiver/scrapers/scraper_user_connection_metrics.go:454.35,461.3 1 0
github.com/open-telemetry/opentelemetry-collector-contrib/receiver/newrelicsqlserverreceiver/scrapers/scraper_user_connection_metrics.go:463.2,463.12 1 0
github.com/open-telemetry/opentelemetry-collector-contrib/receiver/newrelicsqlserverreceiver/scrapers/scraper_user_connection_metrics.go:467.124,473.31 3 0
github.com/open-telemetry/opentelemetry-collector-contrib/receiver/newrelicsqlserverreceiver/scrapers/scraper_user_connection_metrics.go:473.31,478.3 1 0
github.com/open-telemetry/opentelemetry-collector-contrib/receiver/newrelicsqlserverreceiver/scrapers/scraper_user_connection_metrics.go:481.2,481.34 1 0
github.com/open-telemetry/opentelemetry-collector-contrib/receiver/newrelicsqlserverreceiver/scrapers/scraper_user_connection_metrics.go:481.34,486.3 1 0
github.com/open-telemetry/opentelemetry-collector-contrib/receiver/newrelicsqlserverreceiver/scrapers/scraper_user_connection_metrics.go:488.2,488.12 1 0
github.com/open-telemetry/opentelemetry-collector-contrib/receiver/newrelicsqlserverreceiver/scrapers/scraper_user_connection_metrics.go:492.106,498.37 3 0
github.com/open-telemetry/opentelemetry-collector-contrib/receiver/newrelicsqlserverreceiver/scrapers/scraper_user_connection_metrics.go:498.37,503.3 1 0
github.com/open-telemetry/opentelemetry-collector-contrib/receiver/newrelicsqlserverreceiver/scrapers/scraper_user_connection_metrics.go:506.2,506.38 1 0
github.com/open-telemetry/opentelemetry-collector-contrib/receiver/newrelicsqlserverreceiver/scrapers/scraper_user_connection_metrics.go:506.38,511.3 1 0
github.com/open-telemetry/opentelemetry-collector-contrib/receiver/newrelicsqlserverreceiver/scrapers/scraper_user_connection_metrics.go:514.2,514.37 1 0
github.com/open-telemetry/opentelemetry-collector-contrib/receiver/newrelicsqlserverreceiver/scrapers/scraper_user_connection_metrics.go:514.37,519.3 1 0
github.com/open-telemetry/opentelemetry-collector-contrib/receiver/newrelicsqlserverreceiver/scrapers/scraper_user_connection_metrics.go:522.2,522.39 1 0
github.com/open-telemetry/opentelemetry-collector-contrib/receiver/newrelicsqlserverreceiver/scrapers/scraper_user_connection_metrics.go:522.39,527.3 1 0
github.com/open-telemetry/opentelemetry-collector-contrib/receiver/newrelicsqlserverreceiver/scrapers/scraper_user_connection_metrics.go:529.2,529.12 1 0
github.com/open-telemetry/opentelemetry-collector-contrib/receiver/newrelicsqlserverreceiver/scrapers/scraper_wait_time_metrics.go:29.145,37.2 1 0
github.com/open-telemetry/opentelemetry-collector-contrib/receiver/newrelicsqlserverreceiver/scrapers/scraper_wait_time_metrics.go:40.79,43.2 2 0
github.com/open-telemetry/opentelemetry-collector-contrib/receiver/newrelicsqlserverreceiver/scrapers/scraper_wait_time_metrics.go:46.74,48.2 1 0
github.com/open-telemetry/opentelemetry-collector-contrib/receiver/newrelicsqlserverreceiver/scrapers/scraper_wait_time_metrics.go:51.76,53.12 2 0
github.com/open-telemetry/opentelemetry-collector-contrib/receiver/newrelicsqlserverreceiver/scrapers/scraper_wait_time_metrics.go:53.12,55.3 1 0
github.com/open-telemetry/opentelemetry-collector-contrib/receiver/newrelicsqlserverreceiver/scrapers/scraper_wait_time_metrics.go:57.2,58.65 2 0
github.com/open-telemetry/opentelemetry-collector-contrib/receiver/newrelicsqlserverreceiver/scrapers/scraper_wait_time_metrics.go:58.65,61.3 2 0
github.com/open-telemetry/opentelemetry-collector-contrib/receiver/newrelicsqlserverreceiver/scrapers/scraper_wait_time_metrics.go:63.2,63.23 1 0
github.com/open-telemetry/opentelemetry-collector-contrib/receiver/newrelicsqlserverreceiver/scrapers/scraper_wait_time_metrics.go:63.23,66.3 2 0
github.com/open-telemetry/opentelemetry-collector-contrib/receiver/newrelicsqlserverreceiver/scrapers/scraper_wait_time_metrics.go:68.2,70.33 2 0
github.com/open-telemetry/opentelemetry-collector-contrib/receiver/newrelicsqlserverreceiver/scrapers/scraper_wait_time_metrics.go:70.33,71.29 1 0
github.com/open-telemetry/opentelemetry-collector-contrib/receiver/newrelicsqlserverreceiver/scrapers/scraper_wait_time_metrics.go:71.29,72.12 1 0
github.com/open-telemetry/opentelemetry-collector-contrib/receiver/newrelicsqlserverreceiver/scrapers/scraper_wait_time_metrics.go:75.3,75.31 1 0
github.com/open-telemetry/opentelemetry-collector-contrib/receiver/newrelicsqlserverreceiver/scrapers/scraper_wait_time_metrics.go:75.31,81.4 1 0
github.com/open-telemetry/opentelemetry-collector-contrib/receiver/newrelicsqlserverreceiver/scrapers/scraper_wait_time_metrics.go:83.3,83.38 1 0
github.com/open-telemetry/opentelemetry-collector-contrib/receiver/newrelicsqlserverreceiver/scrapers/scraper_wait_time_metrics.go:83.38,89.4 1 0
github.com/open-telemetry/opentelemetry-collector-contrib/receiver/newrelicsqlserverreceiver/scrapers/scraper_wait_time_metrics.go:92.2,92.12 1 0
github.com/open-telemetry/opentelemetry-collector-contrib/receiver/newrelicsqlserverreceiver/scrapers/scraper_wait_time_metrics.go:96.81,98.12 2 0
github.com/open-telemetry/opentelemetry-collector-contrib/receiver/newrelicsqlserverreceiver/scrapers/scraper_wait_time_metrics.go:98.12,100.3 1 0
github.com/open-telemetry/opentelemetry-collector-contrib/receiver/newrelicsqlserverreceiver/scrapers/scraper_wait_time_metrics.go:102.2,103.65 2 0
github.com/open-telemetry/opentelemetry-collector-contrib/receiver/newrelicsqlserverreceiver/scrapers/scraper_wait_time_metrics.go:103.65,106.3 2 0
github.com/open-telemetry/opentelemetry-collector-contrib/receiver/newrelicsqlserverreceiver/scrapers/scraper_wait_time_metrics.go:108.2,108.23 1 0
github.com/open-telemetry/opentelemetry-collector-contrib/receiver/newrelicsqlserverreceiver/scrapers/scraper_wait_time_metrics.go:108.23,111.3 2 0
github.com/open-telemetry/opentelemetry-collector-contrib/receiver/newrelicsqlserverreceiver/scrapers/scraper_wait_time_metrics.go:113.2,115.33 2 0
github.com/open-telemetry/opentelemetry-collector-contrib/receiver/newrelicsqlserverreceiver/scrapers/scraper_wait_time_metrics.go:115.33,116.29 1 0
github.com/open-telemetry/opentelemetry-collector-contrib/receiver/newrelicsqlserverreceiver/scrapers/scraper_wait_time_metrics.go:116.29,117.12 1 0
github.com/open-telemetry/opentelemetry-collector-contrib/receiver/newrelicsqlserverreceiver/scrapers/scraper_wait_time_metrics.go:120.3,120.31 1 0
github.com/open-telemetry/opentelemetry-collector-contrib/receiver/newrelicsqlserverreceiver/scrapers/scraper_wait_time_metrics.go:120.31,126.4 1 0
github.com/open-telemetry/opentelemetry-collector-contrib/receiver/newrelicsqlserverreceiver/scrapers/scraper_wait_time_metrics.go:128.3,128.38 1 0
github.com/open-telemetry/opentelemetry-collector-contrib/receiver/newrelicsqlserverreceiver/scrapers/scraper_wait_time_metrics.go:128.38,134.4 1 0
github.com/open-telemetry/opentelemetry-collector-contrib/receiver/newrelicsqlserverreceiver/scrapers/scraper_wait_time_metrics.go:137.2,137.12 1 0
github.com/open-telemetry/opentelemetry-collector-contrib/receiver/newrelicsqlserverreceiver/scrapers/slow_query_smoother.go:89.133,91.52 1 0
github.com/open-telemetry/opentelemetry-collector-contrib/receiver/newrelicsqlserverreceiver/scrapers/slow_query_smoother.go:91.52,94.3 2 0
github.com/open-telemetry/opentelemetry-collector-contrib/receiver/newrelicsqlserverreceiver/scrapers/slow_query_smoother.go:95.2,95.25 1 0
github.com/open-telemetry/opentelemetry-collector-contrib/receiver/newrelicsqlserverreceiver/scrapers/slow_query_smoother.go:95.25,98.3 2 0
github.com/open-telemetry/opentelemetry-collector-contrib/receiver/newrelicsqlserverreceiver/scrapers/slow_query_smoother.go:99.2,99.17 1 0
github.com/open-telemetry/opentelemetry-collector-contrib/receiver/newrelicsqlserverreceiver/scrapers/slow_query_smoother.go:99.17,102.3 2 0
github.com/open-telemetry/opentelemetry-collector-contrib/receiver/newrelicsqlserverreceiver/scrapers/slow_query_smoother.go:104.2,110.3 1 0
github.com/open-telemetry/opentelemetry-collector-contrib/receiver/newrelicsqlserverreceiver/scrapers/slow_query_smoother.go:115.86,125.38 6 0
github.com/open-telemetry/opentelemetry-collector-contrib/receiver/newrelicsqlserverreceiver/scrapers/slow_query_smoother.go:125.38,126.60 1 0
github.com/open-telemetry/opentelemetry-collector-contrib/receiver/newrelicsqlserverreceiver/scrapers/slow_query_smoother.go:126.60,128.12 2 0
github.com/open-telemetry/opentelemetry-collector-contrib/receiver/newrelicsqlserverreceiver/scrapers/slow_query_smoother.go:131.3,135.14 4 0
github.com/open-telemetry/opentelemetry-collector-contrib/receiver/newrelicsqlserverreceiver/scrapers/slow_query_smoother.go:135.14,151.4 3 0
github.com/open-telemetry/opentelemetry-collector-contrib/receiver/newrelicsqlserverreceiver/scrapers/slow_query_smoother.go:151.9,166.4 6 0
github.com/open-telemetry/opentelemetry-collector-contrib/receiver/newrelicsqlserverreceiver/scrapers/slow_query_smoother.go:169.3,169.70 1 0
github.com/open-telemetry/opentelemetry-collector-contrib/receiver/newrelicsqlserverreceiver/scrapers/slow_query_smoother.go:174.2,174.42 1 0
github.com/open-telemetry/opentelemetry-collector-contrib/receiver/newrelicsqlserverreceiver/scrapers/slow_query_smoother.go:174.42,175.29 1 0
github.com/open-telemetry/opentelemetry-collector-contrib/receiver/newrelicsqlserverreceiver/scrapers/slow_query_smoother.go:175.29,182.20 4 0
github.com/open-telemetry/opentelemetry-collector-contrib/receiver/newrelicsqlserverreceiver/scrapers/slow_query_smoother.go:182.20,190.5 2 0
github.com/open-telemetry/opentelemetry-collector-contrib/receiver/newrelicsqlserverreceiver/scrapers/slow_query_smoother.go:190.10,199.5 2 0
github.com/open-telemetry/opentelemetry-collector-contrib/receiver/newrelicsqlserverreceiver/scrapers/slow_query_smoother.go:203.2,208.24 2 0
github.com/open-telemetry/opentelemetry-collector-contrib/receiver/newrelicsqlserverreceiver/scrapers/slow_query_smoother.go:214.110,221.77 4 0
github.com/open-telemetry/opentelemetry-collector-contrib/receiver/newrelicsqlserverreceiver/scrapers/slow_query_smoother.go:221.77,223.3 1 0
github.com/open-telemetry/opentelemetry-collector-contrib/receiver/newrelicsqlserverreceiver/scrapers/slow_query_smoother.go:226.2,226.69 1 0
github.com/open-telemetry/opentelemetry-collector-contrib/receiver/newrelicsqlserverreceiver/scrapers/slow_query_smoother.go:226.69,228.3 1 0
github.com/open-telemetry/opentelemetry-collector-contrib/receiver/newrelicsqlserverreceiver/scrapers/slow_query_smoother.go:230.2,230.17 1 0
github.com/open-telemetry/opentelemetry-collector-contrib/receiver/newrelicsqlserverreceiver/scrapers/slow_query_smoother.go:234.70,242.36 6 0
github.com/open-telemetry/opentelemetry-collector-contrib/receiver/newrelicsqlserverreceiver/scrapers/slow_query_smoother.go:242.36,243.36 1 0
github.com/open-telemetry/opentelemetry-collector-contrib/receiver/newrelicsqlserverreceiver/scrapers/slow_query_smoother.go:243.36,245.4 1 0
github.com/open-telemetry/opentelemetry-collector-contrib/receiver/newrelicsqlserverreceiver/scrapers/slow_query_smoother.go:245.9,247.4 1 0
github.com/open-telemetry/opentelemetry-collector-contrib/receiver/newrelicsqlserverreceiver/scrapers/slow_query_smoother.go:250.2,257.3 1 0
github.com/open-telemetry/opentelemetry-collector-contrib/receiver/newrelicsqlserverreceiver/scrapers/slow_query_smoother.go:261.37,267.2 4 0
github.com/open-telemetry/opentelemetry-collector-contrib/receiver/newrelicsqlserverreceiver/scrapers/slow_query_smoother.go:271.61,272.16 1 0
github.com/open-telemetry/opentelemetry-collector-contrib/receiver/newrelicsqlserverreceiver/scrapers/slow_query_smoother.go:272.16,274.3 1 0
github.com/open-telemetry/opentelemetry-collector-contrib/receiver/newrelicsqlserverreceiver/scrapers/slow_query_smoother.go:276.2,279.24 2 0
github.com/open-telemetry/opentelemetry-collector-contrib/receiver/newrelicsqlserverreceiver/scrapers/slow_query_smoother.go:279.24,281.3 1 0
github.com/open-telemetry/opentelemetry-collector-contrib/receiver/newrelicsqlserverreceiver/scrapers/slow_query_smoother.go:282.2,282.27 1 0
github.com/open-telemetry/opentelemetry-collector-contrib/receiver/newrelicsqlserverreceiver/scrapers/slow_query_smoother.go:282.27,284.3 1 0
github.com/open-telemetry/opentelemetry-collector-contrib/receiver/newrelicsqlserverreceiver/scrapers/slow_query_smoother.go:285.2,285.26 1 0
github.com/open-telemetry/opentelemetry-collector-contrib/receiver/newrelicsqlserverreceiver/scrapers/slow_query_smoother.go:285.26,287.3 1 0
github.com/open-telemetry/opentelemetry-collector-contrib/receiver/newrelicsqlserverreceiver/scrapers/slow_query_smoother.go:288.2,288.29 1 0
github.com/open-telemetry/opentelemetry-collector-contrib/receiver/newrelicsqlserverreceiver/scrapers/slow_query_smoother.go:288.29,290.3 1 0
github.com/open-telemetry/opentelemetry-collector-contrib/receiver/newrelicsqlserverreceiver/scrapers/slow_query_smoother.go:291.2,291.39 1 0
github.com/open-telemetry/opentelemetry-collector-contrib/receiver/newrelicsqlserverreceiver/scrapers/slow_query_smoother.go:291.39,293.3 1 0
github.com/open-telemetry/opentelemetry-collector-contrib/receiver/newrelicsqlserverreceiver/scrapers/slow_query_smoother.go:294.2,294.31 1 0
github.com/open-telemetry/opentelemetry-collector-contrib/receiver/newrelicsqlserverreceiver/scrapers/slow_query_smoother.go:294.31,296.3 1 0
github.com/open-telemetry/opentelemetry-collector-contrib/receiver/newrelicsqlserverreceiver/scrapers/slow_query_smoother.go:297.2,297.35 1 0
github.com/open-telemetry/opentelemetry-collector-contrib/receiver/newrelicsqlserverreceiver/scrapers/slow_query_smoother.go:297.35,299.3 1 0
github.com/open-telemetry/opentelemetry-collector-contrib/receiver/newrelicsqlserverreceiver/scrapers/slow_query_smoother.go:300.2,300.36 1 0
github.com/open-telemetry/opentelemetry-collector-contrib/receiver/newrelicsqlserverreceiver/scrapers/slow_query_smoother.go:300.36,302.3 1 0
github.com/open-telemetry/opentelemetry-collector-contrib/receiver/newrelicsqlserverreceiver/scrapers/slow_query_smoother.go:304.2,304.12 1 0
github.com/open-telemetry/opentelemetry-collector-contrib/receiver/newrelicsqlserverreceiver/scrapers/slow_query_smoother.go:307.43,309.2 1 0
github.com/open-telemetry/opentelemetry-collector-contrib/receiver/newrelicsqlserverreceiver/scrapers/slow_query_smoother.go:311.39,313.2 1 0
github.com/open-telemetry/opentelemetry-collector-contrib/receiver/newrelicsqlserverreceiver/scrapers/slow_query_smoother.go:315.42,317.2 1 0
github.com/open-telemetry/opentelemetry-collector-contrib/receiver/newrelicsqlserverreceiver/scrapers/slow_query_smoother.go:319.44,320.16 1 0
github.com/open-telemetry/opentelemetry-collector-contrib/receiver/newrelicsqlserverreceiver/scrapers/slow_query_smoother.go:320.16,322.3 1 0
github.com/open-telemetry/opentelemetry-collector-contrib/receiver/newrelicsqlserverreceiver/scrapers/slow_query_smoother.go:323.2,323.13 1 0
